{"C:\\Users\\rober\\OneDrive\\Desktop\\TrenGo\\TrenGo-IngegneriaDelSoftware\\server\\app.mjs": {"path":"C:\\Users\\rober\\OneDrive\\Desktop\\TrenGo\\TrenGo-IngegneriaDelSoftware\\server\\app.mjs","statementMap":{"0":{"start":{"line":10,"column":20},"end":{"line":10,"column":46}},"1":{"start":{"line":12,"column":15},"end":{"line":12,"column":23}},"2":{"start":{"line":15,"column":0},"end":{"line":15,"column":101}},"3":{"start":{"line":16,"column":0},"end":{"line":16,"column":34}},"4":{"start":{"line":17,"column":0},"end":{"line":17,"column":31}},"5":{"start":{"line":19,"column":0},"end":{"line":19,"column":29}},"6":{"start":{"line":20,"column":0},"end":{"line":20,"column":54}},"7":{"start":{"line":21,"column":0},"end":{"line":23,"column":4}},"8":{"start":{"line":24,"column":0},"end":{"line":28,"column":2}},"9":{"start":{"line":29,"column":0},"end":{"line":29,"column":27}}},"fnMap":{},"branchMap":{},"s":{"0":1,"1":1,"2":1,"3":1,"4":1,"5":1,"6":1,"7":1,"8":1,"9":1},"f":{},"b":{},"inputSourceMap":null,"_coverageSchema":"1a1c01bbd47fc00a2c39e90264f33305004495a9","hash":"0b789b25936983407ffd8c95f3a3de79f294b808"}
,"C:\\Users\\rober\\OneDrive\\Desktop\\TrenGo\\TrenGo-IngegneriaDelSoftware\\server\\src\\handlers\\followHandlers.mjs": {"path":"C:\\Users\\rober\\OneDrive\\Desktop\\TrenGo\\TrenGo-IngegneriaDelSoftware\\server\\src\\handlers\\followHandlers.mjs","statementMap":{"0":{"start":{"line":4,"column":20},"end":{"line":4,"column":29}},"1":{"start":{"line":12,"column":4},"end":{"line":57,"column":5}},"2":{"start":{"line":13,"column":29},"end":{"line":13,"column":39}},"3":{"start":{"line":14,"column":31},"end":{"line":14,"column":90}},"4":{"start":{"line":17,"column":8},"end":{"line":53,"column":9}},"5":{"start":{"line":18,"column":12},"end":{"line":21,"column":15}},"6":{"start":{"line":26,"column":27},"end":{"line":26,"column":61}},"7":{"start":{"line":27,"column":12},"end":{"line":29,"column":13}},"8":{"start":{"line":28,"column":16},"end":{"line":28,"column":79}},"9":{"start":{"line":32,"column":34},"end":{"line":32,"column":84}},"10":{"start":{"line":33,"column":12},"end":{"line":35,"column":13}},"11":{"start":{"line":34,"column":16},"end":{"line":34,"column":92}},"12":{"start":{"line":38,"column":12},"end":{"line":38,"column":51}},"13":{"start":{"line":39,"column":12},"end":{"line":39,"column":33}},"14":{"start":{"line":40,"column":12},"end":{"line":40,"column":50}},"15":{"start":{"line":43,"column":30},"end":{"line":43,"column":72}},"16":{"start":{"line":44,"column":12},"end":{"line":50,"column":15}},"17":{"start":{"line":52,"column":12},"end":{"line":52,"column":92}},"18":{"start":{"line":56,"column":8},"end":{"line":56,"column":102}},"19":{"start":{"line":66,"column":4},"end":{"line":103,"column":5}},"20":{"start":{"line":67,"column":29},"end":{"line":67,"column":39}},"21":{"start":{"line":68,"column":31},"end":{"line":68,"column":90}},"22":{"start":{"line":71,"column":8},"end":{"line":99,"column":9}},"23":{"start":{"line":72,"column":12},"end":{"line":75,"column":15}},"24":{"start":{"line":80,"column":27},"end":{"line":80,"column":61}},"25":{"start":{"line":81,"column":12},"end":{"line":83,"column":13}},"26":{"start":{"line":82,"column":16},"end":{"line":82,"column":79}},"27":{"start":{"line":86,"column":34},"end":{"line":86,"column":84}},"28":{"start":{"line":87,"column":12},"end":{"line":89,"column":13}},"29":{"start":{"line":88,"column":16},"end":{"line":88,"column":92}},"30":{"start":{"line":92,"column":12},"end":{"line":92,"column":122}},"31":{"start":{"line":92,"column":90},"end":{"line":92,"column":120}},"32":{"start":{"line":93,"column":12},"end":{"line":93,"column":39}},"33":{"start":{"line":94,"column":12},"end":{"line":94,"column":112}},"34":{"start":{"line":94,"column":75},"end":{"line":94,"column":110}},"35":{"start":{"line":95,"column":12},"end":{"line":95,"column":32}},"36":{"start":{"line":98,"column":12},"end":{"line":98,"column":100}},"37":{"start":{"line":102,"column":8},"end":{"line":102,"column":116}}},"fnMap":{"0":{"name":"follow","decl":{"start":{"line":11,"column":15},"end":{"line":11,"column":21}},"loc":{"start":{"line":11,"column":32},"end":{"line":58,"column":1}},"line":11},"1":{"name":"unfollow","decl":{"start":{"line":65,"column":15},"end":{"line":65,"column":23}},"loc":{"start":{"line":65,"column":34},"end":{"line":104,"column":1}},"line":65},"2":{"name":"(anonymous_2)","decl":{"start":{"line":92,"column":69},"end":{"line":92,"column":70}},"loc":{"start":{"line":92,"column":90},"end":{"line":92,"column":120}},"line":92},"3":{"name":"(anonymous_3)","decl":{"start":{"line":94,"column":55},"end":{"line":94,"column":56}},"loc":{"start":{"line":94,"column":75},"end":{"line":94,"column":110}},"line":94}},"branchMap":{"0":{"loc":{"start":{"line":14,"column":31},"end":{"line":14,"column":90}},"type":"cond-expr","locations":[{"start":{"line":14,"column":51},"end":{"line":14,"column":83}},{"start":{"line":14,"column":86},"end":{"line":14,"column":90}}],"line":14},"1":{"loc":{"start":{"line":17,"column":8},"end":{"line":53,"column":9}},"type":"if","locations":[{"start":{"line":17,"column":8},"end":{"line":53,"column":9}},{"start":{"line":24,"column":13},"end":{"line":53,"column":9}}],"line":17},"2":{"loc":{"start":{"line":27,"column":12},"end":{"line":29,"column":13}},"type":"if","locations":[{"start":{"line":27,"column":12},"end":{"line":29,"column":13}},{"start":{},"end":{}}],"line":27},"3":{"loc":{"start":{"line":33,"column":12},"end":{"line":35,"column":13}},"type":"if","locations":[{"start":{"line":33,"column":12},"end":{"line":35,"column":13}},{"start":{},"end":{}}],"line":33},"4":{"loc":{"start":{"line":68,"column":31},"end":{"line":68,"column":90}},"type":"cond-expr","locations":[{"start":{"line":68,"column":51},"end":{"line":68,"column":83}},{"start":{"line":68,"column":86},"end":{"line":68,"column":90}}],"line":68},"5":{"loc":{"start":{"line":71,"column":8},"end":{"line":99,"column":9}},"type":"if","locations":[{"start":{"line":71,"column":8},"end":{"line":99,"column":9}},{"start":{"line":78,"column":13},"end":{"line":99,"column":9}}],"line":71},"6":{"loc":{"start":{"line":81,"column":12},"end":{"line":83,"column":13}},"type":"if","locations":[{"start":{"line":81,"column":12},"end":{"line":83,"column":13}},{"start":{},"end":{}}],"line":81},"7":{"loc":{"start":{"line":87,"column":12},"end":{"line":89,"column":13}},"type":"if","locations":[{"start":{"line":87,"column":12},"end":{"line":89,"column":13}},{"start":{},"end":{}}],"line":87}},"s":{"0":1,"1":0,"2":0,"3":0,"4":0,"5":0,"6":0,"7":0,"8":0,"9":0,"10":0,"11":0,"12":0,"13":0,"14":0,"15":0,"16":0,"17":0,"18":0,"19":0,"20":0,"21":0,"22":0,"23":0,"24":0,"25":0,"26":0,"27":0,"28":0,"29":0,"30":0,"31":0,"32":0,"33":0,"34":0,"35":0,"36":0,"37":0},"f":{"0":0,"1":0,"2":0,"3":0},"b":{"0":[0,0],"1":[0,0],"2":[0,0],"3":[0,0],"4":[0,0],"5":[0,0],"6":[0,0],"7":[0,0]},"inputSourceMap":null,"_coverageSchema":"1a1c01bbd47fc00a2c39e90264f33305004495a9","hash":"e778b96b7b48f4ffc9614952cd8e4513aa26a145"}
,"C:\\Users\\rober\\OneDrive\\Desktop\\TrenGo\\TrenGo-IngegneriaDelSoftware\\server\\src\\handlers\\googleAuthHandlers.mjs": {"path":"C:\\Users\\rober\\OneDrive\\Desktop\\TrenGo\\TrenGo-IngegneriaDelSoftware\\server\\src\\handlers\\googleAuthHandlers.mjs","statementMap":{"0":{"start":{"line":4,"column":0},"end":{"line":4,"column":16}},"1":{"start":{"line":6,"column":21},"end":{"line":6,"column":45}},"2":{"start":{"line":7,"column":18},"end":{"line":7,"column":40}},"3":{"start":{"line":11,"column":4},"end":{"line":11,"column":87}},"4":{"start":{"line":16,"column":4},"end":{"line":21,"column":23}},"5":{"start":{"line":17,"column":8},"end":{"line":17,"column":38}},"6":{"start":{"line":17,"column":19},"end":{"line":17,"column":36}},"7":{"start":{"line":18,"column":8},"end":{"line":18,"column":55}},"8":{"start":{"line":18,"column":22},"end":{"line":18,"column":53}},"9":{"start":{"line":20,"column":8},"end":{"line":20,"column":239}}},"fnMap":{"0":{"name":"googleAuthentication","decl":{"start":{"line":10,"column":9},"end":{"line":10,"column":29}},"loc":{"start":{"line":10,"column":46},"end":{"line":12,"column":1}},"line":10},"1":{"name":"googleCallback","decl":{"start":{"line":15,"column":9},"end":{"line":15,"column":23}},"loc":{"start":{"line":15,"column":40},"end":{"line":22,"column":1}},"line":15},"2":{"name":"(anonymous_2)","decl":{"start":{"line":16,"column":38},"end":{"line":16,"column":39}},"loc":{"start":{"line":16,"column":54},"end":{"line":21,"column":5}},"line":16}},"branchMap":{"0":{"loc":{"start":{"line":17,"column":8},"end":{"line":17,"column":38}},"type":"if","locations":[{"start":{"line":17,"column":8},"end":{"line":17,"column":38}},{"start":{},"end":{}}],"line":17},"1":{"loc":{"start":{"line":18,"column":8},"end":{"line":18,"column":55}},"type":"if","locations":[{"start":{"line":18,"column":8},"end":{"line":18,"column":55}},{"start":{},"end":{}}],"line":18}},"s":{"0":1,"1":1,"2":1,"3":0,"4":0,"5":0,"6":0,"7":0,"8":0,"9":0},"f":{"0":0,"1":0,"2":0},"b":{"0":[0,0],"1":[0,0]},"inputSourceMap":null,"_coverageSchema":"1a1c01bbd47fc00a2c39e90264f33305004495a9","hash":"8b6b545e6caf724dc68ccd915298e335be7d3f47"}
,"C:\\Users\\rober\\OneDrive\\Desktop\\TrenGo\\TrenGo-IngegneriaDelSoftware\\server\\src\\handlers\\notificheHandlers.mjs": {"path":"C:\\Users\\rober\\OneDrive\\Desktop\\TrenGo\\TrenGo-IngegneriaDelSoftware\\server\\src\\handlers\\notificheHandlers.mjs","statementMap":{"0":{"start":{"line":12,"column":2},"end":{"line":73,"column":3}},"1":{"start":{"line":13,"column":58},"end":{"line":13,"column":66}},"2":{"start":{"line":14,"column":27},"end":{"line":14,"column":86}},"3":{"start":{"line":15,"column":19},"end":{"line":15,"column":21}},"4":{"start":{"line":18,"column":4},"end":{"line":69,"column":5}},"5":{"start":{"line":19,"column":6},"end":{"line":22,"column":9}},"6":{"start":{"line":26,"column":6},"end":{"line":31,"column":7}},"7":{"start":{"line":27,"column":31},"end":{"line":27,"column":75}},"8":{"start":{"line":28,"column":8},"end":{"line":30,"column":9}},"9":{"start":{"line":29,"column":10},"end":{"line":29,"column":134}},"10":{"start":{"line":34,"column":6},"end":{"line":36,"column":7}},"11":{"start":{"line":35,"column":8},"end":{"line":35,"column":105}},"12":{"start":{"line":39,"column":6},"end":{"line":41,"column":7}},"13":{"start":{"line":40,"column":8},"end":{"line":40,"column":95}},"14":{"start":{"line":44,"column":6},"end":{"line":45,"column":123}},"15":{"start":{"line":45,"column":8},"end":{"line":45,"column":123}},"16":{"start":{"line":48,"column":6},"end":{"line":49,"column":66}},"17":{"start":{"line":49,"column":8},"end":{"line":49,"column":66}},"18":{"start":{"line":52,"column":29},"end":{"line":52,"column":63}},"19":{"start":{"line":53,"column":6},"end":{"line":55,"column":7}},"20":{"start":{"line":54,"column":8},"end":{"line":54,"column":121}},"21":{"start":{"line":58,"column":27},"end":{"line":58,"column":66}},"22":{"start":{"line":61,"column":6},"end":{"line":63,"column":7}},"23":{"start":{"line":62,"column":8},"end":{"line":62,"column":33}},"24":{"start":{"line":66,"column":23},"end":{"line":66,"column":58}},"25":{"start":{"line":68,"column":6},"end":{"line":68,"column":73}},"26":{"start":{"line":72,"column":4},"end":{"line":72,"column":113}},"27":{"start":{"line":82,"column":2},"end":{"line":115,"column":3}},"28":{"start":{"line":83,"column":19},"end":{"line":83,"column":29}},"29":{"start":{"line":84,"column":27},"end":{"line":84,"column":86}},"30":{"start":{"line":87,"column":4},"end":{"line":111,"column":5}},"31":{"start":{"line":88,"column":6},"end":{"line":91,"column":9}},"32":{"start":{"line":96,"column":21},"end":{"line":96,"column":48}},"33":{"start":{"line":99,"column":6},"end":{"line":101,"column":7}},"34":{"start":{"line":100,"column":8},"end":{"line":100,"column":99}},"35":{"start":{"line":104,"column":6},"end":{"line":104,"column":104}},"36":{"start":{"line":105,"column":6},"end":{"line":105,"column":28}},"37":{"start":{"line":107,"column":6},"end":{"line":107,"column":86}},"38":{"start":{"line":107,"column":21},"end":{"line":107,"column":86}},"39":{"start":{"line":110,"column":6},"end":{"line":110,"column":73}},"40":{"start":{"line":114,"column":4},"end":{"line":114,"column":116}},"41":{"start":{"line":124,"column":2},"end":{"line":158,"column":3}},"42":{"start":{"line":125,"column":19},"end":{"line":125,"column":29}},"43":{"start":{"line":126,"column":27},"end":{"line":126,"column":86}},"44":{"start":{"line":129,"column":4},"end":{"line":154,"column":5}},"45":{"start":{"line":130,"column":6},"end":{"line":133,"column":9}},"46":{"start":{"line":138,"column":21},"end":{"line":138,"column":48}},"47":{"start":{"line":141,"column":6},"end":{"line":143,"column":7}},"48":{"start":{"line":142,"column":8},"end":{"line":142,"column":101}},"49":{"start":{"line":146,"column":6},"end":{"line":146,"column":54}},"50":{"start":{"line":148,"column":6},"end":{"line":150,"column":7}},"51":{"start":{"line":149,"column":8},"end":{"line":149,"column":73}},"52":{"start":{"line":153,"column":6},"end":{"line":153,"column":82}},"53":{"start":{"line":157,"column":4},"end":{"line":157,"column":110}},"54":{"start":{"line":167,"column":2},"end":{"line":207,"column":3}},"55":{"start":{"line":168,"column":25},"end":{"line":168,"column":35}},"56":{"start":{"line":169,"column":21},"end":{"line":169,"column":30}},"57":{"start":{"line":170,"column":27},"end":{"line":170,"column":86}},"58":{"start":{"line":173,"column":4},"end":{"line":203,"column":5}},"59":{"start":{"line":174,"column":6},"end":{"line":177,"column":9}},"60":{"start":{"line":182,"column":21},"end":{"line":182,"column":55}},"61":{"start":{"line":183,"column":6},"end":{"line":185,"column":7}},"62":{"start":{"line":184,"column":8},"end":{"line":184,"column":71}},"63":{"start":{"line":188,"column":6},"end":{"line":190,"column":7}},"64":{"start":{"line":189,"column":8},"end":{"line":189,"column":105}},"65":{"start":{"line":193,"column":21},"end":{"line":193,"column":33}},"66":{"start":{"line":194,"column":6},"end":{"line":196,"column":7}},"67":{"start":{"line":195,"column":8},"end":{"line":195,"column":31}},"68":{"start":{"line":199,"column":24},"end":{"line":199,"column":74}},"69":{"start":{"line":202,"column":6},"end":{"line":202,"column":38}},"70":{"start":{"line":206,"column":4},"end":{"line":206,"column":106}},"71":{"start":{"line":216,"column":2},"end":{"line":256,"column":3}},"72":{"start":{"line":217,"column":25},"end":{"line":217,"column":35}},"73":{"start":{"line":218,"column":21},"end":{"line":218,"column":30}},"74":{"start":{"line":219,"column":27},"end":{"line":219,"column":86}},"75":{"start":{"line":222,"column":4},"end":{"line":252,"column":5}},"76":{"start":{"line":223,"column":6},"end":{"line":226,"column":9}},"77":{"start":{"line":231,"column":21},"end":{"line":231,"column":55}},"78":{"start":{"line":232,"column":6},"end":{"line":234,"column":7}},"79":{"start":{"line":233,"column":8},"end":{"line":233,"column":71}},"80":{"start":{"line":237,"column":6},"end":{"line":239,"column":7}},"81":{"start":{"line":238,"column":8},"end":{"line":238,"column":100}},"82":{"start":{"line":242,"column":21},"end":{"line":242,"column":68}},"83":{"start":{"line":243,"column":6},"end":{"line":245,"column":7}},"84":{"start":{"line":244,"column":8},"end":{"line":244,"column":31}},"85":{"start":{"line":248,"column":6},"end":{"line":248,"column":90}},"86":{"start":{"line":251,"column":6},"end":{"line":251,"column":94}},"87":{"start":{"line":255,"column":4},"end":{"line":255,"column":117}},"88":{"start":{"line":265,"column":2},"end":{"line":305,"column":3}},"89":{"start":{"line":266,"column":25},"end":{"line":266,"column":35}},"90":{"start":{"line":267,"column":21},"end":{"line":267,"column":30}},"91":{"start":{"line":268,"column":27},"end":{"line":268,"column":86}},"92":{"start":{"line":271,"column":4},"end":{"line":301,"column":5}},"93":{"start":{"line":272,"column":6},"end":{"line":275,"column":9}},"94":{"start":{"line":280,"column":21},"end":{"line":280,"column":55}},"95":{"start":{"line":281,"column":6},"end":{"line":283,"column":7}},"96":{"start":{"line":282,"column":8},"end":{"line":282,"column":71}},"97":{"start":{"line":286,"column":6},"end":{"line":288,"column":7}},"98":{"start":{"line":287,"column":8},"end":{"line":287,"column":102}},"99":{"start":{"line":291,"column":21},"end":{"line":291,"column":33}},"100":{"start":{"line":292,"column":6},"end":{"line":294,"column":7}},"101":{"start":{"line":293,"column":8},"end":{"line":293,"column":31}},"102":{"start":{"line":297,"column":6},"end":{"line":297,"column":40}},"103":{"start":{"line":300,"column":6},"end":{"line":300,"column":97}},"104":{"start":{"line":304,"column":4},"end":{"line":304,"column":104}}},"fnMap":{"0":{"name":"postNotifica","decl":{"start":{"line":11,"column":15},"end":{"line":11,"column":27}},"loc":{"start":{"line":11,"column":38},"end":{"line":74,"column":1}},"line":11},"1":{"name":"setAsReadById","decl":{"start":{"line":81,"column":15},"end":{"line":81,"column":28}},"loc":{"start":{"line":81,"column":39},"end":{"line":116,"column":1}},"line":81},"2":{"name":"deleteNotificaById","decl":{"start":{"line":123,"column":15},"end":{"line":123,"column":33}},"loc":{"start":{"line":123,"column":44},"end":{"line":159,"column":1}},"line":123},"3":{"name":"getNotificheByUsername","decl":{"start":{"line":166,"column":15},"end":{"line":166,"column":37}},"loc":{"start":{"line":166,"column":48},"end":{"line":208,"column":1}},"line":166},"4":{"name":"setAllASReadByUsername","decl":{"start":{"line":215,"column":15},"end":{"line":215,"column":37}},"loc":{"start":{"line":215,"column":48},"end":{"line":257,"column":1}},"line":215},"5":{"name":"deleteNotificheByUsername","decl":{"start":{"line":264,"column":15},"end":{"line":264,"column":40}},"loc":{"start":{"line":264,"column":51},"end":{"line":306,"column":1}},"line":264}},"branchMap":{"0":{"loc":{"start":{"line":14,"column":27},"end":{"line":14,"column":86}},"type":"cond-expr","locations":[{"start":{"line":14,"column":47},"end":{"line":14,"column":79}},{"start":{"line":14,"column":82},"end":{"line":14,"column":86}}],"line":14},"1":{"loc":{"start":{"line":18,"column":4},"end":{"line":69,"column":5}},"type":"if","locations":[{"start":{"line":18,"column":4},"end":{"line":69,"column":5}},{"start":{"line":24,"column":9},"end":{"line":69,"column":5}}],"line":18},"2":{"loc":{"start":{"line":26,"column":6},"end":{"line":31,"column":7}},"type":"if","locations":[{"start":{"line":26,"column":6},"end":{"line":31,"column":7}},{"start":{},"end":{}}],"line":26},"3":{"loc":{"start":{"line":28,"column":8},"end":{"line":30,"column":9}},"type":"if","locations":[{"start":{"line":28,"column":8},"end":{"line":30,"column":9}},{"start":{},"end":{}}],"line":28},"4":{"loc":{"start":{"line":34,"column":6},"end":{"line":36,"column":7}},"type":"if","locations":[{"start":{"line":34,"column":6},"end":{"line":36,"column":7}},{"start":{},"end":{}}],"line":34},"5":{"loc":{"start":{"line":39,"column":6},"end":{"line":41,"column":7}},"type":"if","locations":[{"start":{"line":39,"column":6},"end":{"line":41,"column":7}},{"start":{},"end":{}}],"line":39},"6":{"loc":{"start":{"line":44,"column":6},"end":{"line":45,"column":123}},"type":"if","locations":[{"start":{"line":44,"column":6},"end":{"line":45,"column":123}},{"start":{},"end":{}}],"line":44},"7":{"loc":{"start":{"line":48,"column":6},"end":{"line":49,"column":66}},"type":"if","locations":[{"start":{"line":48,"column":6},"end":{"line":49,"column":66}},{"start":{},"end":{}}],"line":48},"8":{"loc":{"start":{"line":53,"column":6},"end":{"line":55,"column":7}},"type":"if","locations":[{"start":{"line":53,"column":6},"end":{"line":55,"column":7}},{"start":{},"end":{}}],"line":53},"9":{"loc":{"start":{"line":61,"column":6},"end":{"line":63,"column":7}},"type":"if","locations":[{"start":{"line":61,"column":6},"end":{"line":63,"column":7}},{"start":{},"end":{}}],"line":61},"10":{"loc":{"start":{"line":84,"column":27},"end":{"line":84,"column":86}},"type":"cond-expr","locations":[{"start":{"line":84,"column":47},"end":{"line":84,"column":79}},{"start":{"line":84,"column":82},"end":{"line":84,"column":86}}],"line":84},"11":{"loc":{"start":{"line":87,"column":4},"end":{"line":111,"column":5}},"type":"if","locations":[{"start":{"line":87,"column":4},"end":{"line":111,"column":5}},{"start":{"line":94,"column":9},"end":{"line":111,"column":5}}],"line":87},"12":{"loc":{"start":{"line":99,"column":6},"end":{"line":101,"column":7}},"type":"if","locations":[{"start":{"line":99,"column":6},"end":{"line":101,"column":7}},{"start":{},"end":{}}],"line":99},"13":{"loc":{"start":{"line":107,"column":6},"end":{"line":107,"column":86}},"type":"if","locations":[{"start":{"line":107,"column":6},"end":{"line":107,"column":86}},{"start":{},"end":{}}],"line":107},"14":{"loc":{"start":{"line":126,"column":27},"end":{"line":126,"column":86}},"type":"cond-expr","locations":[{"start":{"line":126,"column":47},"end":{"line":126,"column":79}},{"start":{"line":126,"column":82},"end":{"line":126,"column":86}}],"line":126},"15":{"loc":{"start":{"line":129,"column":4},"end":{"line":154,"column":5}},"type":"if","locations":[{"start":{"line":129,"column":4},"end":{"line":154,"column":5}},{"start":{"line":136,"column":9},"end":{"line":154,"column":5}}],"line":129},"16":{"loc":{"start":{"line":141,"column":6},"end":{"line":143,"column":7}},"type":"if","locations":[{"start":{"line":141,"column":6},"end":{"line":143,"column":7}},{"start":{},"end":{}}],"line":141},"17":{"loc":{"start":{"line":148,"column":6},"end":{"line":150,"column":7}},"type":"if","locations":[{"start":{"line":148,"column":6},"end":{"line":150,"column":7}},{"start":{},"end":{}}],"line":148},"18":{"loc":{"start":{"line":170,"column":27},"end":{"line":170,"column":86}},"type":"cond-expr","locations":[{"start":{"line":170,"column":47},"end":{"line":170,"column":79}},{"start":{"line":170,"column":82},"end":{"line":170,"column":86}}],"line":170},"19":{"loc":{"start":{"line":173,"column":4},"end":{"line":203,"column":5}},"type":"if","locations":[{"start":{"line":173,"column":4},"end":{"line":203,"column":5}},{"start":{"line":180,"column":9},"end":{"line":203,"column":5}}],"line":173},"20":{"loc":{"start":{"line":183,"column":6},"end":{"line":185,"column":7}},"type":"if","locations":[{"start":{"line":183,"column":6},"end":{"line":185,"column":7}},{"start":{},"end":{}}],"line":183},"21":{"loc":{"start":{"line":188,"column":6},"end":{"line":190,"column":7}},"type":"if","locations":[{"start":{"line":188,"column":6},"end":{"line":190,"column":7}},{"start":{},"end":{}}],"line":188},"22":{"loc":{"start":{"line":194,"column":6},"end":{"line":196,"column":7}},"type":"if","locations":[{"start":{"line":194,"column":6},"end":{"line":196,"column":7}},{"start":{},"end":{}}],"line":194},"23":{"loc":{"start":{"line":219,"column":27},"end":{"line":219,"column":86}},"type":"cond-expr","locations":[{"start":{"line":219,"column":47},"end":{"line":219,"column":79}},{"start":{"line":219,"column":82},"end":{"line":219,"column":86}}],"line":219},"24":{"loc":{"start":{"line":222,"column":4},"end":{"line":252,"column":5}},"type":"if","locations":[{"start":{"line":222,"column":4},"end":{"line":252,"column":5}},{"start":{"line":229,"column":9},"end":{"line":252,"column":5}}],"line":222},"25":{"loc":{"start":{"line":232,"column":6},"end":{"line":234,"column":7}},"type":"if","locations":[{"start":{"line":232,"column":6},"end":{"line":234,"column":7}},{"start":{},"end":{}}],"line":232},"26":{"loc":{"start":{"line":237,"column":6},"end":{"line":239,"column":7}},"type":"if","locations":[{"start":{"line":237,"column":6},"end":{"line":239,"column":7}},{"start":{},"end":{}}],"line":237},"27":{"loc":{"start":{"line":243,"column":6},"end":{"line":245,"column":7}},"type":"if","locations":[{"start":{"line":243,"column":6},"end":{"line":245,"column":7}},{"start":{},"end":{}}],"line":243},"28":{"loc":{"start":{"line":268,"column":27},"end":{"line":268,"column":86}},"type":"cond-expr","locations":[{"start":{"line":268,"column":47},"end":{"line":268,"column":79}},{"start":{"line":268,"column":82},"end":{"line":268,"column":86}}],"line":268},"29":{"loc":{"start":{"line":271,"column":4},"end":{"line":301,"column":5}},"type":"if","locations":[{"start":{"line":271,"column":4},"end":{"line":301,"column":5}},{"start":{"line":278,"column":9},"end":{"line":301,"column":5}}],"line":271},"30":{"loc":{"start":{"line":281,"column":6},"end":{"line":283,"column":7}},"type":"if","locations":[{"start":{"line":281,"column":6},"end":{"line":283,"column":7}},{"start":{},"end":{}}],"line":281},"31":{"loc":{"start":{"line":286,"column":6},"end":{"line":288,"column":7}},"type":"if","locations":[{"start":{"line":286,"column":6},"end":{"line":288,"column":7}},{"start":{},"end":{}}],"line":286},"32":{"loc":{"start":{"line":292,"column":6},"end":{"line":294,"column":7}},"type":"if","locations":[{"start":{"line":292,"column":6},"end":{"line":294,"column":7}},{"start":{},"end":{}}],"line":292}},"s":{"0":0,"1":0,"2":0,"3":0,"4":0,"5":0,"6":0,"7":0,"8":0,"9":0,"10":0,"11":0,"12":0,"13":0,"14":0,"15":0,"16":0,"17":0,"18":0,"19":0,"20":0,"21":0,"22":0,"23":0,"24":0,"25":0,"26":0,"27":0,"28":0,"29":0,"30":0,"31":0,"32":0,"33":0,"34":0,"35":0,"36":0,"37":0,"38":0,"39":0,"40":0,"41":0,"42":0,"43":0,"44":0,"45":0,"46":0,"47":0,"48":0,"49":0,"50":0,"51":0,"52":0,"53":0,"54":0,"55":0,"56":0,"57":0,"58":0,"59":0,"60":0,"61":0,"62":0,"63":0,"64":0,"65":0,"66":0,"67":0,"68":0,"69":0,"70":0,"71":0,"72":0,"73":0,"74":0,"75":0,"76":0,"77":0,"78":0,"79":0,"80":0,"81":0,"82":0,"83":0,"84":0,"85":0,"86":0,"87":0,"88":0,"89":0,"90":0,"91":0,"92":0,"93":0,"94":0,"95":0,"96":0,"97":0,"98":0,"99":0,"100":0,"101":0,"102":0,"103":0,"104":0},"f":{"0":0,"1":0,"2":0,"3":0,"4":0,"5":0},"b":{"0":[0,0],"1":[0,0],"2":[0,0],"3":[0,0],"4":[0,0],"5":[0,0],"6":[0,0],"7":[0,0],"8":[0,0],"9":[0,0],"10":[0,0],"11":[0,0],"12":[0,0],"13":[0,0],"14":[0,0],"15":[0,0],"16":[0,0],"17":[0,0],"18":[0,0],"19":[0,0],"20":[0,0],"21":[0,0],"22":[0,0],"23":[0,0],"24":[0,0],"25":[0,0],"26":[0,0],"27":[0,0],"28":[0,0],"29":[0,0],"30":[0,0],"31":[0,0],"32":[0,0]},"inputSourceMap":null,"_coverageSchema":"1a1c01bbd47fc00a2c39e90264f33305004495a9","hash":"a61e0cc625837eb131826796c096d00b871e2847"}
,"C:\\Users\\rober\\OneDrive\\Desktop\\TrenGo\\TrenGo-IngegneriaDelSoftware\\server\\src\\handlers\\proposteHandlers.mjs": {"path":"C:\\Users\\rober\\OneDrive\\Desktop\\TrenGo\\TrenGo-IngegneriaDelSoftware\\server\\src\\handlers\\proposteHandlers.mjs","statementMap":{"0":{"start":{"line":11,"column":22},"end":{"line":11,"column":33}},"1":{"start":{"line":19,"column":1},"end":{"line":66,"column":2}},"2":{"start":{"line":20,"column":25},"end":{"line":20,"column":84}},"3":{"start":{"line":21,"column":16},"end":{"line":21,"column":18}},"4":{"start":{"line":24,"column":39},"end":{"line":24,"column":48}},"5":{"start":{"line":27,"column":2},"end":{"line":63,"column":3}},"6":{"start":{"line":28,"column":3},"end":{"line":31,"column":4}},"7":{"start":{"line":30,"column":4},"end":{"line":30,"column":44}},"8":{"start":{"line":32,"column":3},"end":{"line":35,"column":4}},"9":{"start":{"line":34,"column":4},"end":{"line":34,"column":40}},"10":{"start":{"line":36,"column":3},"end":{"line":45,"column":4}},"11":{"start":{"line":37,"column":16},"end":{"line":37,"column":26}},"12":{"start":{"line":38,"column":22},"end":{"line":38,"column":62}},"13":{"start":{"line":41,"column":4},"end":{"line":44,"column":6}},"14":{"start":{"line":47,"column":20},"end":{"line":47,"column":46}},"15":{"start":{"line":49,"column":3},"end":{"line":51,"column":4}},"16":{"start":{"line":50,"column":4},"end":{"line":50,"column":78}},"17":{"start":{"line":53,"column":3},"end":{"line":53,"column":45}},"18":{"start":{"line":57,"column":31},"end":{"line":57,"column":87}},"19":{"start":{"line":58,"column":20},"end":{"line":58,"column":112}},"20":{"start":{"line":58,"column":96},"end":{"line":58,"column":106}},"21":{"start":{"line":59,"column":3},"end":{"line":61,"column":4}},"22":{"start":{"line":60,"column":4},"end":{"line":60,"column":78}},"23":{"start":{"line":62,"column":3},"end":{"line":62,"column":45}},"24":{"start":{"line":65,"column":2},"end":{"line":65,"column":110}},"25":{"start":{"line":94,"column":1},"end":{"line":104,"column":2}},"26":{"start":{"line":95,"column":30},"end":{"line":95,"column":86}},"27":{"start":{"line":96,"column":19},"end":{"line":96,"column":111}},"28":{"start":{"line":96,"column":95},"end":{"line":96,"column":105}},"29":{"start":{"line":97,"column":2},"end":{"line":99,"column":3}},"30":{"start":{"line":98,"column":3},"end":{"line":98,"column":77}},"31":{"start":{"line":100,"column":2},"end":{"line":100,"column":44}},"32":{"start":{"line":103,"column":2},"end":{"line":103,"column":110}},"33":{"start":{"line":113,"column":1},"end":{"line":124,"column":2}},"34":{"start":{"line":114,"column":25},"end":{"line":114,"column":57}},"35":{"start":{"line":115,"column":19},"end":{"line":115,"column":78}},"36":{"start":{"line":117,"column":2},"end":{"line":119,"column":3}},"37":{"start":{"line":118,"column":3},"end":{"line":118,"column":77}},"38":{"start":{"line":120,"column":2},"end":{"line":120,"column":44}},"39":{"start":{"line":123,"column":2},"end":{"line":123,"column":110}},"40":{"start":{"line":133,"column":1},"end":{"line":144,"column":2}},"41":{"start":{"line":134,"column":25},"end":{"line":134,"column":57}},"42":{"start":{"line":135,"column":19},"end":{"line":135,"column":72}},"43":{"start":{"line":137,"column":2},"end":{"line":139,"column":3}},"44":{"start":{"line":138,"column":3},"end":{"line":138,"column":77}},"45":{"start":{"line":140,"column":2},"end":{"line":140,"column":44}},"46":{"start":{"line":143,"column":2},"end":{"line":143,"column":110}},"47":{"start":{"line":169,"column":4},"end":{"line":235,"column":5}},"48":{"start":{"line":170,"column":8},"end":{"line":170,"column":54}},"49":{"start":{"line":171,"column":23},"end":{"line":171,"column":33}},"50":{"start":{"line":172,"column":32},"end":{"line":172,"column":41}},"51":{"start":{"line":173,"column":25},"end":{"line":173,"column":52}},"52":{"start":{"line":174,"column":31},"end":{"line":174,"column":90}},"53":{"start":{"line":176,"column":8},"end":{"line":179,"column":9}},"54":{"start":{"line":177,"column":12},"end":{"line":177,"column":48}},"55":{"start":{"line":178,"column":12},"end":{"line":178,"column":77}},"56":{"start":{"line":182,"column":8},"end":{"line":231,"column":9}},"57":{"start":{"line":183,"column":12},"end":{"line":183,"column":59}},"58":{"start":{"line":184,"column":12},"end":{"line":218,"column":13}},"59":{"start":{"line":185,"column":16},"end":{"line":185,"column":53}},"60":{"start":{"line":186,"column":37},"end":{"line":186,"column":73}},"61":{"start":{"line":187,"column":39},"end":{"line":187,"column":40}},"62":{"start":{"line":189,"column":16},"end":{"line":211,"column":17}},"63":{"start":{"line":190,"column":20},"end":{"line":196,"column":21}},"64":{"start":{"line":190,"column":33},"end":{"line":190,"column":34}},"65":{"start":{"line":191,"column":53},"end":{"line":191,"column":182}},"66":{"start":{"line":192,"column":24},"end":{"line":194,"column":25}},"67":{"start":{"line":193,"column":28},"end":{"line":193,"column":47}},"68":{"start":{"line":195,"column":24},"end":{"line":195,"column":110}},"69":{"start":{"line":198,"column":20},"end":{"line":198,"column":130}},"70":{"start":{"line":198,"column":97},"end":{"line":198,"column":128}},"71":{"start":{"line":199,"column":20},"end":{"line":205,"column":21}},"72":{"start":{"line":199,"column":33},"end":{"line":199,"column":34}},"73":{"start":{"line":200,"column":53},"end":{"line":200,"column":182}},"74":{"start":{"line":201,"column":24},"end":{"line":203,"column":25}},"75":{"start":{"line":202,"column":28},"end":{"line":202,"column":47}},"76":{"start":{"line":204,"column":24},"end":{"line":204,"column":110}},"77":{"start":{"line":206,"column":49},"end":{"line":206,"column":179}},"78":{"start":{"line":207,"column":20},"end":{"line":209,"column":21}},"79":{"start":{"line":208,"column":24},"end":{"line":208,"column":43}},"80":{"start":{"line":210,"column":20},"end":{"line":210,"column":108}},"81":{"start":{"line":212,"column":16},"end":{"line":212,"column":65}},"82":{"start":{"line":213,"column":16},"end":{"line":213,"column":67}},"83":{"start":{"line":214,"column":16},"end":{"line":214,"column":72}},"84":{"start":{"line":216,"column":16},"end":{"line":216,"column":71}},"85":{"start":{"line":217,"column":16},"end":{"line":217,"column":58}},"86":{"start":{"line":222,"column":12},"end":{"line":222,"column":46}},"87":{"start":{"line":223,"column":35},"end":{"line":223,"column":96}},"88":{"start":{"line":224,"column":12},"end":{"line":230,"column":13}},"89":{"start":{"line":225,"column":16},"end":{"line":225,"column":78}},"90":{"start":{"line":226,"column":16},"end":{"line":226,"column":58}},"91":{"start":{"line":228,"column":16},"end":{"line":228,"column":47}},"92":{"start":{"line":229,"column":16},"end":{"line":229,"column":111}},"93":{"start":{"line":233,"column":8},"end":{"line":233,"column":75}},"94":{"start":{"line":234,"column":8},"end":{"line":234,"column":116}},"95":{"start":{"line":281,"column":1},"end":{"line":330,"column":2}},"96":{"start":{"line":282,"column":25},"end":{"line":282,"column":84}},"97":{"start":{"line":283,"column":16},"end":{"line":283,"column":18}},"98":{"start":{"line":286,"column":76},"end":{"line":286,"column":85}},"99":{"start":{"line":288,"column":2},"end":{"line":290,"column":3}},"100":{"start":{"line":289,"column":3},"end":{"line":289,"column":74}},"101":{"start":{"line":292,"column":2},"end":{"line":294,"column":3}},"102":{"start":{"line":293,"column":3},"end":{"line":293,"column":60}},"103":{"start":{"line":296,"column":2},"end":{"line":304,"column":3}},"104":{"start":{"line":297,"column":3},"end":{"line":297,"column":89}},"105":{"start":{"line":299,"column":7},"end":{"line":304,"column":3}},"106":{"start":{"line":300,"column":3},"end":{"line":300,"column":66}},"107":{"start":{"line":302,"column":7},"end":{"line":304,"column":3}},"108":{"start":{"line":303,"column":3},"end":{"line":303,"column":66}},"109":{"start":{"line":307,"column":2},"end":{"line":326,"column":3}},"110":{"start":{"line":308,"column":20},"end":{"line":308,"column":46}},"111":{"start":{"line":309,"column":3},"end":{"line":311,"column":4}},"112":{"start":{"line":310,"column":4},"end":{"line":310,"column":78}},"113":{"start":{"line":313,"column":3},"end":{"line":313,"column":45}},"114":{"start":{"line":317,"column":31},"end":{"line":317,"column":87}},"115":{"start":{"line":318,"column":3},"end":{"line":318,"column":78}},"116":{"start":{"line":318,"column":64},"end":{"line":318,"column":74}},"117":{"start":{"line":319,"column":20},"end":{"line":319,"column":46}},"118":{"start":{"line":321,"column":3},"end":{"line":323,"column":4}},"119":{"start":{"line":322,"column":4},"end":{"line":322,"column":78}},"120":{"start":{"line":325,"column":3},"end":{"line":325,"column":45}},"121":{"start":{"line":329,"column":2},"end":{"line":329,"column":110}},"122":{"start":{"line":334,"column":103},"end":{"line":334,"column":111}},"123":{"start":{"line":335,"column":24},"end":{"line":335,"column":83}},"124":{"start":{"line":336,"column":16},"end":{"line":336,"column":18}},"125":{"start":{"line":337,"column":24},"end":{"line":337,"column":74}},"126":{"start":{"line":340,"column":1},"end":{"line":388,"column":2}},"127":{"start":{"line":341,"column":2},"end":{"line":344,"column":5}},"128":{"start":{"line":348,"column":2},"end":{"line":349,"column":72}},"129":{"start":{"line":349,"column":3},"end":{"line":349,"column":72}},"130":{"start":{"line":352,"column":2},"end":{"line":353,"column":83}},"131":{"start":{"line":353,"column":3},"end":{"line":353,"column":83}},"132":{"start":{"line":356,"column":2},"end":{"line":357,"column":84}},"133":{"start":{"line":357,"column":3},"end":{"line":357,"column":84}},"134":{"start":{"line":360,"column":2},"end":{"line":361,"column":78}},"135":{"start":{"line":361,"column":3},"end":{"line":361,"column":78}},"136":{"start":{"line":364,"column":2},"end":{"line":365,"column":61}},"137":{"start":{"line":365,"column":3},"end":{"line":365,"column":61}},"138":{"start":{"line":367,"column":2},"end":{"line":387,"column":3}},"139":{"start":{"line":369,"column":20},"end":{"line":369,"column":170}},"140":{"start":{"line":370,"column":23},"end":{"line":370,"column":56}},"141":{"start":{"line":372,"column":3},"end":{"line":381,"column":6}},"142":{"start":{"line":374,"column":4},"end":{"line":380,"column":7}},"143":{"start":{"line":382,"column":3},"end":{"line":382,"column":69}},"144":{"start":{"line":386,"column":3},"end":{"line":386,"column":112}},"145":{"start":{"line":431,"column":24},"end":{"line":431,"column":83}},"146":{"start":{"line":432,"column":20},"end":{"line":432,"column":33}},"147":{"start":{"line":433,"column":18},"end":{"line":433,"column":53}},"148":{"start":{"line":435,"column":20},"end":{"line":435,"column":41}},"149":{"start":{"line":438,"column":1},"end":{"line":462,"column":2}},"150":{"start":{"line":439,"column":2},"end":{"line":442,"column":5}},"151":{"start":{"line":446,"column":2},"end":{"line":461,"column":3}},"152":{"start":{"line":448,"column":3},"end":{"line":450,"column":4}},"153":{"start":{"line":449,"column":4},"end":{"line":449,"column":91}},"154":{"start":{"line":452,"column":3},"end":{"line":452,"column":103}},"155":{"start":{"line":452,"column":62},"end":{"line":452,"column":101}},"156":{"start":{"line":454,"column":3},"end":{"line":454,"column":146}},"157":{"start":{"line":456,"column":3},"end":{"line":456,"column":67}},"158":{"start":{"line":460,"column":3},"end":{"line":460,"column":111}},"159":{"start":{"line":466,"column":1},"end":{"line":511,"column":2}},"160":{"start":{"line":467,"column":17},"end":{"line":467,"column":27}},"161":{"start":{"line":468,"column":18},"end":{"line":468,"column":26}},"162":{"start":{"line":469,"column":25},"end":{"line":469,"column":84}},"163":{"start":{"line":472,"column":2},"end":{"line":508,"column":3}},"164":{"start":{"line":473,"column":3},"end":{"line":476,"column":6}},"165":{"start":{"line":480,"column":18},"end":{"line":480,"column":45}},"166":{"start":{"line":482,"column":3},"end":{"line":484,"column":4}},"167":{"start":{"line":483,"column":4},"end":{"line":483,"column":69}},"168":{"start":{"line":487,"column":3},"end":{"line":505,"column":4}},"169":{"start":{"line":489,"column":4},"end":{"line":489,"column":76}},"170":{"start":{"line":490,"column":24},"end":{"line":490,"column":57}},"171":{"start":{"line":492,"column":4},"end":{"line":501,"column":7}},"172":{"start":{"line":494,"column":5},"end":{"line":500,"column":8}},"173":{"start":{"line":504,"column":4},"end":{"line":504,"column":87}},"174":{"start":{"line":507,"column":3},"end":{"line":507,"column":45}},"175":{"start":{"line":510,"column":2},"end":{"line":510,"column":110}},"176":{"start":{"line":520,"column":1},"end":{"line":569,"column":2}},"177":{"start":{"line":521,"column":17},"end":{"line":521,"column":27}},"178":{"start":{"line":522,"column":25},"end":{"line":522,"column":84}},"179":{"start":{"line":525,"column":2},"end":{"line":566,"column":3}},"180":{"start":{"line":526,"column":3},"end":{"line":529,"column":6}},"181":{"start":{"line":534,"column":18},"end":{"line":534,"column":45}},"182":{"start":{"line":536,"column":3},"end":{"line":538,"column":4}},"183":{"start":{"line":537,"column":4},"end":{"line":537,"column":69}},"184":{"start":{"line":541,"column":3},"end":{"line":564,"column":4}},"185":{"start":{"line":543,"column":24},"end":{"line":543,"column":57}},"186":{"start":{"line":544,"column":4},"end":{"line":553,"column":7}},"187":{"start":{"line":546,"column":5},"end":{"line":552,"column":8}},"188":{"start":{"line":556,"column":4},"end":{"line":556,"column":41}},"189":{"start":{"line":558,"column":4},"end":{"line":558,"column":51}},"190":{"start":{"line":560,"column":4},"end":{"line":560,"column":53}},"191":{"start":{"line":563,"column":4},"end":{"line":563,"column":86}},"192":{"start":{"line":565,"column":3},"end":{"line":565,"column":79}},"193":{"start":{"line":568,"column":2},"end":{"line":568,"column":113}}},"fnMap":{"0":{"name":"getProposte","decl":{"start":{"line":18,"column":15},"end":{"line":18,"column":26}},"loc":{"start":{"line":18,"column":37},"end":{"line":67,"column":1}},"line":18},"1":{"name":"(anonymous_1)","decl":{"start":{"line":58,"column":91},"end":{"line":58,"column":92}},"loc":{"start":{"line":58,"column":96},"end":{"line":58,"column":106}},"line":58},"2":{"name":"getProposteNA","decl":{"start":{"line":93,"column":15},"end":{"line":93,"column":28}},"loc":{"start":{"line":93,"column":39},"end":{"line":105,"column":1}},"line":93},"3":{"name":"(anonymous_3)","decl":{"start":{"line":96,"column":90},"end":{"line":96,"column":91}},"loc":{"start":{"line":96,"column":95},"end":{"line":96,"column":105}},"line":96},"4":{"name":"getMieProposte","decl":{"start":{"line":112,"column":15},"end":{"line":112,"column":29}},"loc":{"start":{"line":112,"column":40},"end":{"line":125,"column":1}},"line":112},"5":{"name":"getProposteIscritto","decl":{"start":{"line":132,"column":15},"end":{"line":132,"column":34}},"loc":{"start":{"line":132,"column":45},"end":{"line":145,"column":1}},"line":132},"6":{"name":"getPropostaById","decl":{"start":{"line":168,"column":15},"end":{"line":168,"column":30}},"loc":{"start":{"line":168,"column":41},"end":{"line":236,"column":1}},"line":168},"7":{"name":"(anonymous_7)","decl":{"start":{"line":198,"column":81},"end":{"line":198,"column":82}},"loc":{"start":{"line":198,"column":97},"end":{"line":198,"column":128}},"line":198},"8":{"name":"ricercaProposte","decl":{"start":{"line":280,"column":15},"end":{"line":280,"column":30}},"loc":{"start":{"line":280,"column":41},"end":{"line":331,"column":1}},"line":280},"9":{"name":"(anonymous_9)","decl":{"start":{"line":318,"column":59},"end":{"line":318,"column":60}},"loc":{"start":{"line":318,"column":64},"end":{"line":318,"column":74}},"line":318},"10":{"name":"postProposta","decl":{"start":{"line":333,"column":15},"end":{"line":333,"column":27}},"loc":{"start":{"line":333,"column":38},"end":{"line":389,"column":1}},"line":333},"11":{"name":"(anonymous_11)","decl":{"start":{"line":372,"column":36},"end":{"line":372,"column":37}},"loc":{"start":{"line":372,"column":54},"end":{"line":381,"column":4}},"line":372},"12":{"name":"annullaPartecipazioneById","decl":{"start":{"line":430,"column":15},"end":{"line":430,"column":40}},"loc":{"start":{"line":430,"column":51},"end":{"line":463,"column":1}},"line":430},"13":{"name":"(anonymous_13)","decl":{"start":{"line":452,"column":38},"end":{"line":452,"column":39}},"loc":{"start":{"line":452,"column":62},"end":{"line":452,"column":101}},"line":452},"14":{"name":"modifyPropostaById","decl":{"start":{"line":465,"column":15},"end":{"line":465,"column":33}},"loc":{"start":{"line":465,"column":44},"end":{"line":512,"column":1}},"line":465},"15":{"name":"(anonymous_15)","decl":{"start":{"line":492,"column":34},"end":{"line":492,"column":35}},"loc":{"start":{"line":492,"column":56},"end":{"line":501,"column":5}},"line":492},"16":{"name":"deletePropostaById","decl":{"start":{"line":519,"column":15},"end":{"line":519,"column":33}},"loc":{"start":{"line":519,"column":44},"end":{"line":570,"column":1}},"line":519},"17":{"name":"(anonymous_17)","decl":{"start":{"line":544,"column":34},"end":{"line":544,"column":35}},"loc":{"start":{"line":544,"column":56},"end":{"line":553,"column":5}},"line":544}},"branchMap":{"0":{"loc":{"start":{"line":20,"column":25},"end":{"line":20,"column":84}},"type":"cond-expr","locations":[{"start":{"line":20,"column":45},"end":{"line":20,"column":77}},{"start":{"line":20,"column":80},"end":{"line":20,"column":84}}],"line":20},"1":{"loc":{"start":{"line":27,"column":2},"end":{"line":63,"column":3}},"type":"if","locations":[{"start":{"line":27,"column":2},"end":{"line":63,"column":3}},{"start":{"line":56,"column":7},"end":{"line":63,"column":3}}],"line":27},"2":{"loc":{"start":{"line":28,"column":3},"end":{"line":31,"column":4}},"type":"if","locations":[{"start":{"line":28,"column":3},"end":{"line":31,"column":4}},{"start":{},"end":{}}],"line":28},"3":{"loc":{"start":{"line":32,"column":3},"end":{"line":35,"column":4}},"type":"if","locations":[{"start":{"line":32,"column":3},"end":{"line":35,"column":4}},{"start":{},"end":{}}],"line":32},"4":{"loc":{"start":{"line":36,"column":3},"end":{"line":45,"column":4}},"type":"if","locations":[{"start":{"line":36,"column":3},"end":{"line":45,"column":4}},{"start":{},"end":{}}],"line":36},"5":{"loc":{"start":{"line":49,"column":3},"end":{"line":51,"column":4}},"type":"if","locations":[{"start":{"line":49,"column":3},"end":{"line":51,"column":4}},{"start":{},"end":{}}],"line":49},"6":{"loc":{"start":{"line":59,"column":3},"end":{"line":61,"column":4}},"type":"if","locations":[{"start":{"line":59,"column":3},"end":{"line":61,"column":4}},{"start":{},"end":{}}],"line":59},"7":{"loc":{"start":{"line":97,"column":2},"end":{"line":99,"column":3}},"type":"if","locations":[{"start":{"line":97,"column":2},"end":{"line":99,"column":3}},{"start":{},"end":{}}],"line":97},"8":{"loc":{"start":{"line":117,"column":2},"end":{"line":119,"column":3}},"type":"if","locations":[{"start":{"line":117,"column":2},"end":{"line":119,"column":3}},{"start":{},"end":{}}],"line":117},"9":{"loc":{"start":{"line":137,"column":2},"end":{"line":139,"column":3}},"type":"if","locations":[{"start":{"line":137,"column":2},"end":{"line":139,"column":3}},{"start":{},"end":{}}],"line":137},"10":{"loc":{"start":{"line":174,"column":31},"end":{"line":174,"column":90}},"type":"cond-expr","locations":[{"start":{"line":174,"column":51},"end":{"line":174,"column":83}},{"start":{"line":174,"column":86},"end":{"line":174,"column":90}}],"line":174},"11":{"loc":{"start":{"line":176,"column":8},"end":{"line":179,"column":9}},"type":"if","locations":[{"start":{"line":176,"column":8},"end":{"line":179,"column":9}},{"start":{},"end":{}}],"line":176},"12":{"loc":{"start":{"line":182,"column":8},"end":{"line":231,"column":9}},"type":"if","locations":[{"start":{"line":182,"column":8},"end":{"line":231,"column":9}},{"start":{"line":221,"column":13},"end":{"line":231,"column":9}}],"line":182},"13":{"loc":{"start":{"line":184,"column":12},"end":{"line":218,"column":13}},"type":"if","locations":[{"start":{"line":184,"column":12},"end":{"line":218,"column":13}},{"start":{"line":215,"column":19},"end":{"line":218,"column":13}}],"line":184},"14":{"loc":{"start":{"line":189,"column":16},"end":{"line":211,"column":17}},"type":"if","locations":[{"start":{"line":189,"column":16},"end":{"line":211,"column":17}},{"start":{"line":197,"column":23},"end":{"line":211,"column":17}}],"line":189},"15":{"loc":{"start":{"line":192,"column":24},"end":{"line":194,"column":25}},"type":"if","locations":[{"start":{"line":192,"column":24},"end":{"line":194,"column":25}},{"start":{},"end":{}}],"line":192},"16":{"loc":{"start":{"line":201,"column":24},"end":{"line":203,"column":25}},"type":"if","locations":[{"start":{"line":201,"column":24},"end":{"line":203,"column":25}},{"start":{},"end":{}}],"line":201},"17":{"loc":{"start":{"line":207,"column":20},"end":{"line":209,"column":21}},"type":"if","locations":[{"start":{"line":207,"column":20},"end":{"line":209,"column":21}},{"start":{},"end":{}}],"line":207},"18":{"loc":{"start":{"line":224,"column":12},"end":{"line":230,"column":13}},"type":"if","locations":[{"start":{"line":224,"column":12},"end":{"line":230,"column":13}},{"start":{"line":227,"column":19},"end":{"line":230,"column":13}}],"line":224},"19":{"loc":{"start":{"line":282,"column":25},"end":{"line":282,"column":84}},"type":"cond-expr","locations":[{"start":{"line":282,"column":45},"end":{"line":282,"column":77}},{"start":{"line":282,"column":80},"end":{"line":282,"column":84}}],"line":282},"20":{"loc":{"start":{"line":288,"column":2},"end":{"line":290,"column":3}},"type":"if","locations":[{"start":{"line":288,"column":2},"end":{"line":290,"column":3}},{"start":{},"end":{}}],"line":288},"21":{"loc":{"start":{"line":292,"column":2},"end":{"line":294,"column":3}},"type":"if","locations":[{"start":{"line":292,"column":2},"end":{"line":294,"column":3}},{"start":{},"end":{}}],"line":292},"22":{"loc":{"start":{"line":296,"column":2},"end":{"line":304,"column":3}},"type":"if","locations":[{"start":{"line":296,"column":2},"end":{"line":304,"column":3}},{"start":{"line":299,"column":7},"end":{"line":304,"column":3}}],"line":296},"23":{"loc":{"start":{"line":296,"column":6},"end":{"line":296,"column":40}},"type":"binary-expr","locations":[{"start":{"line":296,"column":6},"end":{"line":296,"column":21}},{"start":{"line":296,"column":25},"end":{"line":296,"column":40}}],"line":296},"24":{"loc":{"start":{"line":299,"column":7},"end":{"line":304,"column":3}},"type":"if","locations":[{"start":{"line":299,"column":7},"end":{"line":304,"column":3}},{"start":{"line":302,"column":7},"end":{"line":304,"column":3}}],"line":299},"25":{"loc":{"start":{"line":302,"column":7},"end":{"line":304,"column":3}},"type":"if","locations":[{"start":{"line":302,"column":7},"end":{"line":304,"column":3}},{"start":{},"end":{}}],"line":302},"26":{"loc":{"start":{"line":307,"column":2},"end":{"line":326,"column":3}},"type":"if","locations":[{"start":{"line":307,"column":2},"end":{"line":326,"column":3}},{"start":{"line":316,"column":7},"end":{"line":326,"column":3}}],"line":307},"27":{"loc":{"start":{"line":309,"column":3},"end":{"line":311,"column":4}},"type":"if","locations":[{"start":{"line":309,"column":3},"end":{"line":311,"column":4}},{"start":{},"end":{}}],"line":309},"28":{"loc":{"start":{"line":321,"column":3},"end":{"line":323,"column":4}},"type":"if","locations":[{"start":{"line":321,"column":3},"end":{"line":323,"column":4}},{"start":{},"end":{}}],"line":321},"29":{"loc":{"start":{"line":335,"column":24},"end":{"line":335,"column":83}},"type":"cond-expr","locations":[{"start":{"line":335,"column":44},"end":{"line":335,"column":76}},{"start":{"line":335,"column":79},"end":{"line":335,"column":83}}],"line":335},"30":{"loc":{"start":{"line":340,"column":1},"end":{"line":388,"column":2}},"type":"if","locations":[{"start":{"line":340,"column":1},"end":{"line":388,"column":2}},{"start":{"line":346,"column":6},"end":{"line":388,"column":2}}],"line":340},"31":{"loc":{"start":{"line":348,"column":2},"end":{"line":349,"column":72}},"type":"if","locations":[{"start":{"line":348,"column":2},"end":{"line":349,"column":72}},{"start":{},"end":{}}],"line":348},"32":{"loc":{"start":{"line":352,"column":2},"end":{"line":353,"column":83}},"type":"if","locations":[{"start":{"line":352,"column":2},"end":{"line":353,"column":83}},{"start":{},"end":{}}],"line":352},"33":{"loc":{"start":{"line":356,"column":2},"end":{"line":357,"column":84}},"type":"if","locations":[{"start":{"line":356,"column":2},"end":{"line":357,"column":84}},{"start":{},"end":{}}],"line":356},"34":{"loc":{"start":{"line":360,"column":2},"end":{"line":361,"column":78}},"type":"if","locations":[{"start":{"line":360,"column":2},"end":{"line":361,"column":78}},{"start":{},"end":{}}],"line":360},"35":{"loc":{"start":{"line":364,"column":2},"end":{"line":365,"column":61}},"type":"if","locations":[{"start":{"line":364,"column":2},"end":{"line":365,"column":61}},{"start":{},"end":{}}],"line":364},"36":{"loc":{"start":{"line":431,"column":24},"end":{"line":431,"column":83}},"type":"cond-expr","locations":[{"start":{"line":431,"column":44},"end":{"line":431,"column":76}},{"start":{"line":431,"column":79},"end":{"line":431,"column":83}}],"line":431},"37":{"loc":{"start":{"line":438,"column":1},"end":{"line":462,"column":2}},"type":"if","locations":[{"start":{"line":438,"column":1},"end":{"line":462,"column":2}},{"start":{"line":445,"column":6},"end":{"line":462,"column":2}}],"line":438},"38":{"loc":{"start":{"line":448,"column":3},"end":{"line":450,"column":4}},"type":"if","locations":[{"start":{"line":448,"column":3},"end":{"line":450,"column":4}},{"start":{},"end":{}}],"line":448},"39":{"loc":{"start":{"line":469,"column":25},"end":{"line":469,"column":84}},"type":"cond-expr","locations":[{"start":{"line":469,"column":45},"end":{"line":469,"column":77}},{"start":{"line":469,"column":80},"end":{"line":469,"column":84}}],"line":469},"40":{"loc":{"start":{"line":472,"column":2},"end":{"line":508,"column":3}},"type":"if","locations":[{"start":{"line":472,"column":2},"end":{"line":508,"column":3}},{"start":{"line":478,"column":7},"end":{"line":508,"column":3}}],"line":472},"41":{"loc":{"start":{"line":482,"column":3},"end":{"line":484,"column":4}},"type":"if","locations":[{"start":{"line":482,"column":3},"end":{"line":484,"column":4}},{"start":{},"end":{}}],"line":482},"42":{"loc":{"start":{"line":487,"column":3},"end":{"line":505,"column":4}},"type":"if","locations":[{"start":{"line":487,"column":3},"end":{"line":505,"column":4}},{"start":{"line":503,"column":8},"end":{"line":505,"column":4}}],"line":487},"43":{"loc":{"start":{"line":522,"column":25},"end":{"line":522,"column":84}},"type":"cond-expr","locations":[{"start":{"line":522,"column":45},"end":{"line":522,"column":77}},{"start":{"line":522,"column":80},"end":{"line":522,"column":84}}],"line":522},"44":{"loc":{"start":{"line":525,"column":2},"end":{"line":566,"column":3}},"type":"if","locations":[{"start":{"line":525,"column":2},"end":{"line":566,"column":3}},{"start":{"line":532,"column":7},"end":{"line":566,"column":3}}],"line":525},"45":{"loc":{"start":{"line":536,"column":3},"end":{"line":538,"column":4}},"type":"if","locations":[{"start":{"line":536,"column":3},"end":{"line":538,"column":4}},{"start":{},"end":{}}],"line":536},"46":{"loc":{"start":{"line":541,"column":3},"end":{"line":564,"column":4}},"type":"if","locations":[{"start":{"line":541,"column":3},"end":{"line":564,"column":4}},{"start":{"line":562,"column":8},"end":{"line":564,"column":4}}],"line":541}},"s":{"0":1,"1":0,"2":0,"3":0,"4":0,"5":0,"6":0,"7":0,"8":0,"9":0,"10":0,"11":0,"12":0,"13":0,"14":0,"15":0,"16":0,"17":0,"18":0,"19":0,"20":0,"21":0,"22":0,"23":0,"24":0,"25":0,"26":0,"27":0,"28":0,"29":0,"30":0,"31":0,"32":0,"33":0,"34":0,"35":0,"36":0,"37":0,"38":0,"39":0,"40":0,"41":0,"42":0,"43":0,"44":0,"45":0,"46":0,"47":0,"48":0,"49":0,"50":0,"51":0,"52":0,"53":0,"54":0,"55":0,"56":0,"57":0,"58":0,"59":0,"60":0,"61":0,"62":0,"63":0,"64":0,"65":0,"66":0,"67":0,"68":0,"69":0,"70":0,"71":0,"72":0,"73":0,"74":0,"75":0,"76":0,"77":0,"78":0,"79":0,"80":0,"81":0,"82":0,"83":0,"84":0,"85":0,"86":0,"87":0,"88":0,"89":0,"90":0,"91":0,"92":0,"93":0,"94":0,"95":0,"96":0,"97":0,"98":0,"99":0,"100":0,"101":0,"102":0,"103":0,"104":0,"105":0,"106":0,"107":0,"108":0,"109":0,"110":0,"111":0,"112":0,"113":0,"114":0,"115":0,"116":0,"117":0,"118":0,"119":0,"120":0,"121":0,"122":0,"123":0,"124":0,"125":0,"126":0,"127":0,"128":0,"129":0,"130":0,"131":0,"132":0,"133":0,"134":0,"135":0,"136":0,"137":0,"138":0,"139":0,"140":0,"141":0,"142":0,"143":0,"144":0,"145":0,"146":0,"147":0,"148":0,"149":0,"150":0,"151":0,"152":0,"153":0,"154":0,"155":0,"156":0,"157":0,"158":0,"159":0,"160":0,"161":0,"162":0,"163":0,"164":0,"165":0,"166":0,"167":0,"168":0,"169":0,"170":0,"171":0,"172":0,"173":0,"174":0,"175":0,"176":0,"177":0,"178":0,"179":0,"180":0,"181":0,"182":0,"183":0,"184":0,"185":0,"186":0,"187":0,"188":0,"189":0,"190":0,"191":0,"192":0,"193":0},"f":{"0":0,"1":0,"2":0,"3":0,"4":0,"5":0,"6":0,"7":0,"8":0,"9":0,"10":0,"11":0,"12":0,"13":0,"14":0,"15":0,"16":0,"17":0},"b":{"0":[0,0],"1":[0,0],"2":[0,0],"3":[0,0],"4":[0,0],"5":[0,0],"6":[0,0],"7":[0,0],"8":[0,0],"9":[0,0],"10":[0,0],"11":[0,0],"12":[0,0],"13":[0,0],"14":[0,0],"15":[0,0],"16":[0,0],"17":[0,0],"18":[0,0],"19":[0,0],"20":[0,0],"21":[0,0],"22":[0,0],"23":[0,0],"24":[0,0],"25":[0,0],"26":[0,0],"27":[0,0],"28":[0,0],"29":[0,0],"30":[0,0],"31":[0,0],"32":[0,0],"33":[0,0],"34":[0,0],"35":[0,0],"36":[0,0],"37":[0,0],"38":[0,0],"39":[0,0],"40":[0,0],"41":[0,0],"42":[0,0],"43":[0,0],"44":[0,0],"45":[0,0],"46":[0,0]},"inputSourceMap":null,"_coverageSchema":"1a1c01bbd47fc00a2c39e90264f33305004495a9","hash":"48d56bc10370625b6f9c9b8376b149f9bda7c431"}
,"C:\\Users\\rober\\OneDrive\\Desktop\\TrenGo\\TrenGo-IngegneriaDelSoftware\\server\\src\\handlers\\richiesteHandlers.mjs": {"path":"C:\\Users\\rober\\OneDrive\\Desktop\\TrenGo\\TrenGo-IngegneriaDelSoftware\\server\\src\\handlers\\richiesteHandlers.mjs","statementMap":{"0":{"start":{"line":9,"column":22},"end":{"line":9,"column":33}},"1":{"start":{"line":17,"column":4},"end":{"line":66,"column":5}},"2":{"start":{"line":18,"column":8},"end":{"line":18,"column":33}},"3":{"start":{"line":19,"column":27},"end":{"line":19,"column":48}},"4":{"start":{"line":20,"column":25},"end":{"line":20,"column":60}},"5":{"start":{"line":21,"column":31},"end":{"line":21,"column":90}},"6":{"start":{"line":22,"column":26},"end":{"line":22,"column":80}},"7":{"start":{"line":23,"column":36},"end":{"line":23,"column":92}},"8":{"start":{"line":26,"column":45},"end":{"line":26,"column":85}},"9":{"start":{"line":26,"column":74},"end":{"line":26,"column":84}},"10":{"start":{"line":28,"column":38},"end":{"line":28,"column":102}},"11":{"start":{"line":30,"column":8},"end":{"line":63,"column":9}},"12":{"start":{"line":31,"column":12},"end":{"line":38,"column":13}},"13":{"start":{"line":32,"column":16},"end":{"line":32,"column":96}},"14":{"start":{"line":34,"column":16},"end":{"line":37,"column":19}},"15":{"start":{"line":41,"column":13},"end":{"line":63,"column":9}},"16":{"start":{"line":42,"column":12},"end":{"line":44,"column":13}},"17":{"start":{"line":43,"column":16},"end":{"line":43,"column":81}},"18":{"start":{"line":46,"column":12},"end":{"line":48,"column":13}},"19":{"start":{"line":47,"column":16},"end":{"line":47,"column":86}},"20":{"start":{"line":51,"column":12},"end":{"line":62,"column":13}},"21":{"start":{"line":52,"column":16},"end":{"line":52,"column":59}},"22":{"start":{"line":55,"column":34},"end":{"line":55,"column":125}},"23":{"start":{"line":57,"column":16},"end":{"line":59,"column":17}},"24":{"start":{"line":58,"column":20},"end":{"line":58,"column":154}},"25":{"start":{"line":61,"column":16},"end":{"line":61,"column":59}},"26":{"start":{"line":65,"column":8},"end":{"line":65,"column":117}},"27":{"start":{"line":75,"column":4},"end":{"line":109,"column":5}},"28":{"start":{"line":76,"column":19},"end":{"line":76,"column":32}},"29":{"start":{"line":77,"column":27},"end":{"line":77,"column":48}},"30":{"start":{"line":78,"column":25},"end":{"line":78,"column":60}},"31":{"start":{"line":79,"column":31},"end":{"line":79,"column":90}},"32":{"start":{"line":80,"column":26},"end":{"line":80,"column":54}},"33":{"start":{"line":83,"column":8},"end":{"line":106,"column":9}},"34":{"start":{"line":84,"column":12},"end":{"line":87,"column":15}},"35":{"start":{"line":91,"column":12},"end":{"line":93,"column":13}},"36":{"start":{"line":92,"column":16},"end":{"line":92,"column":81}},"37":{"start":{"line":95,"column":12},"end":{"line":97,"column":13}},"38":{"start":{"line":96,"column":16},"end":{"line":96,"column":82}},"39":{"start":{"line":100,"column":12},"end":{"line":105,"column":13}},"40":{"start":{"line":101,"column":16},"end":{"line":101,"column":59}},"41":{"start":{"line":104,"column":16},"end":{"line":104,"column":118}},"42":{"start":{"line":108,"column":8},"end":{"line":108,"column":117}},"43":{"start":{"line":148,"column":4},"end":{"line":192,"column":5}},"44":{"start":{"line":149,"column":27},"end":{"line":149,"column":48}},"45":{"start":{"line":150,"column":40},"end":{"line":150,"column":48}},"46":{"start":{"line":151,"column":31},"end":{"line":151,"column":90}},"47":{"start":{"line":154,"column":8},"end":{"line":188,"column":9}},"48":{"start":{"line":155,"column":12},"end":{"line":158,"column":15}},"49":{"start":{"line":162,"column":29},"end":{"line":162,"column":64}},"50":{"start":{"line":164,"column":12},"end":{"line":166,"column":13}},"51":{"start":{"line":165,"column":16},"end":{"line":165,"column":81}},"52":{"start":{"line":168,"column":35},"end":{"line":168,"column":50}},"53":{"start":{"line":171,"column":12},"end":{"line":186,"column":13}},"54":{"start":{"line":173,"column":16},"end":{"line":173,"column":104}},"55":{"start":{"line":174,"column":36},"end":{"line":174,"column":69}},"56":{"start":{"line":176,"column":16},"end":{"line":182,"column":19}},"57":{"start":{"line":185,"column":16},"end":{"line":185,"column":120}},"58":{"start":{"line":187,"column":12},"end":{"line":187,"column":80}},"59":{"start":{"line":191,"column":8},"end":{"line":191,"column":118}},"60":{"start":{"line":247,"column":4},"end":{"line":308,"column":5}},"61":{"start":{"line":248,"column":19},"end":{"line":248,"column":32}},"62":{"start":{"line":249,"column":27},"end":{"line":249,"column":48}},"63":{"start":{"line":250,"column":25},"end":{"line":250,"column":60}},"64":{"start":{"line":251,"column":31},"end":{"line":251,"column":90}},"65":{"start":{"line":252,"column":22},"end":{"line":252,"column":30}},"66":{"start":{"line":253,"column":24},"end":{"line":253,"column":52}},"67":{"start":{"line":254,"column":23},"end":{"line":254,"column":25}},"68":{"start":{"line":257,"column":8},"end":{"line":305,"column":9}},"69":{"start":{"line":258,"column":12},"end":{"line":261,"column":15}},"70":{"start":{"line":265,"column":12},"end":{"line":267,"column":13}},"71":{"start":{"line":266,"column":16},"end":{"line":266,"column":81}},"72":{"start":{"line":269,"column":12},"end":{"line":271,"column":13}},"73":{"start":{"line":270,"column":16},"end":{"line":270,"column":82}},"74":{"start":{"line":273,"column":12},"end":{"line":274,"column":120}},"75":{"start":{"line":274,"column":16},"end":{"line":274,"column":120}},"76":{"start":{"line":277,"column":12},"end":{"line":278,"column":74}},"77":{"start":{"line":278,"column":16},"end":{"line":278,"column":74}},"78":{"start":{"line":281,"column":12},"end":{"line":304,"column":13}},"79":{"start":{"line":283,"column":16},"end":{"line":283,"column":88}},"80":{"start":{"line":285,"column":16},"end":{"line":289,"column":17}},"81":{"start":{"line":286,"column":20},"end":{"line":286,"column":78}},"82":{"start":{"line":287,"column":20},"end":{"line":287,"column":82}},"83":{"start":{"line":288,"column":20},"end":{"line":288,"column":36}},"84":{"start":{"line":290,"column":36},"end":{"line":290,"column":69}},"85":{"start":{"line":292,"column":16},"end":{"line":298,"column":19}},"86":{"start":{"line":300,"column":16},"end":{"line":300,"column":83}},"87":{"start":{"line":303,"column":16},"end":{"line":303,"column":120}},"88":{"start":{"line":307,"column":8},"end":{"line":307,"column":117}},"89":{"start":{"line":317,"column":4},"end":{"line":350,"column":5}},"90":{"start":{"line":318,"column":23},"end":{"line":318,"column":33}},"91":{"start":{"line":319,"column":31},"end":{"line":319,"column":90}},"92":{"start":{"line":322,"column":8},"end":{"line":347,"column":9}},"93":{"start":{"line":323,"column":12},"end":{"line":326,"column":15}},"94":{"start":{"line":331,"column":28},"end":{"line":331,"column":56}},"95":{"start":{"line":333,"column":12},"end":{"line":335,"column":13}},"96":{"start":{"line":334,"column":16},"end":{"line":334,"column":82}},"97":{"start":{"line":338,"column":12},"end":{"line":345,"column":13}},"98":{"start":{"line":341,"column":16},"end":{"line":341,"column":54}},"99":{"start":{"line":344,"column":16},"end":{"line":344,"column":99}},"100":{"start":{"line":346,"column":12},"end":{"line":346,"column":89}},"101":{"start":{"line":349,"column":8},"end":{"line":349,"column":120}}},"fnMap":{"0":{"name":"getRichieste","decl":{"start":{"line":16,"column":15},"end":{"line":16,"column":27}},"loc":{"start":{"line":16,"column":38},"end":{"line":67,"column":1}},"line":16},"1":{"name":"(anonymous_1)","decl":{"start":{"line":26,"column":69},"end":{"line":26,"column":70}},"loc":{"start":{"line":26,"column":74},"end":{"line":26,"column":84}},"line":26},"2":{"name":"getRichiestaById","decl":{"start":{"line":74,"column":15},"end":{"line":74,"column":31}},"loc":{"start":{"line":74,"column":42},"end":{"line":110,"column":1}},"line":74},"3":{"name":"postRichiesta","decl":{"start":{"line":147,"column":15},"end":{"line":147,"column":28}},"loc":{"start":{"line":147,"column":39},"end":{"line":193,"column":1}},"line":147},"4":{"name":"handleRichiestaById","decl":{"start":{"line":246,"column":15},"end":{"line":246,"column":34}},"loc":{"start":{"line":246,"column":45},"end":{"line":309,"column":1}},"line":246},"5":{"name":"deleteRichiestaById","decl":{"start":{"line":316,"column":15},"end":{"line":316,"column":34}},"loc":{"start":{"line":316,"column":45},"end":{"line":351,"column":1}},"line":316}},"branchMap":{"0":{"loc":{"start":{"line":21,"column":31},"end":{"line":21,"column":90}},"type":"cond-expr","locations":[{"start":{"line":21,"column":51},"end":{"line":21,"column":83}},{"start":{"line":21,"column":86},"end":{"line":21,"column":90}}],"line":21},"1":{"loc":{"start":{"line":30,"column":8},"end":{"line":63,"column":9}},"type":"if","locations":[{"start":{"line":30,"column":8},"end":{"line":63,"column":9}},{"start":{"line":41,"column":13},"end":{"line":63,"column":9}}],"line":30},"2":{"loc":{"start":{"line":31,"column":12},"end":{"line":38,"column":13}},"type":"if","locations":[{"start":{"line":31,"column":12},"end":{"line":38,"column":13}},{"start":{"line":33,"column":19},"end":{"line":38,"column":13}}],"line":31},"3":{"loc":{"start":{"line":41,"column":13},"end":{"line":63,"column":9}},"type":"if","locations":[{"start":{"line":41,"column":13},"end":{"line":63,"column":9}},{"start":{},"end":{}}],"line":41},"4":{"loc":{"start":{"line":42,"column":12},"end":{"line":44,"column":13}},"type":"if","locations":[{"start":{"line":42,"column":12},"end":{"line":44,"column":13}},{"start":{},"end":{}}],"line":42},"5":{"loc":{"start":{"line":46,"column":12},"end":{"line":48,"column":13}},"type":"if","locations":[{"start":{"line":46,"column":12},"end":{"line":48,"column":13}},{"start":{},"end":{}}],"line":46},"6":{"loc":{"start":{"line":51,"column":12},"end":{"line":62,"column":13}},"type":"if","locations":[{"start":{"line":51,"column":12},"end":{"line":62,"column":13}},{"start":{"line":54,"column":17},"end":{"line":62,"column":13}}],"line":51},"7":{"loc":{"start":{"line":57,"column":16},"end":{"line":59,"column":17}},"type":"if","locations":[{"start":{"line":57,"column":16},"end":{"line":59,"column":17}},{"start":{},"end":{}}],"line":57},"8":{"loc":{"start":{"line":79,"column":31},"end":{"line":79,"column":90}},"type":"cond-expr","locations":[{"start":{"line":79,"column":51},"end":{"line":79,"column":83}},{"start":{"line":79,"column":86},"end":{"line":79,"column":90}}],"line":79},"9":{"loc":{"start":{"line":83,"column":8},"end":{"line":106,"column":9}},"type":"if","locations":[{"start":{"line":83,"column":8},"end":{"line":106,"column":9}},{"start":{"line":90,"column":13},"end":{"line":106,"column":9}}],"line":83},"10":{"loc":{"start":{"line":91,"column":12},"end":{"line":93,"column":13}},"type":"if","locations":[{"start":{"line":91,"column":12},"end":{"line":93,"column":13}},{"start":{},"end":{}}],"line":91},"11":{"loc":{"start":{"line":95,"column":12},"end":{"line":97,"column":13}},"type":"if","locations":[{"start":{"line":95,"column":12},"end":{"line":97,"column":13}},{"start":{},"end":{}}],"line":95},"12":{"loc":{"start":{"line":100,"column":12},"end":{"line":105,"column":13}},"type":"if","locations":[{"start":{"line":100,"column":12},"end":{"line":105,"column":13}},{"start":{"line":103,"column":17},"end":{"line":105,"column":13}}],"line":100},"13":{"loc":{"start":{"line":100,"column":16},"end":{"line":100,"column":132}},"type":"binary-expr","locations":[{"start":{"line":100,"column":16},"end":{"line":100,"column":70}},{"start":{"line":100,"column":74},"end":{"line":100,"column":132}}],"line":100},"14":{"loc":{"start":{"line":151,"column":31},"end":{"line":151,"column":90}},"type":"cond-expr","locations":[{"start":{"line":151,"column":51},"end":{"line":151,"column":83}},{"start":{"line":151,"column":86},"end":{"line":151,"column":90}}],"line":151},"15":{"loc":{"start":{"line":154,"column":8},"end":{"line":188,"column":9}},"type":"if","locations":[{"start":{"line":154,"column":8},"end":{"line":188,"column":9}},{"start":{"line":161,"column":13},"end":{"line":188,"column":9}}],"line":154},"16":{"loc":{"start":{"line":164,"column":12},"end":{"line":166,"column":13}},"type":"if","locations":[{"start":{"line":164,"column":12},"end":{"line":166,"column":13}},{"start":{},"end":{}}],"line":164},"17":{"loc":{"start":{"line":171,"column":12},"end":{"line":186,"column":13}},"type":"if","locations":[{"start":{"line":171,"column":12},"end":{"line":186,"column":13}},{"start":{"line":184,"column":17},"end":{"line":186,"column":13}}],"line":171},"18":{"loc":{"start":{"line":251,"column":31},"end":{"line":251,"column":90}},"type":"cond-expr","locations":[{"start":{"line":251,"column":51},"end":{"line":251,"column":83}},{"start":{"line":251,"column":86},"end":{"line":251,"column":90}}],"line":251},"19":{"loc":{"start":{"line":257,"column":8},"end":{"line":305,"column":9}},"type":"if","locations":[{"start":{"line":257,"column":8},"end":{"line":305,"column":9}},{"start":{"line":264,"column":13},"end":{"line":305,"column":9}}],"line":257},"20":{"loc":{"start":{"line":265,"column":12},"end":{"line":267,"column":13}},"type":"if","locations":[{"start":{"line":265,"column":12},"end":{"line":267,"column":13}},{"start":{},"end":{}}],"line":265},"21":{"loc":{"start":{"line":269,"column":12},"end":{"line":271,"column":13}},"type":"if","locations":[{"start":{"line":269,"column":12},"end":{"line":271,"column":13}},{"start":{},"end":{}}],"line":269},"22":{"loc":{"start":{"line":273,"column":12},"end":{"line":274,"column":120}},"type":"if","locations":[{"start":{"line":273,"column":12},"end":{"line":274,"column":120}},{"start":{},"end":{}}],"line":273},"23":{"loc":{"start":{"line":277,"column":12},"end":{"line":278,"column":74}},"type":"if","locations":[{"start":{"line":277,"column":12},"end":{"line":278,"column":74}},{"start":{},"end":{}}],"line":277},"24":{"loc":{"start":{"line":281,"column":12},"end":{"line":304,"column":13}},"type":"if","locations":[{"start":{"line":281,"column":12},"end":{"line":304,"column":13}},{"start":{"line":302,"column":17},"end":{"line":304,"column":13}}],"line":281},"25":{"loc":{"start":{"line":285,"column":16},"end":{"line":289,"column":17}},"type":"if","locations":[{"start":{"line":285,"column":16},"end":{"line":289,"column":17}},{"start":{},"end":{}}],"line":285},"26":{"loc":{"start":{"line":319,"column":31},"end":{"line":319,"column":90}},"type":"cond-expr","locations":[{"start":{"line":319,"column":51},"end":{"line":319,"column":83}},{"start":{"line":319,"column":86},"end":{"line":319,"column":90}}],"line":319},"27":{"loc":{"start":{"line":322,"column":8},"end":{"line":347,"column":9}},"type":"if","locations":[{"start":{"line":322,"column":8},"end":{"line":347,"column":9}},{"start":{"line":329,"column":13},"end":{"line":347,"column":9}}],"line":322},"28":{"loc":{"start":{"line":333,"column":12},"end":{"line":335,"column":13}},"type":"if","locations":[{"start":{"line":333,"column":12},"end":{"line":335,"column":13}},{"start":{},"end":{}}],"line":333},"29":{"loc":{"start":{"line":338,"column":12},"end":{"line":345,"column":13}},"type":"if","locations":[{"start":{"line":338,"column":12},"end":{"line":345,"column":13}},{"start":{"line":343,"column":17},"end":{"line":345,"column":13}}],"line":338}},"s":{"0":1,"1":0,"2":0,"3":0,"4":0,"5":0,"6":0,"7":0,"8":0,"9":0,"10":0,"11":0,"12":0,"13":0,"14":0,"15":0,"16":0,"17":0,"18":0,"19":0,"20":0,"21":0,"22":0,"23":0,"24":0,"25":0,"26":0,"27":0,"28":0,"29":0,"30":0,"31":0,"32":0,"33":0,"34":0,"35":0,"36":0,"37":0,"38":0,"39":0,"40":0,"41":0,"42":0,"43":0,"44":0,"45":0,"46":0,"47":0,"48":0,"49":0,"50":0,"51":0,"52":0,"53":0,"54":0,"55":0,"56":0,"57":0,"58":0,"59":0,"60":0,"61":0,"62":0,"63":0,"64":0,"65":0,"66":0,"67":0,"68":0,"69":0,"70":0,"71":0,"72":0,"73":0,"74":0,"75":0,"76":0,"77":0,"78":0,"79":0,"80":0,"81":0,"82":0,"83":0,"84":0,"85":0,"86":0,"87":0,"88":0,"89":0,"90":0,"91":0,"92":0,"93":0,"94":0,"95":0,"96":0,"97":0,"98":0,"99":0,"100":0,"101":0},"f":{"0":0,"1":0,"2":0,"3":0,"4":0,"5":0},"b":{"0":[0,0],"1":[0,0],"2":[0,0],"3":[0,0],"4":[0,0],"5":[0,0],"6":[0,0],"7":[0,0],"8":[0,0],"9":[0,0],"10":[0,0],"11":[0,0],"12":[0,0],"13":[0,0],"14":[0,0],"15":[0,0],"16":[0,0],"17":[0,0],"18":[0,0],"19":[0,0],"20":[0,0],"21":[0,0],"22":[0,0],"23":[0,0],"24":[0,0],"25":[0,0],"26":[0,0],"27":[0,0],"28":[0,0],"29":[0,0]},"inputSourceMap":null,"_coverageSchema":"1a1c01bbd47fc00a2c39e90264f33305004495a9","hash":"3cbff1dadf8a7d098857e2e882c1ad699441db73"}
,"C:\\Users\\rober\\OneDrive\\Desktop\\TrenGo\\TrenGo-IngegneriaDelSoftware\\server\\src\\handlers\\utentiHandlers.mjs": {"path":"C:\\Users\\rober\\OneDrive\\Desktop\\TrenGo\\TrenGo-IngegneriaDelSoftware\\server\\src\\handlers\\utentiHandlers.mjs","statementMap":{"0":{"start":{"line":16,"column":4},"end":{"line":50,"column":5}},"1":{"start":{"line":17,"column":23},"end":{"line":17,"column":33}},"2":{"start":{"line":18,"column":23},"end":{"line":18,"column":48}},"3":{"start":{"line":19,"column":25},"end":{"line":19,"column":78}},"4":{"start":{"line":22,"column":8},"end":{"line":47,"column":9}},"5":{"start":{"line":23,"column":12},"end":{"line":26,"column":15}},"6":{"start":{"line":29,"column":12},"end":{"line":31,"column":13}},"7":{"start":{"line":30,"column":16},"end":{"line":30,"column":79}},"8":{"start":{"line":34,"column":12},"end":{"line":36,"column":13}},"9":{"start":{"line":35,"column":16},"end":{"line":35,"column":56}},"10":{"start":{"line":39,"column":12},"end":{"line":46,"column":15}},"11":{"start":{"line":49,"column":8},"end":{"line":49,"column":113}},"12":{"start":{"line":59,"column":4},"end":{"line":90,"column":5}},"13":{"start":{"line":60,"column":23},"end":{"line":60,"column":33}},"14":{"start":{"line":61,"column":24},"end":{"line":61,"column":32}},"15":{"start":{"line":62,"column":25},"end":{"line":62,"column":78}},"16":{"start":{"line":65,"column":8},"end":{"line":87,"column":9}},"17":{"start":{"line":66,"column":12},"end":{"line":69,"column":15}},"18":{"start":{"line":73,"column":27},"end":{"line":73,"column":85}},"19":{"start":{"line":74,"column":12},"end":{"line":76,"column":13}},"20":{"start":{"line":75,"column":16},"end":{"line":75,"column":79}},"21":{"start":{"line":79,"column":12},"end":{"line":86,"column":13}},"22":{"start":{"line":81,"column":31},"end":{"line":81,"column":89}},"23":{"start":{"line":82,"column":16},"end":{"line":82,"column":78}},"24":{"start":{"line":85,"column":16},"end":{"line":85,"column":98}},"25":{"start":{"line":89,"column":8},"end":{"line":89,"column":117}},"26":{"start":{"line":99,"column":4},"end":{"line":158,"column":5}},"27":{"start":{"line":100,"column":29},"end":{"line":100,"column":39}},"28":{"start":{"line":101,"column":31},"end":{"line":101,"column":90}},"29":{"start":{"line":102,"column":36},"end":{"line":102,"column":92}},"30":{"start":{"line":104,"column":45},"end":{"line":104,"column":85}},"31":{"start":{"line":104,"column":74},"end":{"line":104,"column":84}},"32":{"start":{"line":106,"column":38},"end":{"line":106,"column":85}},"33":{"start":{"line":108,"column":8},"end":{"line":155,"column":9}},"34":{"start":{"line":110,"column":12},"end":{"line":129,"column":13}},"35":{"start":{"line":111,"column":31},"end":{"line":111,"column":75}},"36":{"start":{"line":112,"column":16},"end":{"line":121,"column":19}},"37":{"start":{"line":125,"column":16},"end":{"line":128,"column":19}},"38":{"start":{"line":133,"column":27},"end":{"line":133,"column":71}},"39":{"start":{"line":135,"column":12},"end":{"line":137,"column":13}},"40":{"start":{"line":136,"column":16},"end":{"line":136,"column":79}},"41":{"start":{"line":140,"column":12},"end":{"line":142,"column":13}},"42":{"start":{"line":141,"column":16},"end":{"line":141,"column":56}},"43":{"start":{"line":145,"column":12},"end":{"line":154,"column":15}},"44":{"start":{"line":157,"column":8},"end":{"line":157,"column":113}},"45":{"start":{"line":167,"column":4},"end":{"line":208,"column":5}},"46":{"start":{"line":169,"column":61},"end":{"line":169,"column":69}},"47":{"start":{"line":170,"column":28},"end":{"line":170,"column":36}},"48":{"start":{"line":172,"column":23},"end":{"line":172,"column":25}},"49":{"start":{"line":175,"column":8},"end":{"line":176,"column":79}},"50":{"start":{"line":176,"column":12},"end":{"line":176,"column":79}},"51":{"start":{"line":179,"column":8},"end":{"line":180,"column":73}},"52":{"start":{"line":180,"column":12},"end":{"line":180,"column":73}},"53":{"start":{"line":183,"column":8},"end":{"line":184,"column":79}},"54":{"start":{"line":184,"column":12},"end":{"line":184,"column":79}},"55":{"start":{"line":187,"column":8},"end":{"line":188,"column":79}},"56":{"start":{"line":188,"column":12},"end":{"line":188,"column":79}},"57":{"start":{"line":191,"column":8},"end":{"line":192,"column":77}},"58":{"start":{"line":192,"column":12},"end":{"line":192,"column":77}},"59":{"start":{"line":195,"column":8},"end":{"line":197,"column":9}},"60":{"start":{"line":196,"column":12},"end":{"line":196,"column":70}},"61":{"start":{"line":199,"column":8},"end":{"line":201,"column":9}},"62":{"start":{"line":200,"column":12},"end":{"line":200,"column":34}},"63":{"start":{"line":202,"column":23},"end":{"line":202,"column":99}},"64":{"start":{"line":203,"column":8},"end":{"line":203,"column":70}},"65":{"start":{"line":207,"column":8},"end":{"line":207,"column":118}},"66":{"start":{"line":217,"column":4},"end":{"line":261,"column":5}},"67":{"start":{"line":219,"column":39},"end":{"line":219,"column":47}},"68":{"start":{"line":222,"column":23},"end":{"line":222,"column":59}},"69":{"start":{"line":225,"column":8},"end":{"line":227,"column":9}},"70":{"start":{"line":226,"column":12},"end":{"line":226,"column":91}},"71":{"start":{"line":230,"column":34},"end":{"line":230,"column":95}},"72":{"start":{"line":233,"column":8},"end":{"line":235,"column":9}},"73":{"start":{"line":234,"column":12},"end":{"line":234,"column":91}},"74":{"start":{"line":238,"column":24},"end":{"line":241,"column":9}},"75":{"start":{"line":244,"column":24},"end":{"line":246,"column":9}},"76":{"start":{"line":249,"column":22},"end":{"line":249,"column":76}},"77":{"start":{"line":252,"column":8},"end":{"line":257,"column":11}},"78":{"start":{"line":260,"column":8},"end":{"line":260,"column":111}},"79":{"start":{"line":270,"column":4},"end":{"line":275,"column":5}},"80":{"start":{"line":271,"column":26},"end":{"line":271,"column":39}},"81":{"start":{"line":272,"column":8},"end":{"line":272,"column":51}},"82":{"start":{"line":274,"column":8},"end":{"line":274,"column":117}},"83":{"start":{"line":279,"column":4},"end":{"line":301,"column":5}},"84":{"start":{"line":280,"column":26},"end":{"line":280,"column":34}},"85":{"start":{"line":281,"column":23},"end":{"line":281,"column":54}},"86":{"start":{"line":283,"column":8},"end":{"line":285,"column":9}},"87":{"start":{"line":284,"column":12},"end":{"line":284,"column":75}},"88":{"start":{"line":288,"column":22},"end":{"line":288,"column":60}},"89":{"start":{"line":289,"column":8},"end":{"line":289,"column":64}},"90":{"start":{"line":292,"column":28},"end":{"line":292,"column":52}},"91":{"start":{"line":293,"column":26},"end":{"line":293,"column":66}},"92":{"start":{"line":296,"column":8},"end":{"line":296,"column":61}},"93":{"start":{"line":298,"column":8},"end":{"line":298,"column":94}},"94":{"start":{"line":300,"column":8},"end":{"line":300,"column":134}},"95":{"start":{"line":305,"column":4},"end":{"line":349,"column":5}},"96":{"start":{"line":306,"column":26},"end":{"line":306,"column":36}},"97":{"start":{"line":307,"column":33},"end":{"line":307,"column":41}},"98":{"start":{"line":309,"column":23},"end":{"line":309,"column":25}},"99":{"start":{"line":312,"column":28},"end":{"line":312,"col
[...]
,"C:\\Users\\rober\\OneDrive\\Desktop\\TrenGo\\TrenGo-IngegneriaDelSoftware\\server\\src\\routes\\googleAuthRoutes.mjs": {"path":"C:\\Users\\rober\\OneDrive\\Desktop\\TrenGo\\TrenGo-IngegneriaDelSoftware\\server\\src\\routes\\googleAuthRoutes.mjs","statementMap":{"0":{"start":{"line":4,"column":15},"end":{"line":4,"column":23}},"1":{"start":{"line":6,"column":0},"end":{"line":6,"column":47}},"2":{"start":{"line":9,"column":0},"end":{"line":9,"column":49}}},"fnMap":{},"branchMap":{},"s":{"0":1,"1":1,"2":1},"f":{},"b":{},"inputSourceMap":null,"_coverageSchema":"1a1c01bbd47fc00a2c39e90264f33305004495a9","hash":"eba4f89ce7ad390231305ebc9663c746a5f4f7d5"}
,"C:\\Users\\rober\\OneDrive\\Desktop\\TrenGo\\TrenGo-IngegneriaDelSoftware\\server\\src\\routes\\notificheRoutes.mjs": {"path":"C:\\Users\\rober\\OneDrive\\Desktop\\TrenGo\\TrenGo-IngegneriaDelSoftware\\server\\src\\routes\\notificheRoutes.mjs","statementMap":{"0":{"start":{"line":5,"column":15},"end":{"line":5,"column":23}},"1":{"start":{"line":8,"column":0},"end":{"line":8,"column":42}},"2":{"start":{"line":11,"column":0},"end":{"line":11,"column":40}},"3":{"start":{"line":14,"column":0},"end":{"line":14,"column":43}},"4":{"start":{"line":17,"column":0},"end":{"line":17,"column":51}},"5":{"start":{"line":20,"column":0},"end":{"line":20,"column":65}},"6":{"start":{"line":23,"column":0},"end":{"line":23,"column":65}},"7":{"start":{"line":26,"column":0},"end":{"line":26,"column":71}}},"fnMap":{},"branchMap":{},"s":{"0":1,"1":1,"2":1,"3":1,"4":1,"5":1,"6":1,"7":1},"f":{},"b":{},"inputSourceMap":null,"_coverageSchema":"1a1c01bbd47fc00a2c39e90264f33305004495a9","hash":"d51f5cc643c24cd721bbbe8f5dd924db1033f4d8"}
,"C:\\Users\\rober\\OneDrive\\Desktop\\TrenGo\\TrenGo-IngegneriaDelSoftware\\server\\src\\routes\\proposteRoutes.mjs": {"path":"C:\\Users\\rober\\OneDrive\\Desktop\\TrenGo\\TrenGo-IngegneriaDelSoftware\\server\\src\\routes\\proposteRoutes.mjs","statementMap":{"0":{"start":{"line":5,"column":15},"end":{"line":5,"column":23}},"1":{"start":{"line":8,"column":0},"end":{"line":8,"column":42}},"2":{"start":{"line":11,"column":0},"end":{"line":11,"column":42}},"3":{"start":{"line":14,"column":0},"end":{"line":14,"column":37}},"4":{"start":{"line":17,"column":0},"end":{"line":17,"column":44}},"5":{"start":{"line":20,"column":0},"end":{"line":20,"column":54}},"6":{"start":{"line":23,"column":0},"end":{"line":23,"column":49}},"7":{"start":{"line":26,"column":0},"end":{"line":26,"column":45}},"8":{"start":{"line":29,"column":0},"end":{"line":29,"column":39}},"9":{"start":{"line":32,"column":0},"end":{"line":32,"column":77}},"10":{"start":{"line":35,"column":0},"end":{"line":35,"column":48}},"11":{"start":{"line":38,"column":0},"end":{"line":38,"column":51}}},"fnMap":{},"branchMap":{},"s":{"0":1,"1":1,"2":1,"3":1,"4":1,"5":1,"6":1,"7":1,"8":1,"9":1,"10":1,"11":1},"f":{},"b":{},"inputSourceMap":null,"_coverageSchema":"1a1c01bbd47fc00a2c39e90264f33305004495a9","hash":"f6d43842d4778dee57d2a8c9e3c534b3461e3dc7"}
,"C:\\Users\\rober\\OneDrive\\Desktop\\TrenGo\\TrenGo-IngegneriaDelSoftware\\server\\src\\routes\\richiesteRoutes.mjs": {"path":"C:\\Users\\rober\\OneDrive\\Desktop\\TrenGo\\TrenGo-IngegneriaDelSoftware\\server\\src\\routes\\richiesteRoutes.mjs","statementMap":{"0":{"start":{"line":5,"column":15},"end":{"line":5,"column":23}},"1":{"start":{"line":8,"column":0},"end":{"line":8,"column":42}},"2":{"start":{"line":11,"column":0},"end":{"line":11,"column":60}},"3":{"start":{"line":14,"column":0},"end":{"line":14,"column":68}},"4":{"start":{"line":17,"column":0},"end":{"line":17,"column":62}},"5":{"start":{"line":21,"column":0},"end":{"line":21,"column":71}},"6":{"start":{"line":24,"column":0},"end":{"line":24,"column":74}}},"fnMap":{},"branchMap":{},"s":{"0":1,"1":1,"2":1,"3":1,"4":1,"5":1,"6":1},"f":{},"b":{},"inputSourceMap":null,"_coverageSchema":"1a1c01bbd47fc00a2c39e90264f33305004495a9","hash":"079bec0241ce0d91b12823f37a193a13624bf3be"}
,"C:\\Users\\rober\\OneDrive\\Desktop\\TrenGo\\TrenGo-IngegneriaDelSoftware\\server\\src\\routes\\routes.mjs": {"path":"C:\\Users\\rober\\OneDrive\\Desktop\\TrenGo\\TrenGo-IngegneriaDelSoftware\\server\\src\\routes\\routes.mjs","statementMap":{"0":{"start":{"line":11,"column":15},"end":{"line":11,"column":23}},"1":{"start":{"line":14,"column":0},"end":{"line":14,"column":36}},"2":{"start":{"line":15,"column":0},"end":{"line":15,"column":40}},"3":{"start":{"line":16,"column":0},"end":{"line":16,"column":41}},"4":{"start":{"line":17,"column":0},"end":{"line":17,"column":42}},"5":{"start":{"line":18,"column":0},"end":{"line":18,"column":35}},"6":{"start":{"line":19,"column":0},"end":{"line":19,"column":46}},"7":{"start":{"line":20,"column":0},"end":{"line":20,"column":52}}},"fnMap":{},"branchMap":{},"s":{"0":1,"1":1,"2":1,"3":1,"4":1,"5":1,"6":1,"7":1},"f":{},"b":{},"inputSourceMap":null,"_coverageSchema":"1a1c01bbd47fc00a2c39e90264f33305004495a9","hash":"13c60da4d902492e2f361db33390c038139d1839"}
,"C:\\Users\\rober\\OneDrive\\Desktop\\TrenGo\\TrenGo-IngegneriaDelSoftware\\server\\src\\routes\\utentiRoutes.mjs": {"path":"C:\\Users\\rober\\OneDrive\\Desktop\\TrenGo\\TrenGo-IngegneriaDelSoftware\\server\\src\\routes\\utentiRoutes.mjs","statementMap":{"0":{"start":{"line":5,"column":15},"end":{"line":5,"column":23}},"1":{"start":{"line":8,"column":0},"end":{"line":8,"column":46}},"2":{"start":{"line":11,"column":0},"end":{"line":11,"column":44}},"3":{"start":{"line":14,"column":0},"end":{"line":14,"column":48}},"4":{"start":{"line":17,"column":0},"end":{"line":17,"column":68}},"5":{"start":{"line":20,"column":0},"end":{"line":20,"column":63}},"6":{"start":{"line":27,"column":0},"end":{"line":27,"column":70}},"7":{"start":{"line":30,"column":0},"end":{"line":30,"column":73}},"8":{"start":{"line":33,"column":0},"end":{"line":33,"column":91}}},"fnMap":{},"branchMap":{},"s":{"0":1,"1":1,"2":1,"3":1,"4":1,"5":1,"6":1,"7":1,"8":1},"f":{},"b":{},"inputSourceMap":null,"_coverageSchema":"1a1c01bbd47fc00a2c39e90264f33305004495a9","hash":"a639380d8f2a1a9692f27a6fb94b16df468394dc"}
,"C:\\Users\\rober\\OneDrive\\Desktop\\TrenGo\\TrenGo-IngegneriaDelSoftware\\server\\src\\routes\\valutazioniRoutes.mjs": {"path":"C:\\Users\\rober\\OneDrive\\Desktop\\TrenGo\\TrenGo-IngegneriaDelSoftware\\server\\src\\routes\\valutazioniRoutes.mjs","statementMap":{"0":{"start":{"line":5,"column":15},"end":{"line":5,"column":23}},"1":{"start":{"line":8,"column":0},"end":{"line":8,"column":42}},"2":{"start":{"line":11,"column":0},"end":{"line":11,"column":69}},"3":{"start":{"line":14,"column":0},"end":{"line":14,"column":77}}},"fnMap":{},"branchMap":{},"s":{"0":1,"1":1,"2":1,"3":1},"f":{},"b":{},"inputSourceMap":null,"_coverageSchema":"1a1c01bbd47fc00a2c39e90264f33305004495a9","hash":"c8b1feb5454a4a7de184b89f43ca87a0847ec59c"}
,"C:\\Users\\rober\\OneDrive\\Desktop\\TrenGo\\TrenGo-IngegneriaDelSoftware\\server\\src\\services\\emailService.mjs": {"path":"C:\\Users\\rober\\OneDrive\\Desktop\\TrenGo\\TrenGo-IngegneriaDelSoftware\\server\\src\\services\\emailService.mjs","statementMap":{"0":{"start":{"line":12,"column":27},"end":{"line":12,"column":55}},"1":{"start":{"line":13,"column":4},"end":{"line":13,"column":37}},"2":{"start":{"line":15,"column":22},"end":{"line":47,"column":5}},"3":{"start":{"line":48,"column":4},"end":{"line":53,"column":5}},"4":{"start":{"line":49,"column":8},"end":{"line":49,"column":37}},"5":{"start":{"line":50,"column":8},"end":{"line":50,"column":79}},"6":{"start":{"line":52,"column":8},"end":{"line":52,"column":113}}},"fnMap":{"0":{"name":"sendResetPasswordMail","decl":{"start":{"line":9,"column":15},"end":{"line":9,"column":36}},"loc":{"start":{"line":9,"column":61},"end":{"line":54,"column":1}},"line":9}},"branchMap":{},"s":{"0":0,"1":0,"2":0,"3":0,"4":0,"5":0,"6":0},"f":{"0":0},"b":{},"inputSourceMap":null,"_coverageSchema":"1a1c01bbd47fc00a2c39e90264f33305004495a9","hash":"dbbfaa0c2f2f693b9117d3dd8cee50792b745c58"}
,"C:\\Users\\rober\\OneDrive\\Desktop\\TrenGo\\TrenGo-IngegneriaDelSoftware\\server\\src\\services\\googleAuth.mjs": {"path":"C:\\Users\\rober\\OneDrive\\Desktop\\TrenGo\\TrenGo-IngegneriaDelSoftware\\server\\src\\services\\googleAuth.mjs","statementMap":{"0":{"start":{"line":5,"column":0},"end":{"line":5,"column":16}},"1":{"start":{"line":7,"column":0},"end":{"line":22,"column":4}},"2":{"start":{"line":14,"column":4},"end":{"line":21,"column":5}},"3":{"start":{"line":16,"column":22},"end":{"line":16,"column":48}},"4":{"start":{"line":17,"column":8},"end":{"line":17,"column":27}},"5":{"start":{"line":18,"column":8},"end":{"line":18,"column":33}},"6":{"start":{"line":20,"column":8},"end":{"line":20,"column":25}},"7":{"start":{"line":24,"column":0},"end":{"line":26,"column":3}},"8":{"start":{"line":25,"column":4},"end":{"line":25,"column":21}},"9":{"start":{"line":28,"column":0},"end":{"line":30,"column":3}},"10":{"start":{"line":29,"column":4},"end":{"line":29,"column":21}}},"fnMap":{"0":{"name":"(anonymous_0)","decl":{"start":{"line":13,"column":0},"end":{"line":13,"column":1}},"loc":{"start":{"line":13,"column":67},"end":{"line":22,"column":1}},"line":13},"1":{"name":"(anonymous_1)","decl":{"start":{"line":24,"column":23},"end":{"line":24,"column":24}},"loc":{"start":{"line":24,"column":45},"end":{"line":26,"column":1}},"line":24},"2":{"name":"(anonymous_2)","decl":{"start":{"line":28,"column":25},"end":{"line":28,"column":26}},"loc":{"start":{"line":28,"column":47},"end":{"line":30,"column":1}},"line":28}},"branchMap":{},"s":{"0":1,"1":1,"2":0,"3":0,"4":0,"5":0,"6":0,"7":1,"8":0,"9":1,"10":0},"f":{"0":0,"1":0,"2":0},"b":{},"inputSourceMap":null,"_coverageSchema":"1a1c01bbd47fc00a2c39e90264f33305004495a9","hash":"876602e97c1bc94f25d6869d44ed6cc6b2de9b24"}
,"C:\\Users\\rober\\OneDrive\\Desktop\\TrenGo\\TrenGo-IngegneriaDelSoftware\\server\\src\\utils\\passwordGenerator.mjs": {"path":"C:\\Users\\rober\\OneDrive\\Desktop\\TrenGo\\TrenGo-IngegneriaDelSoftware\\server\\src\\utils\\passwordGenerator.mjs","statementMap":{"0":{"start":{"line":3,"column":29},"end":{"line":3,"column":57}},"1":{"start":{"line":4,"column":29},"end":{"line":4,"column":57}},"2":{"start":{"line":5,"column":18},"end":{"line":5,"column":30}},"3":{"start":{"line":6,"column":30},"end":{"line":6,"column":64}},"4":{"start":{"line":7,"column":28},"end":{"line":7,"column":91}},"5":{"start":{"line":10,"column":36},"end":{"line":12,"column":5}},"6":{"start":{"line":11,"column":8},"end":{"line":11,"column":71}},"7":{"start":{"line":15,"column":21},"end":{"line":20,"column":5}},"8":{"start":{"line":23,"column":32},"end":{"line":23,"column":34}},"9":{"start":{"line":24,"column":4},"end":{"line":26,"column":5}},"10":{"start":{"line":24,"column":17},"end":{"line":24,"column":32}},"11":{"start":{"line":25,"column":8},"end":{"line":25,"column":64}},"12":{"start":{"line":29,"column":4},"end":{"line":32,"column":5}},"13":{"start":{"line":29,"column":17},"end":{"line":29,"column":36}},"14":{"start":{"line":30,"column":18},"end":{"line":30,"column":53}},"15":{"start":{"line":31,"column":8},"end":{"line":31,"column":64}},"16":{"start":{"line":35,"column":4},"end":{"line":35,"column":29}}},"fnMap":{"0":{"name":"generateRandomPassword","decl":{"start":{"line":1,"column":9},"end":{"line":1,"column":31}},"loc":{"start":{"line":1,"column":34},"end":{"line":36,"column":1}},"line":1},"1":{"name":"(anonymous_1)","decl":{"start":{"line":10,"column":36},"end":{"line":10,"column":37}},"loc":{"start":{"line":10,"column":51},"end":{"line":12,"column":5}},"line":10}},"branchMap":{},"s":{"0":0,"1":0,"2":0,"3":0,"4":0,"5":0,"6":0,"7":0,"8":0,"9":0,"10":0,"11":0,"12":0,"13":0,"14":0,"15":0,"16":0},"f":{"0":0,"1":0},"b":{},"inputSourceMap":null,"_coverageSchema":"1a1c01bbd47fc00a2c39e90264f33305004495a9","hash":"b820ed91c10d82630ce911b90905d145626f1428"}
,"C:\\Users\\rober\\OneDrive\\Desktop\\TrenGo\\TrenGo-IngegneriaDelSoftware\\server\\src\\validators\\notificheValidators.mjs": {"path":"C:\\Users\\rober\\OneDrive\\Desktop\\TrenGo\\TrenGo-IngegneriaDelSoftware\\server\\src\\validators\\notificheValidators.mjs","statementMap":{"0":{"start":{"line":10,"column":4},"end":{"line":10,"column":43}}},"fnMap":{"0":{"name":"tipoInEnum","decl":{"start":{"line":9,"column":9},"end":{"line":9,"column":19}},"loc":{"start":{"line":9,"column":26},"end":{"line":11,"column":1}},"line":9}},"branchMap":{},"s":{"0":0},"f":{"0":0},"b":{},"inputSourceMap":null,"_coverageSchema":"1a1c01bbd47fc00a2c39e90264f33305004495a9","hash":"a616de40c18e702ceb14d08e67d1b3219262e66a"}
,"C:\\Users\\rober\\OneDrive\\Desktop\\TrenGo\\TrenGo-IngegneriaDelSoftware\\server\\src\\validators\\proposteValidators.mjs": {"path":"C:\\Users\\rober\\OneDrive\\Desktop\\TrenGo\\TrenGo-IngegneriaDelSoftware\\server\\src\\validators\\proposteValidators.mjs","statementMap":{"0":{"start":{"line":11,"column":1},"end":{"line":13,"column":2}},"1":{"start":{"line":12,"column":2},"end":{"line":12,"column":26}},"2":{"start":{"line":15,"column":1},"end":{"line":15,"column":72}},"3":{"start":{"line":15,"column":37},"end":{"line":15,"column":70}},"4":{"start":{"line":26,"column":1},"end":{"line":26,"column":40}},"5":{"start":{"line":37,"column":1},"end":{"line":40,"column":2}},"6":{"start":{"line":39,"column":2},"end":{"line":39,"column":14}},"7":{"start":{"line":42,"column":1},"end":{"line":42,"column":12}},"8":{"start":{"line":53,"column":1},"end":{"line":53,"column":46}}},"fnMap":{"0":{"name":"categorieInEnum","decl":{"start":{"line":9,"column":9},"end":{"line":9,"column":24}},"loc":{"start":{"line":9,"column":36},"end":{"line":16,"column":1}},"line":9},"1":{"name":"(anonymous_1)","decl":{"start":{"line":15,"column":24},"end":{"line":15,"column":25}},"loc":{"start":{"line":15,"column":37},"end":{"line":15,"column":70}},"line":15},"2":{"name":"validateTitolo","decl":{"start":{"line":24,"column":9},"end":{"line":24,"column":23}},"loc":{"start":{"line":24,"column":32},"end":{"line":27,"column":1}},"line":24},"3":{"name":"validateCoordinate","decl":{"start":{"line":35,"column":9},"end":{"line":35,"column":27}},"loc":{"start":{"line":35,"column":40},"end":{"line":43,"column":1}},"line":35},"4":{"name":"validateDescrizione","decl":{"start":{"line":51,"column":9},"end":{"line":51,"column":28}},"loc":{"start":{"line":51,"column":42},"end":{"line":54,"column":1}},"line":51}},"branchMap":{"0":{"loc":{"start":{"line":11,"column":1},"end":{"line":13,"column":2}},"type":"if","locations":[{"start":{"line":11,"column":1},"end":{"line":13,"column":2}},{"start":{},"end":{}}],"line":11},"1":{"loc":{"start":{"line":37,"column":1},"end":{"line":40,"column":2}},"type":"if","locations":[{"start":{"line":37,"column":1},"end":{"line":40,"column":2}},{"start":{},"end":{}}],"line":37},"2":{"loc":{"start":{"line":37,"column":4},"end":{"line":37,"column":80}},"type":"binary-expr","locations":[{"start":{"line":37,"column":4},"end":{"line":37,"column":22}},{"start":{"line":37,"column":24},"end":{"line":37,"column":41}},{"start":{"line":37,"column":43},"end":{"line":37,"column":61}},{"start":{"line":37,"column":63},"end":{"line":37,"column":80}}],"line":37}},"s":{"0":0,"1":0,"2":0,"3":0,"4":0,"5":0,"6":0,"7":0,"8":0},"f":{"0":0,"1":0,"2":0,"3":0,"4":0},"b":{"0":[0,0],"1":[0,0],"2":[0,0,0,0]},"inputSourceMap":null,"_coverageSchema":"1a1c01bbd47fc00a2c39e90264f33305004495a9","hash":"b87293dbd6fb455eb5807fc07c2003c96e096016"}
,"C:\\Users\\rober\\OneDrive\\Desktop\\TrenGo\\TrenGo-IngegneriaDelSoftware\\server\\src\\validators\\richiesteValidators.mjs": {"path":"C:\\Users\\rober\\OneDrive\\Desktop\\TrenGo\\TrenGo-IngegneriaDelSoftware\\server\\src\\validators\\richiesteValidators.mjs","statementMap":{"0":{"start":{"line":12,"column":4},"end":{"line":12,"column":49}}},"fnMap":{"0":{"name":"validateStato","decl":{"start":{"line":10,"column":9},"end":{"line":10,"column":22}},"loc":{"start":{"line":10,"column":30},"end":{"line":13,"column":1}},"line":10}},"branchMap":{},"s":{"0":0},"f":{"0":0},"b":{},"inputSourceMap":null,"_coverageSchema":"1a1c01bbd47fc00a2c39e90264f33305004495a9","hash":"d6e83832a0ff2e867a2b4b43ba543610ce2b1ea1"}
,"C:\\Users\\rober\\OneDrive\\Desktop\\TrenGo\\TrenGo-IngegneriaDelSoftware\\server\\src\\validators\\utentiValidators.mjs": {"path":"C:\\Users\\rober\\OneDrive\\Desktop\\TrenGo\\TrenGo-IngegneriaDelSoftware\\server\\src\\validators\\utentiValidators.mjs","statementMap":{"0":{"start":{"line":12,"column":4},"end":{"line":12,"column":34}},"1":{"start":{"line":14,"column":4},"end":{"line":14,"column":49}},"2":{"start":{"line":25,"column":4},"end":{"line":25,"column":52}},"3":{"start":{"line":35,"column":4},"end":{"line":35,"column":107}},"4":{"start":{"line":44,"column":4},"end":{"line":44,"column":34}},"5":{"start":{"line":46,"column":19},"end":{"line":46,"column":51}},"6":{"start":{"line":47,"column":4},"end":{"line":47,"column":20}},"7":{"start":{"line":56,"column":4},"end":{"line":56,"column":31}},"8":{"start":{"line":58,"column":19},"end":{"line":58,"column":48}},"9":{"start":{"line":59,"column":4},"end":{"line":59,"column":20}},"10":{"start":{"line":70,"column":4},"end":{"line":79,"column":5}},"11":{"start":{"line":72,"column":23},"end":{"line":72,"column":55}},"12":{"start":{"line":74,"column":8},"end":{"line":74,"column":63}},"13":{"start":{"line":77,"column":8},"end":{"line":77,"column":50}},"14":{"start":{"line":78,"column":8},"end":{"line":78,"column":21}},"15":{"start":{"line":88,"column":4},"end":{"line":95,"column":5}},"16":{"start":{"line":90,"column":23},"end":{"line":90,"column":62}},"17":{"start":{"line":91,"column":8},"end":{"line":91,"column":22}},"18":{"start":{"line":93,"column":8},"end":{"line":93,"column":85}},"19":{"start":{"line":94,"column":8},"end":{"line":94,"column":20}},"20":{"start":{"line":99,"column":18},"end":{"line":107,"column":1}}},"fnMap":{"0":{"name":"isUsernameValid","decl":{"start":{"line":11,"column":9},"end":{"line":11,"column":24}},"loc":{"start":{"line":11,"column":35},"end":{"line":15,"column":1}},"line":11},"1":{"name":"isEmailValid","decl":{"start":{"line":22,"column":9},"end":{"line":22,"column":21}},"loc":{"start":{"line":22,"column":29},"end":{"line":26,"column":1}},"line":22},"2":{"name":"isPasswordValid","decl":{"start":{"line":33,"column":9},"end":{"line":33,"column":24}},"loc":{"start":{"line":33,"column":35},"end":{"line":36,"column":1}},"line":33},"3":{"name":"isUsernameTaken","decl":{"start":{"line":43,"column":15},"end":{"line":43,"column":30}},"loc":{"start":{"line":43,"column":41},"end":{"line":48,"column":1}},"line":43},"4":{"name":"isEmailTaken","decl":{"start":{"line":55,"column":15},"end":{"line":55,"column":27}},"loc":{"start":{"line":55,"column":35},"end":{"line":60,"column":1}},"line":55},"5":{"name":"verifyPasswordByUsername","decl":{"start":{"line":69,"column":15},"end":{"line":69,"column":39}},"loc":{"start":{"line":69,"column":60},"end":{"line":80,"column":1}},"line":69},"6":{"name":"getUtente","decl":{"start":{"line":87,"column":15},"end":{"line":87,"column":24}},"loc":{"start":{"line":87,"column":35},"end":{"line":96,"column":1}},"line":87}},"branchMap":{},"s":{"0":0,"1":0,"2":0,"3":0,"4":0,"5":0,"6":0,"7":0,"8":0,"9":0,"10":0,"11":0,"12":0,"13":0,"14":0,"15":0,"16":0,"17":0,"18":0,"19":0,"20":1},"f":{"0":0,"1":0,"2":0,"3":0,"4":0,"5":0,"6":0},"b":{},"inputSourceMap":null,"_coverageSchema":"1a1c01bbd47fc00a2c39e90264f33305004495a9","hash":"755b2fcfbb87d8080396c1f2f9cf923ff6d96fd6"}
}
