{"C:\\Users\\rober\\OneDrive\\Desktop\\TrenGo\\TrenGo-IngegneriaDelSoftware\\server\\app.mjs": {"path":"C:\\Users\\rober\\OneDrive\\Desktop\\TrenGo\\TrenGo-IngegneriaDelSoftware\\server\\app.mjs","statementMap":{"0":{"start":{"line":10,"column":20},"end":{"line":10,"column":46}},"1":{"start":{"line":12,"column":15},"end":{"line":12,"column":23}},"2":{"start":{"line":15,"column":0},"end":{"line":15,"column":101}},"3":{"start":{"line":16,"column":0},"end":{"line":16,"column":34}},"4":{"start":{"line":17,"column":0},"end":{"line":17,"column":31}},"5":{"start":{"line":19,"column":0},"end":{"line":19,"column":29}},"6":{"start":{"line":20,"column":0},"end":{"line":20,"column":54}},"7":{"start":{"line":21,"column":0},"end":{"line":23,"column":4}},"8":{"start":{"line":24,"column":0},"end":{"line":28,"column":2}},"9":{"start":{"line":29,"column":0},"end":{"line":29,"column":27}}},"fnMap":{},"branchMap":{},"s":{"0":1,"1":1,"2":1,"3":1,"4":1,"5":1,"6":1,"7":1,"8":1,"9":1},"f":{},"b":{},"inputSourceMap":null,"_coverageSchema":"1a1c01bbd47fc00a2c39e90264f33305004495a9","hash":"0b789b25936983407ffd8c95f3a3de79f294b808"}
,"C:\\Users\\rober\\OneDrive\\Desktop\\TrenGo\\TrenGo-IngegneriaDelSoftware\\server\\src\\handlers\\chatHandlers.mjs": {"path":"C:\\Users\\rober\\OneDrive\\Desktop\\TrenGo\\TrenGo-IngegneriaDelSoftware\\server\\src\\handlers\\chatHandlers.mjs","statementMap":{"0":{"start":{"line":9,"column":18},"end":{"line":9,"column":26}},"1":{"start":{"line":17,"column":1},"end":{"line":31,"column":2}},"2":{"start":{"line":18,"column":25},"end":{"line":18,"column":57}},"3":{"start":{"line":20,"column":16},"end":{"line":20,"column":87}},"4":{"start":{"line":23,"column":2},"end":{"line":25,"column":3}},"5":{"start":{"line":24,"column":3},"end":{"line":24,"column":69}},"6":{"start":{"line":27,"column":2},"end":{"line":27,"column":41}},"7":{"start":{"line":30,"column":2},"end":{"line":30,"column":106}},"8":{"start":{"line":40,"column":1},"end":{"line":61,"column":2}},"9":{"start":{"line":41,"column":21},"end":{"line":41,"column":31}},"10":{"start":{"line":42,"column":25},"end":{"line":42,"column":57}},"11":{"start":{"line":44,"column":15},"end":{"line":44,"column":42}},"12":{"start":{"line":47,"column":2},"end":{"line":49,"column":3}},"13":{"start":{"line":48,"column":3},"end":{"line":48,"column":69}},"14":{"start":{"line":52,"column":2},"end":{"line":55,"column":3}},"15":{"start":{"line":54,"column":3},"end":{"line":54,"column":104}},"16":{"start":{"line":57,"column":2},"end":{"line":57,"column":40}},"17":{"start":{"line":60,"column":2},"end":{"line":60,"column":106}},"18":{"start":{"line":70,"column":1},"end":{"line":97,"column":2}},"19":{"start":{"line":71,"column":21},"end":{"line":71,"column":31}},"20":{"start":{"line":72,"column":25},"end":{"line":72,"column":57}},"21":{"start":{"line":74,"column":15},"end":{"line":74,"column":42}},"22":{"start":{"line":76,"column":17},"end":{"line":76,"column":19}},"23":{"start":{"line":79,"column":2},"end":{"line":81,"column":3}},"24":{"start":{"line":80,"column":3},"end":{"line":80,"column":69}},"25":{"start":{"line":84,"column":2},"end":{"line":87,"column":3}},"26":{"start":{"line":86,"column":3},"end":{"line":86,"column":104}},"27":{"start":{"line":89,"column":2},"end":{"line":91,"column":3}},"28":{"start":{"line":90,"column":3},"end":{"line":90,"column":64}},"29":{"start":{"line":93,"column":2},"end":{"line":93,"column":44}},"30":{"start":{"line":96,"column":2},"end":{"line":96,"column":108}},"31":{"start":{"line":106,"column":1},"end":{"line":132,"column":2}},"32":{"start":{"line":107,"column":34},"end":{"line":107,"column":44}},"33":{"start":{"line":108,"column":25},"end":{"line":108,"column":57}},"34":{"start":{"line":110,"column":15},"end":{"line":110,"column":42}},"35":{"start":{"line":111,"column":18},"end":{"line":111,"column":55}},"36":{"start":{"line":114,"column":2},"end":{"line":116,"column":3}},"37":{"start":{"line":115,"column":3},"end":{"line":115,"column":69}},"38":{"start":{"line":119,"column":2},"end":{"line":121,"column":3}},"39":{"start":{"line":120,"column":3},"end":{"line":120,"column":73}},"40":{"start":{"line":124,"column":2},"end":{"line":126,"column":3}},"41":{"start":{"line":125,"column":3},"end":{"line":125,"column":104}},"42":{"start":{"line":128,"column":2},"end":{"line":128,"column":45}},"43":{"start":{"line":131,"column":2},"end":{"line":131,"column":109}},"44":{"start":{"line":141,"column":1},"end":{"line":190,"column":2}},"45":{"start":{"line":142,"column":21},"end":{"line":142,"column":31}},"46":{"start":{"line":143,"column":24},"end":{"line":143,"column":32}},"47":{"start":{"line":144,"column":25},"end":{"line":144,"column":57}},"48":{"start":{"line":146,"column":15},"end":{"line":146,"column":42}},"49":{"start":{"line":149,"column":2},"end":{"line":151,"column":3}},"50":{"start":{"line":150,"column":3},"end":{"line":150,"column":69}},"51":{"start":{"line":154,"column":2},"end":{"line":156,"column":3}},"52":{"start":{"line":155,"column":3},"end":{"line":155,"column":104}},"53":{"start":{"line":158,"column":2},"end":{"line":161,"column":3}},"54":{"start":{"line":160,"column":3},"end":{"line":160,"column":97}},"55":{"start":{"line":163,"column":18},"end":{"line":163,"column":43}},"56":{"start":{"line":164,"column":12},"end":{"line":164,"column":75}},"57":{"start":{"line":165,"column":20},"end":{"line":165,"column":127}},"58":{"start":{"line":167,"column":2},"end":{"line":167,"column":36}},"59":{"start":{"line":168,"column":2},"end":{"line":168,"column":20}},"60":{"start":{"line":170,"column":19},"end":{"line":170,"column":55}},"61":{"start":{"line":172,"column":2},"end":{"line":184,"column":5}},"62":{"start":{"line":174,"column":3},"end":{"line":183,"column":4}},"63":{"start":{"line":176,"column":4},"end":{"line":182,"column":7}},"64":{"start":{"line":186,"column":2},"end":{"line":186,"column":69}},"65":{"start":{"line":189,"column":2},"end":{"line":189,"column":110}}},"fnMap":{"0":{"name":"getChatsByUsername","decl":{"start":{"line":16,"column":15},"end":{"line":16,"column":33}},"loc":{"start":{"line":16,"column":44},"end":{"line":32,"column":1}},"line":16},"1":{"name":"getChatById","decl":{"start":{"line":39,"column":15},"end":{"line":39,"column":26}},"loc":{"start":{"line":39,"column":37},"end":{"line":62,"column":1}},"line":39},"2":{"name":"getMessaggi","decl":{"start":{"line":69,"column":15},"end":{"line":69,"column":26}},"loc":{"start":{"line":69,"column":37},"end":{"line":98,"column":1}},"line":69},"3":{"name":"getMessaggioById","decl":{"start":{"line":105,"column":15},"end":{"line":105,"column":31}},"loc":{"start":{"line":105,"column":42},"end":{"line":133,"column":1}},"line":105},"4":{"name":"postMessaggio","decl":{"start":{"line":140,"column":15},"end":{"line":140,"column":28}},"loc":{"start":{"line":140,"column":39},"end":{"line":191,"column":1}},"line":140},"5":{"name":"(anonymous_5)","decl":{"start":{"line":172,"column":28},"end":{"line":172,"column":29}},"loc":{"start":{"line":172,"column":50},"end":{"line":184,"column":3}},"line":172}},"branchMap":{"0":{"loc":{"start":{"line":23,"column":2},"end":{"line":25,"column":3}},"type":"if","locations":[{"start":{"line":23,"column":2},"end":{"line":25,"column":3}},{"start":{},"end":{}}],"line":23},"1":{"loc":{"start":{"line":47,"column":2},"end":{"line":49,"column":3}},"type":"if","locations":[{"start":{"line":47,"column":2},"end":{"line":49,"column":3}},{"start":{},"end":{}}],"line":47},"2":{"loc":{"start":{"line":52,"column":2},"end":{"line":55,"column":3}},"type":"if","locations":[{"start":{"line":52,"column":2},"end":{"line":55,"column":3}},{"start":{},"end":{}}],"line":52},"3":{"loc":{"start":{"line":79,"column":2},"end":{"line":81,"column":3}},"type":"if","locations":[{"start":{"line":79,"column":2},"end":{"line":81,"column":3}},{"start":{},"end":{}}],"line":79},"4":{"loc":{"start":{"line":84,"column":2},"end":{"line":87,"column":3}},"type":"if","locations":[{"start":{"line":84,"column":2},"end":{"line":87,"column":3}},{"start":{},"end":{}}],"line":84},"5":{"loc":{"start":{"line":114,"column":2},"end":{"line":116,"column":3}},"type":"if","locations":[{"start":{"line":114,"column":2},"end":{"line":116,"column":3}},{"start":{},"end":{}}],"line":114},"6":{"loc":{"start":{"line":119,"column":2},"end":{"line":121,"column":3}},"type":"if","locations":[{"start":{"line":119,"column":2},"end":{"line":121,"column":3}},{"start":{},"end":{}}],"line":119},"7":{"loc":{"start":{"line":124,"column":2},"end":{"line":126,"column":3}},"type":"if","locations":[{"start":{"line":124,"column":2},"end":{"line":126,"column":3}},{"start":{},"end":{}}],"line":124},"8":{"loc":{"start":{"line":149,"column":2},"end":{"line":151,"column":3}},"type":"if","locations":[{"start":{"line":149,"column":2},"end":{"line":151,"column":3}},{"start":{},"end":{}}],"line":149},"9":{"loc":{"start":{"line":154,"column":2},"end":{"line":156,"column":3}},"type":"if","locations":[{"start":{"line":154,"column":2},"end":{"line":156,"column":3}},{"start":{},"end":{}}],"line":154},"10":{"loc":{"start":{"line":158,"column":2},"end":{"line":161,"column":3}},"type":"if","locations":[{"start":{"line":158,"column":2},"end":{"line":161,"column":3}},{"start":{},"end":{}}],"line":158},"11":{"loc":{"start":{"line":174,"column":3},"end":{"line":183,"column":4}},"type":"if","locations":[{"start":{"line":174,"column":3},"end":{"line":183,"column":4}},{"start":{},"end":{}}],"line":174}},"s":{"0":1,"1":0,"2":0,"3":0,"4":0,"5":0,"6":0,"7":0,"8":0,"9":0,"10":0,"11":0,"12":0,"13":0,"14":0,"15":0,"16":0,"17":0,"18":0,"19":0,"20":0,"21":0,"22":0,"23":0,"24":0,"25":0,"26":0,"27":0,"28":0,"29":0,"30":0,"31":0,"32":0,"33":0,"34":0,"35":0,"36":0,"37":0,"38":0,"39":0,"40":0,"41":0,"42":0,"43":0,"44":0,"45":0,"46":0,"47":0,"48":0,"49":0,"50":0,"51":0,"52":0,"53":0,"54":0,"55":0,"56":0,"57":0,"58":0,"59":0,"60":0,"61":0,"62":0,"63":0,"64":0,"65":0},"f":{"0":0,"1":0,"2":0,"3":0,"4":0,"5":0},"b":{"0":[0,0],"1":[0,0],"2":[0,0],"3":[0,0],"4":[0,0],"5":[0,0],"6":[0,0],"7":[0,0],"8":[0,0],"9":[0,0],"10":[0,0],"11":[0,0]},"inputSourceMap":null,"_coverageSchema":"1a1c01bbd47fc00a2c39e90264f33305004495a9","hash":"6866b0e8806ec7d7a868e8a26cb1eeb8aeddc16f"}
,"C:\\Users\\rober\\OneDrive\\Desktop\\TrenGo\\TrenGo-IngegneriaDelSoftware\\server\\src\\handlers\\followHandlers.mjs": {"path":"C:\\Users\\rober\\OneDrive\\Desktop\\TrenGo\\TrenGo-IngegneriaDelSoftware\\server\\src\\handlers\\followHandlers.mjs","statementMap":{"0":{"start":{"line":4,"column":20},"end":{"line":4,"column":29}},"1":{"start":{"line":12,"column":4},"end":{"line":57,"column":5}},"2":{"start":{"line":13,"column":29},"end":{"line":13,"column":39}},"3":{"start":{"line":14,"column":31},"end":{"line":14,"column":90}},"4":{"start":{"line":17,"column":8},"end":{"line":53,"column":9}},"5":{"start":{"line":18,"column":12},"end":{"line":21,"column":15}},"6":{"start":{"line":26,"column":27},"end":{"line":26,"column":61}},"7":{"start":{"line":27,"column":12},"end":{"line":29,"column":13}},"8":{"start":{"line":28,"column":16},"end":{"line":28,"column":79}},"9":{"start":{"line":32,"column":34},"end":{"line":32,"column":84}},"10":{"start":{"line":33,"column":12},"end":{"line":35,"column":13}},"11":{"start":{"line":34,"column":16},"end":{"line":34,"column":92}},"12":{"start":{"line":38,"column":12},"end":{"line":38,"column":51}},"13":{"start":{"line":39,"column":12},"end":{"line":39,"column":33}},"14":{"start":{"line":40,"column":12},"end":{"line":40,"column":50}},"15":{"start":{"line":43,"column":30},"end":{"line":43,"column":72}},"16":{"start":{"line":44,"column":12},"end":{"line":50,"column":15}},"17":{"start":{"line":52,"column":12},"end":{"line":52,"column":92}},"18":{"start":{"line":56,"column":8},"end":{"line":56,"column":102}},"19":{"start":{"line":66,"column":4},"end":{"line":103,"column":5}},"20":{"start":{"line":67,"column":29},"end":{"line":67,"column":39}},"21":{"start":{"line":68,"column":31},"end":{"line":68,"column":90}},"22":{"start":{"line":71,"column":8},"end":{"line":99,"column":9}},"23":{"start":{"line":72,"column":12},"end":{"line":75,"column":15}},"24":{"start":{"line":80,"column":27},"end":{"line":80,"column":61}},"25":{"start":{"line":81,"column":12},"end":{"line":83,"column":13}},"26":{"start":{"line":82,"column":16},"end":{"line":82,"column":79}},"27":{"start":{"line":86,"column":34},"end":{"line":86,"column":84}},"28":{"start":{"line":87,"column":12},"end":{"line":89,"column":13}},"29":{"start":{"line":88,"column":16},"end":{"line":88,"column":92}},"30":{"start":{"line":92,"column":12},"end":{"line":92,"column":122}},"31":{"start":{"line":92,"column":90},"end":{"line":92,"column":120}},"32":{"start":{"line":93,"column":12},"end":{"line":93,"column":39}},"33":{"start":{"line":94,"column":12},"end":{"line":94,"column":112}},"34":{"start":{"line":94,"column":75},"end":{"line":94,"column":110}},"35":{"start":{"line":95,"column":12},"end":{"line":95,"column":32}},"36":{"start":{"line":98,"column":12},"end":{"line":98,"column":100}},"37":{"start":{"line":102,"column":8},"end":{"line":102,"column":116}}},"fnMap":{"0":{"name":"follow","decl":{"start":{"line":11,"column":15},"end":{"line":11,"column":21}},"loc":{"start":{"line":11,"column":32},"end":{"line":58,"column":1}},"line":11},"1":{"name":"unfollow","decl":{"start":{"line":65,"column":15},"end":{"line":65,"column":23}},"loc":{"start":{"line":65,"column":34},"end":{"line":104,"column":1}},"line":65},"2":{"name":"(anonymous_2)","decl":{"start":{"line":92,"column":69},"end":{"line":92,"column":70}},"loc":{"start":{"line":92,"column":90},"end":{"line":92,"column":120}},"line":92},"3":{"name":"(anonymous_3)","decl":{"start":{"line":94,"column":55},"end":{"line":94,"column":56}},"loc":{"start":{"line":94,"column":75},"end":{"line":94,"column":110}},"line":94}},"branchMap":{"0":{"loc":{"start":{"line":14,"column":31},"end":{"line":14,"column":90}},"type":"cond-expr","locations":[{"start":{"line":14,"column":51},"end":{"line":14,"column":83}},{"start":{"line":14,"column":86},"end":{"line":14,"column":90}}],"line":14},"1":{"loc":{"start":{"line":17,"column":8},"end":{"line":53,"column":9}},"type":"if","locations":[{"start":{"line":17,"column":8},"end":{"line":53,"column":9}},{"start":{"line":24,"column":13},"end":{"line":53,"column":9}}],"line":17},"2":{"loc":{"start":{"line":27,"column":12},"end":{"line":29,"column":13}},"type":"if","locations":[{"start":{"line":27,"column":12},"end":{"line":29,"column":13}},{"start":{},"end":{}}],"line":27},"3":{"loc":{"start":{"line":33,"column":12},"end":{"line":35,"column":13}},"type":"if","locations":[{"start":{"line":33,"column":12},"end":{"line":35,"column":13}},{"start":{},"end":{}}],"line":33},"4":{"loc":{"start":{"line":68,"column":31},"end":{"line":68,"column":90}},"type":"cond-expr","locations":[{"start":{"line":68,"column":51},"end":{"line":68,"column":83}},{"start":{"line":68,"column":86},"end":{"line":68,"column":90}}],"line":68},"5":{"loc":{"start":{"line":71,"column":8},"end":{"line":99,"column":9}},"type":"if","locations":[{"start":{"line":71,"column":8},"end":{"line":99,"column":9}},{"start":{"line":78,"column":13},"end":{"line":99,"column":9}}],"line":71},"6":{"loc":{"start":{"line":81,"column":12},"end":{"line":83,"column":13}},"type":"if","locations":[{"start":{"line":81,"column":12},"end":{"line":83,"column":13}},{"start":{},"end":{}}],"line":81},"7":{"loc":{"start":{"line":87,"column":12},"end":{"line":89,"column":13}},"type":"if","locations":[{"start":{"line":87,"column":12},"end":{"line":89,"column":13}},{"start":{},"end":{}}],"line":87}},"s":{"0":1,"1":0,"2":0,"3":0,"4":0,"5":0,"6":0,"7":0,"8":0,"9":0,"10":0,"11":0,"12":0,"13":0,"14":0,"15":0,"16":0,"17":0,"18":0,"19":0,"20":0,"21":0,"22":0,"23":0,"24":0,"25":0,"26":0,"27":0,"28":0,"29":0,"30":0,"31":0,"32":0,"33":0,"34":0,"35":0,"36":0,"37":0},"f":{"0":0,"1":0,"2":0,"3":0},"b":{"0":[0,0],"1":[0,0],"2":[0,0],"3":[0,0],"4":[0,0],"5":[0,0],"6":[0,0],"7":[0,0]},"inputSourceMap":null,"_coverageSchema":"1a1c01bbd47fc00a2c39e90264f33305004495a9","hash":"e778b96b7b48f4ffc9614952cd8e4513aa26a145"}
,"C:\\Users\\rober\\OneDrive\\Desktop\\TrenGo\\TrenGo-IngegneriaDelSoftware\\server\\src\\handlers\\googleAuthHandlers.mjs": {"path":"C:\\Users\\rober\\OneDrive\\Desktop\\TrenGo\\TrenGo-IngegneriaDelSoftware\\server\\src\\handlers\\googleAuthHandlers.mjs","statementMap":{"0":{"start":{"line":4,"column":0},"end":{"line":4,"column":16}},"1":{"start":{"line":6,"column":21},"end":{"line":6,"column":45}},"2":{"start":{"line":7,"column":18},"end":{"line":7,"column":40}},"3":{"start":{"line":11,"column":4},"end":{"line":11,"column":87}},"4":{"start":{"line":16,"column":4},"end":{"line":21,"column":23}},"5":{"start":{"line":17,"column":8},"end":{"line":17,"column":38}},"6":{"start":{"line":17,"column":19},"end":{"line":17,"column":36}},"7":{"start":{"line":18,"column":8},"end":{"line":18,"column":55}},"8":{"start":{"line":18,"column":22},"end":{"line":18,"column":53}},"9":{"start":{"line":20,"column":8},"end":{"line":20,"column":239}}},"fnMap":{"0":{"name":"googleAuthentication","decl":{"start":{"line":10,"column":9},"end":{"line":10,"column":29}},"loc":{"start":{"line":10,"column":46},"end":{"line":12,"column":1}},"line":10},"1":{"name":"googleCallback","decl":{"start":{"line":15,"column":9},"end":{"line":15,"column":23}},"loc":{"start":{"line":15,"column":40},"end":{"line":22,"column":1}},"line":15},"2":{"name":"(anonymous_2)","decl":{"start":{"line":16,"column":38},"end":{"line":16,"column":39}},"loc":{"start":{"line":16,"column":54},"end":{"line":21,"column":5}},"line":16}},"branchMap":{"0":{"loc":{"start":{"line":17,"column":8},"end":{"line":17,"column":38}},"type":"if","locations":[{"start":{"line":17,"column":8},"end":{"line":17,"column":38}},{"start":{},"end":{}}],"line":17},"1":{"loc":{"start":{"line":18,"column":8},"end":{"line":18,"column":55}},"type":"if","locations":[{"start":{"line":18,"column":8},"end":{"line":18,"column":55}},{"start":{},"end":{}}],"line":18}},"s":{"0":1,"1":1,"2":1,"3":0,"4":0,"5":0,"6":0,"7":0,"8":0,"9":0},"f":{"0":0,"1":0,"2":0},"b":{"0":[0,0],"1":[0,0]},"inputSourceMap":null,"_coverageSchema":"1a1c01bbd47fc00a2c39e90264f33305004495a9","hash":"8b6b545e6caf724dc68ccd915298e335be7d3f47"}
,"C:\\Users\\rober\\OneDrive\\Desktop\\TrenGo\\TrenGo-IngegneriaDelSoftware\\server\\src\\handlers\\notificheHandlers.mjs": {"path":"C:\\Users\\rober\\OneDrive\\Desktop\\TrenGo\\TrenGo-IngegneriaDelSoftware\\server\\src\\handlers\\notificheHandlers.mjs","statementMap":{"0":{"start":{"line":12,"column":2},"end":{"line":73,"column":3}},"1":{"start":{"line":13,"column":58},"end":{"line":13,"column":66}},"2":{"start":{"line":14,"column":27},"end":{"line":14,"column":86}},"3":{"start":{"line":15,"column":19},"end":{"line":15,"column":21}},"4":{"start":{"line":18,"column":4},"end":{"line":69,"column":5}},"5":{"start":{"line":19,"column":6},"end":{"line":22,"column":9}},"6":{"start":{"line":26,"column":6},"end":{"line":31,"column":7}},"7":{"start":{"line":27,"column":31},"end":{"line":27,"column":75}},"8":{"start":{"line":28,"column":8},"end":{"line":30,"column":9}},"9":{"start":{"line":29,"column":10},"end":{"line":29,"column":134}},"10":{"start":{"line":34,"column":6},"end":{"line":36,"column":7}},"11":{"start":{"line":35,"column":8},"end":{"line":35,"column":105}},"12":{"start":{"line":39,"column":6},"end":{"line":41,"column":7}},"13":{"start":{"line":40,"column":8},"end":{"line":40,"column":95}},"14":{"start":{"line":44,"column":6},"end":{"line":45,"column":123}},"15":{"start":{"line":45,"column":8},"end":{"line":45,"column":123}},"16":{"start":{"line":48,"column":6},"end":{"line":49,"column":66}},"17":{"start":{"line":49,"column":8},"end":{"line":49,"column":66}},"18":{"start":{"line":52,"column":29},"end":{"line":52,"column":63}},"19":{"start":{"line":53,"column":6},"end":{"line":55,"column":7}},"20":{"start":{"line":54,"column":8},"end":{"line":54,"column":121}},"21":{"start":{"line":58,"column":27},"end":{"line":58,"column":66}},"22":{"start":{"line":61,"column":6},"end":{"line":63,"column":7}},"23":{"start":{"line":62,"column":8},"end":{"line":62,"column":33}},"24":{"start":{"line":66,"column":23},"end":{"line":66,"column":58}},"25":{"start":{"line":68,"column":6},"end":{"line":68,"column":73}},"26":{"start":{"line":72,"column":4},"end":{"line":72,"column":113}},"27":{"start":{"line":82,"column":2},"end":{"line":115,"column":3}},"28":{"start":{"line":83,"column":19},"end":{"line":83,"column":29}},"29":{"start":{"line":84,"column":27},"end":{"line":84,"column":86}},"30":{"start":{"line":87,"column":4},"end":{"line":111,"column":5}},"31":{"start":{"line":88,"column":6},"end":{"line":91,"column":9}},"32":{"start":{"line":96,"column":21},"end":{"line":96,"column":48}},"33":{"start":{"line":99,"column":6},"end":{"line":101,"column":7}},"34":{"start":{"line":100,"column":8},"end":{"line":100,"column":99}},"35":{"start":{"line":104,"column":6},"end":{"line":104,"column":104}},"36":{"start":{"line":105,"column":6},"end":{"line":105,"column":28}},"37":{"start":{"line":107,"column":6},"end":{"line":107,"column":86}},"38":{"start":{"line":107,"column":21},"end":{"line":107,"column":86}},"39":{"start":{"line":110,"column":6},"end":{"line":110,"column":73}},"40":{"start":{"line":114,"column":4},"end":{"line":114,"column":116}},"41":{"start":{"line":124,"column":2},"end":{"line":158,"column":3}},"42":{"start":{"line":125,"column":19},"end":{"line":125,"column":29}},"43":{"start":{"line":126,"column":27},"end":{"line":126,"column":86}},"44":{"start":{"line":129,"column":4},"end":{"line":154,"column":5}},"45":{"start":{"line":130,"column":6},"end":{"line":133,"column":9}},"46":{"start":{"line":138,"column":21},"end":{"line":138,"column":48}},"47":{"start":{"line":141,"column":6},"end":{"line":143,"column":7}},"48":{"start":{"line":142,"column":8},"end":{"line":142,"column":101}},"49":{"start":{"line":146,"column":6},"end":{"line":146,"column":54}},"50":{"start":{"line":148,"column":6},"end":{"line":150,"column":7}},"51":{"start":{"line":149,"column":8},"end":{"line":149,"column":73}},"52":{"start":{"line":153,"column":6},"end":{"line":153,"column":82}},"53":{"start":{"line":157,"column":4},"end":{"line":157,"column":110}},"54":{"start":{"line":167,"column":2},"end":{"line":207,"column":3}},"55":{"start":{"line":168,"column":25},"end":{"line":168,"column":35}},"56":{"start":{"line":169,"column":21},"end":{"line":169,"column":30}},"57":{"start":{"line":170,"column":27},"end":{"line":170,"column":86}},"58":{"start":{"line":173,"column":4},"end":{"line":203,"column":5}},"59":{"start":{"line":174,"column":6},"end":{"line":177,"column":9}},"60":{"start":{"line":182,"column":21},"end":{"line":182,"column":55}},"61":{"start":{"line":183,"column":6},"end":{"line":185,"column":7}},"62":{"start":{"line":184,"column":8},"end":{"line":184,"column":71}},"63":{"start":{"line":188,"column":6},"end":{"line":190,"column":7}},"64":{"start":{"line":189,"column":8},"end":{"line":189,"column":105}},"65":{"start":{"line":193,"column":21},"end":{"line":193,"column":33}},"66":{"start":{"line":194,"column":6},"end":{"line":196,"column":7}},"67":{"start":{"line":195,"column":8},"end":{"line":195,"column":31}},"68":{"start":{"line":199,"column":24},"end":{"line":199,"column":74}},"69":{"start":{"line":202,"column":6},"end":{"line":202,"column":38}},"70":{"start":{"line":206,"column":4},"end":{"line":206,"column":106}},"71":{"start":{"line":216,"column":2},"end":{"line":256,"column":3}},"72":{"start":{"line":217,"column":25},"end":{"line":217,"column":35}},"73":{"start":{"line":218,"column":21},"end":{"line":218,"column":30}},"74":{"start":{"line":219,"column":27},"end":{"line":219,"column":86}},"75":{"start":{"line":222,"column":4},"end":{"line":252,"column":5}},"76":{"start":{"line":223,"column":6},"end":{"line":226,"column":9}},"77":{"start":{"line":231,"column":21},"end":{"line":231,"column":55}},"78":{"start":{"line":232,"column":6},"end":{"line":234,"column":7}},"79":{"start":{"line":233,"column":8},"end":{"line":233,"column":71}},"80":{"start":{"line":237,"column":6},"end":{"line":239,"column":7}},"81":{"start":{"line":238,"column":8},"end":{"line":238,"column":100}},"82":{"start":{"line":242,"column":21},"end":{"line":242,"column":68}},"83":{"start":{"line":243,"column":6},"end":{"line":245,"column":7}},"84":{"start":{"line":244,"column":8},"end":{"line":244,"column":31}},"85":{"start":{"line":248,"column":6},"end":{"line":248,"column":90}},"86":{"start":{"line":251,"column":6},"end":{"line":251,"column":94}},"87":{"start":{"line":255,"column":4},"end":{"line":255,"column":117}},"88":{"start":{"line":265,"column":2},"end":{"line":305,"column":3}},"89":{"start":{"line":266,"column":25},"end":{"line":266,"column":35}},"90":{"start":{"line":267,"column":21},"end":{"line":267,"column":30}},"91":{"start":{"line":268,"column":27},"end":{"line":268,"column":86}},"92":{"start":{"line":271,"column":4},"end":{"line":301,"column":5}},"93":{"start":{"line":272,"column":6},"end":{"line":275,"column":9}},"94":{"start":{"line":280,"column":21},"end":{"line":280,"column":55}},"95":{"start":{"line":281,"column":6},"end":{"line":283,"column":7}},"96":{"start":{"line":282,"column":8},"end":{"line":282,"column":71}},"97":{"start":{"line":286,"column":6},"end":{"line":288,"column":7}},"98":{"start":{"line":287,"column":8},"end":{"line":287,"column":102}},"99":{"start":{"line":291,"column":21},"end":{"line":291,"column":33}},"100":{"start":{"line":292,"column":6},"end":{"line":294,"column":7}},"101":{"start":{"line":293,"column":8},"end":{"line":293,"column":31}},"102":{"start":{"line":297,"column":6},"end":{"line":297,"column":40}},"103":{"start":{"line":300,"column":6},"end":{"line":300,"column":97}},"104":{"start":{"line":304,"column":4},"end":{"line":304,"column":104}}},"fnMap":{"0":{"name":"postNotifica","decl":{"start":{"line":11,"column":15},"end":{"line":11,"column":27}},"loc":{"start":{"line":11,"column":38},"end":{"line":74,"column":1}},"line":11},"1":{"name":"setAsReadById","decl":{"start":{"line":81,"column":15},"end":{"line":81,"column":28}},"loc":{"start":{"line":81,"column":39},"end":{"line":116,"column":1}},"line":81},"2":{"name":"deleteNotificaById","decl":{"start":{"line":123,"column":15},"end":{"line":123,"column":33}},"loc":{"start":{"line":123,"column":44},"end":{"line":159,"column":1}},"line":123},"3":{"name":"getNotificheByUsername","decl":{"start":{"line":166,"column":15},"end":{"line":166,"column":37}},"loc":{"start":{"line":166,"column":48},"end":{"line":208,"column":1}},"line":166},"4":{"name":"setAllASReadByUsername","decl":{"start":{"line":215,"column":15},"end":{"line":215,"column":37}},"loc":{"start":{"line":215,"column":48},"end":{"line":257,"column":1}},"line":215},"5":{"name":"deleteNotificheByUsername","decl":{"start":{"line":264,"column":15},"end":{"line":264,"column":40}},"loc":{"start":{"line":264,"column":51},"end":{"line":306,"column":1}},"line":264}},"branchMap":{"0":{"loc":{"start":{"line":14,"column":27},"end":{"line":14,"column":86}},"type":"cond-expr","locations":[{"start":{"line":14,"column":47},"end":{"line":14,"column":79}},{"start":{"line":14,"column":82},"end":{"line":14,"column":86}}],"line":14},"1":{"loc":{"start":{"line":18,"column":4},"end":{"line":69,"column":5}},"type":"if","locations":[{"start":{"line":18,"column":4},"end":{"line":69,"column":5}},{"start":{"line":24,"column":9},"end":{"line":69,"column":5}}],"line":18},"2":{"loc":{"start":{"line":26,"column":6},"end":{"line":31,"column":7}},"type":"if","locations":[{"start":{"line":26,"column":6},"end":{"line":31,"column":7}},{"start":{},"end":{}}],"line":26},"3":{"loc":{"start":{"line":28,"column":8},"end":{"line":30,"column":9}},"type":"if","locations":[{"start":{"line":28,"column":8},"end":{"line":30,"column":9}},{"start":{},"end":{}}],"line":28},"4":{"loc":{"start":{"line":34,"column":6},"end":{"line":36,"column":7}},"type":"if","locations":[{"start":{"line":34,"column":6},"end":{"line":36,"column":7}},{"start":{},"end":{}}],"line":34},"5":{"loc":{"start":{"line":39,"column":6},"end":{"line":41,"column":7}},"type":"if","locations":[{"start":{"line":39,"column":6},"end":{"line":41,"column":7}},{"start":{},"end":{}}],"line":39},"6":{"loc":{"start":{"line":44,"column":6},"end":{"line":45,"column":123}},"type":"if","locations":[{"start":{"line":44,"column":6},"end":{"line":45,"column":123}},{"start":{},"end":{}}],"line":44},"7":{"loc":{"start":{"line":48,"column":6},"end":{"line":49,"column":66}},"type":"if","locations":[{"start":{"line":48,"column":6},"end":{"line":49,"column":66}},{"start":{},"end":{}}],"line":48},"8":{"loc":{"start":{"line":53,"column":6},"end":{"line":55,"column":7}},"type":"if","locations":[{"start":{"line":53,"column":6},"end":{"line":55,"column":7}},{"start":{},"end":{}}],"line":53},"9":{"loc":{"start":{"line":61,"column":6},"end":{"line":63,"column":7}},"type":"if","locations":[{"start":{"line":61,"column":6},"end":{"line":63,"column":7}},{"start":{},"end":{}}],"line":61},"10":{"loc":{"start":{"line":84,"column":27},"end":{"line":84,"column":86}},"type":"cond-expr","locations":[{"start":{"line":84,"column":47},"end":{"line":84,"column":79}},{"start":{"line":84,"column":82},"end":{"line":84,"column":86}}],"line":84},"11":{"loc":{"start":{"line":87,"column":4},"end":{"line":111,"column":5}},"type":"if","locations":[{"start":{"line":87,"column":4},"end":{"line":111,"column":5}},{"start":{"line":94,"column":9},"end":{"line":111,"column":5}}],"line":87},"12":{"loc":{"start":{"line":99,"column":6},"end":{"line":101,"column":7}},"type":"if","locations":[{"start":{"line":99,"column":6},"end":{"line":101,"column":7}},{"start":{},"end":{}}],"line":99},"13":{"loc":{"start":{"line":107,"column":6},"end":{"line":107,"column":86}},"type":"if","locations":[{"start":{"line":107,"column":6},"end":{"line":107,"column":86}},{"start":{},"end":{}}],"line":107},"14":{"loc":{"start":{"line":126,"column":27},"end":{"line":126,"column":86}},"type":"cond-expr","locations":[{"start":{"line":126,"column":47},"end":{"line":126,"column":79}},{"start":{"line":126,"column":82},"end":{"line":126,"column":86}}],"line":126},"15":{"loc":{"start":{"line":129,"column":4},"end":{"line":154,"column":5}},"type":"if","locations":[{"start":{"line":129,"column":4},"end":{"line":154,"column":5}},{"start":{"line":136,"column":9},"end":{"line":154,"column":5}}],"line":129},"16":{"loc":{"start":{"line":141,"column":6},"end":{"line":143,"column":7}},"type":"if","locations":[{"start":{"line":141,"column":6},"end":{"line":143,"column":7}},{"start":{},"end":{}}],"line":141},"17":{"loc":{"start":{"line":148,"column":6},"end":{"line":150,"column":7}},"type":"if","locations":[{"start":{"line":148,"column":6},"end":{"line":150,"column":7}},{"start":{},"end":{}}],"line":148},"18":{"loc":{"start":{"line":170,"column":27},"end":{"line":170,"column":86}},"type":"cond-expr","locations":[{"start":{"line":170,"column":47},"end":{"line":170,"column":79}},{"start":{"line":170,"column":82},"end":{"line":170,"column":86}}],"line":170},"19":{"loc":{"start":{"line":173,"column":4},"end":{"line":203,"column":5}},"type":"if","locations":[{"start":{"line":173,"column":4},"end":{"line":203,"column":5}},{"start":{"line":180,"column":9},"end":{"line":203,"column":5}}],"line":173},"20":{"loc":{"start":{"line":183,"column":6},"end":{"line":185,"column":7}},"type":"if","locations":[{"start":{"line":183,"column":6},"end":{"line":185,"column":7}},{"start":{},"end":{}}],"line":183},"21":{"loc":{"start":{"line":188,"column":6},"end":{"line":190,"column":7}},"type":"if","locations":[{"start":{"line":188,"column":6},"end":{"line":190,"column":7}},{"start":{},"end":{}}],"line":188},"22":{"loc":{"start":{"line":194,"column":6},"end":{"line":196,"column":7}},"type":"if","locations":[{"start":{"line":194,"column":6},"end":{"line":196,"column":7}},{"start":{},"end":{}}],"line":194},"23":{"loc":{"start":{"line":219,"column":27},"end":{"line":219,"column":86}},"type":"cond-expr","locations":[{"start":{"line":219,"column":47},"end":{"line":219,"column":79}},{"start":{"line":219,"column":82},"end":{"line":219,"column":86}}],"line":219},"24":{"loc":{"start":{"line":222,"column":4},"end":{"line":252,"column":5}},"type":"if","locations":[{"start":{"line":222,"column":4},"end":{"line":252,"column":5}},{"start":{"line":229,"column":9},"end":{"line":252,"column":5}}],"line":222},"25":{"loc":{"start":{"line":232,"column":6},"end":{"line":234,"column":7}},"type":"if","locations":[{"start":{"line":232,"column":6},"end":{"line":234,"column":7}},{"start":{},"end":{}}],"line":232},"26":{"loc":{"start":{"line":237,"column":6},"end":{"line":239,"column":7}},"type":"if","locations":[{"start":{"line":237,"column":6},"end":{"line":239,"column":7}},{"start":{},"end":{}}],"line":237},"27":{"loc":{"start":{"line":243,"column":6},"end":{"line":245,"column":7}},"type":"if","locations":[{"start":{"line":243,"column":6},"end":{"line":245,"column":7}},{"start":{},"end":{}}],"line":243},"28":{"loc":{"start":{"line":268,"column":27},"end":{"line":268,"column":86}},"type":"cond-expr","locations":[{"start":{"line":268,"column":47},"end":{"line":268,"column":79}},{"start":{"line":268,"column":82},"end":{"line":268,"column":86}}],"line":268},"29":{"loc":{"start":{"line":271,"column":4},"end":{"line":301,"column":5}},"type":"if","locations":[{"start":{"line":271,"column":4},"end":{"line":301,"column":5}},{"start":{"line":278,"column":9},"end":{"line":301,"column":5}}],"line":271},"30":{"loc":{"start":{"line":281,"column":6},"end":{"line":283,"column":7}},"type":"if","locations":[{"start":{"line":281,"column":6},"end":{"line":283,"column":7}},{"start":{},"end":{}}],"line":281},"31":{"loc":{"start":{"line":286,"column":6},"end":{"line":288,"column":7}},"type":"if","locations":[{"start":{"line":286,"column":6},"end":{"line":288,"column":7}},{"start":{},"end":{}}],"line":286},"32":{"loc":{"start":{"line":292,"column":6},"end":{"line":294,"column":7}},"type":"if","locations":[{"start":{"line":292,"column":6},"end":{"line":294,"column":7}},{"start":{},"end":{}}],"line":292}},"s":{"0":0,"1":0,"2":0,"3":0,"4":0,"5":0,"6":0,"7":0,"8":0,"9":0,"10":0,"11":0,"12":0,"13":0,"14":0,"15":0,"16":0,"17":0,"18":0,"19":0,"20":0,"21":0,"22":0,"23":0,"24":0,"25":0,"26":0,"27":0,"28":0,"29":0,"30":0,"31":0,"32":0,"33":0,"34":0,"35":0,"36":0,"37":0,"38":0,"39":0,"40":0,"41":0,"42":0,"43":0,"44":0,"45":0,"46":0,"47":0,"48":0,"49":0,"50":0,"51":0,"52":0,"53":0,"54":0,"55":0,"56":0,"57":0,"58":0,"59":0,"60":0,"61":0,"62":0,"63":0,"64":0,"65":0,"66":0,"67":0,"68":0,"69":0,"70":0,"71":0,"72":0,"73":0,"74":0,"75":0,"76":0,"77":0,"78":0,"79":0,"80":0,"81":0,"82":0,"83":0,"84":0,"85":0,"86":0,"87":0,"88":0,"89":0,"90":0,"91":0,"92":0,"93":0,"94":0,"95":0,"96":0,"97":0,"98":0,"99":0,"100":0,"101":0,"102":0,"103":0,"104":0},"f":{"0":0,"1":0,"2":0,"3":0,"4":0,"5":0},"b":{"0":[0,0],"1":[0,0],"2":[0,0],"3":[0,0],"4":[0,0],"5":[0,0],"6":[0,0],"7":[0,0],"8":[0,0],"9":[0,0],"10":[0,0],"11":[0,0],"12":[0,0],"13":[0,0],"14":[0,0],"15":[0,0],"16":[0,0],"17":[0,0],"18":[0,0],"19":[0,0],"20":[0,0],"21":[0,0],"22":[0,0],"23":[0,0],"24":[0,0],"25":[0,0],"26":[0,0],"27":[0,0],"28":[0,0],"29":[0,0],"30":[0,0],"31":[0,0],"32":[0,0]},"inputSourceMap":null,"_coverageSchema":"1a1c01bbd47fc00a2c39e90264f33305004495a9","hash":"a61e0cc625837eb131826796c096d00b871e2847"}
,"C:\\Users\\rober\\OneDrive\\Desktop\\TrenGo\\TrenGo-IngegneriaDelSoftware\\server\\src\\handlers\\proposteHandlers.mjs": {"path":"C:\\Users\\rober\\OneDrive\\Desktop\\TrenGo\\TrenGo-IngegneriaDelSoftware\\server\\src\\handlers\\proposteHandlers.mjs","statementMap":{"0":{"start":{"line":13,"column":22},"end":{"line":13,"column":33}},"1":{"start":{"line":21,"column":1},"end":{"line":68,"column":2}},"2":{"start":{"line":22,"column":25},"end":{"line":22,"column":84}},"3":{"start":{"line":23,"column":16},"end":{"line":23,"column":18}},"4":{"start":{"line":26,"column":39},"end":{"line":26,"column":48}},"5":{"start":{"line":29,"column":2},"end":{"line":65,"column":3}},"6":{"start":{"line":30,"column":3},"end":{"line":33,"column":4}},"7":{"start":{"line":32,"column":4},"end":{"line":32,"column":44}},"8":{"start":{"line":34,"column":3},"end":{"line":37,"column":4}},"9":{"start":{"line":36,"column":4},"end":{"line":36,"column":40}},"10":{"start":{"line":38,"column":3},"end":{"line":47,"column":4}},"11":{"start":{"line":39,"column":16},"end":{"line":39,"column":26}},"12":{"start":{"line":40,"column":22},"end":{"line":40,"column":62}},"13":{"start":{"line":43,"column":4},"end":{"line":46,"column":6}},"14":{"start":{"line":49,"column":20},"end":{"line":49,"column":46}},"15":{"start":{"line":51,"column":3},"end":{"line":53,"column":4}},"16":{"start":{"line":52,"column":4},"end":{"line":52,"column":78}},"17":{"start":{"line":55,"column":3},"end":{"line":55,"column":45}},"18":{"start":{"line":59,"column":31},"end":{"line":59,"column":87}},"19":{"start":{"line":60,"column":20},"end":{"line":60,"column":112}},"20":{"start":{"line":60,"column":96},"end":{"line":60,"column":106}},"21":{"start":{"line":61,"column":3},"end":{"line":63,"column":4}},"22":{"start":{"line":62,"column":4},"end":{"line":62,"column":78}},"23":{"start":{"line":64,"column":3},"end":{"line":64,"column":45}},"24":{"start":{"line":67,"column":2},"end":{"line":67,"column":110}},"25":{"start":{"line":96,"column":1},"end":{"line":106,"column":2}},"26":{"start":{"line":97,"column":30},"end":{"line":97,"column":86}},"27":{"start":{"line":98,"column":19},"end":{"line":98,"column":111}},"28":{"start":{"line":98,"column":95},"end":{"line":98,"column":105}},"29":{"start":{"line":99,"column":2},"end":{"line":101,"column":3}},"30":{"start":{"line":100,"column":3},"end":{"line":100,"column":77}},"31":{"start":{"line":102,"column":2},"end":{"line":102,"column":44}},"32":{"start":{"line":105,"column":2},"end":{"line":105,"column":110}},"33":{"start":{"line":115,"column":1},"end":{"line":126,"column":2}},"34":{"start":{"line":116,"column":25},"end":{"line":116,"column":57}},"35":{"start":{"line":117,"column":19},"end":{"line":117,"column":78}},"36":{"start":{"line":119,"column":2},"end":{"line":121,"column":3}},"37":{"start":{"line":120,"column":3},"end":{"line":120,"column":77}},"38":{"start":{"line":122,"column":2},"end":{"line":122,"column":44}},"39":{"start":{"line":125,"column":2},"end":{"line":125,"column":110}},"40":{"start":{"line":135,"column":1},"end":{"line":146,"column":2}},"41":{"start":{"line":136,"column":25},"end":{"line":136,"column":57}},"42":{"start":{"line":137,"column":19},"end":{"line":137,"column":72}},"43":{"start":{"line":139,"column":2},"end":{"line":141,"column":3}},"44":{"start":{"line":140,"column":3},"end":{"line":140,"column":77}},"45":{"start":{"line":142,"column":2},"end":{"line":142,"column":44}},"46":{"start":{"line":145,"column":2},"end":{"line":145,"column":110}},"47":{"start":{"line":171,"column":4},"end":{"line":237,"column":5}},"48":{"start":{"line":172,"column":8},"end":{"line":172,"column":54}},"49":{"start":{"line":173,"column":23},"end":{"line":173,"column":33}},"50":{"start":{"line":174,"column":32},"end":{"line":174,"column":41}},"51":{"start":{"line":175,"column":25},"end":{"line":175,"column":52}},"52":{"start":{"line":176,"column":31},"end":{"line":176,"column":90}},"53":{"start":{"line":178,"column":8},"end":{"line":181,"column":9}},"54":{"start":{"line":179,"column":12},"end":{"line":179,"column":48}},"55":{"start":{"line":180,"column":12},"end":{"line":180,"column":77}},"56":{"start":{"line":184,"column":8},"end":{"line":233,"column":9}},"57":{"start":{"line":185,"column":12},"end":{"line":185,"column":59}},"58":{"start":{"line":186,"column":12},"end":{"line":220,"column":13}},"59":{"start":{"line":187,"column":16},"end":{"line":187,"column":53}},"60":{"start":{"line":188,"column":37},"end":{"line":188,"column":73}},"61":{"start":{"line":189,"column":39},"end":{"line":189,"column":40}},"62":{"start":{"line":191,"column":16},"end":{"line":213,"column":17}},"63":{"start":{"line":192,"column":20},"end":{"line":198,"column":21}},"64":{"start":{"line":192,"column":33},"end":{"line":192,"column":34}},"65":{"start":{"line":193,"column":53},"end":{"line":193,"column":182}},"66":{"start":{"line":194,"column":24},"end":{"line":196,"column":25}},"67":{"start":{"line":195,"column":28},"end":{"line":195,"column":47}},"68":{"start":{"line":197,"column":24},"end":{"line":197,"column":110}},"69":{"start":{"line":200,"column":20},"end":{"line":200,"column":130}},"70":{"start":{"line":200,"column":97},"end":{"line":200,"column":128}},"71":{"start":{"line":201,"column":20},"end":{"line":207,"column":21}},"72":{"start":{"line":201,"column":33},"end":{"line":201,"column":34}},"73":{"start":{"line":202,"column":53},"end":{"line":202,"column":182}},"74":{"start":{"line":203,"column":24},"end":{"line":205,"column":25}},"75":{"start":{"line":204,"column":28},"end":{"line":204,"column":47}},"76":{"start":{"line":206,"column":24},"end":{"line":206,"column":110}},"77":{"start":{"line":208,"column":49},"end":{"line":208,"column":179}},"78":{"start":{"line":209,"column":20},"end":{"line":211,"column":21}},"79":{"start":{"line":210,"column":24},"end":{"line":210,"column":43}},"80":{"start":{"line":212,"column":20},"end":{"line":212,"column":108}},"81":{"start":{"line":214,"column":16},"end":{"line":214,"column":65}},"82":{"start":{"line":215,"column":16},"end":{"line":215,"column":67}},"83":{"start":{"line":216,"column":16},"end":{"line":216,"column":72}},"84":{"start":{"line":218,"column":16},"end":{"line":218,"column":71}},"85":{"start":{"line":219,"column":16},"end":{"line":219,"column":58}},"86":{"start":{"line":224,"column":12},"end":{"line":224,"column":46}},"87":{"start":{"line":225,"column":35},"end":{"line":225,"column":96}},"88":{"start":{"line":226,"column":12},"end":{"line":232,"column":13}},"89":{"start":{"line":227,"column":16},"end":{"line":227,"column":78}},"90":{"start":{"line":228,"column":16},"end":{"line":228,"column":58}},"91":{"start":{"line":230,"column":16},"end":{"line":230,"column":47}},"92":{"start":{"line":231,"column":16},"end":{"line":231,"column":111}},"93":{"start":{"line":235,"column":8},"end":{"line":235,"column":75}},"94":{"start":{"line":236,"column":8},"end":{"line":236,"column":116}},"95":{"start":{"line":283,"column":1},"end":{"line":332,"column":2}},"96":{"start":{"line":284,"column":25},"end":{"line":284,"column":84}},"97":{"start":{"line":285,"column":16},"end":{"line":285,"column":18}},"98":{"start":{"line":288,"column":76},"end":{"line":288,"column":85}},"99":{"start":{"line":290,"column":2},"end":{"line":292,"column":3}},"100":{"start":{"line":291,"column":3},"end":{"line":291,"column":74}},"101":{"start":{"line":294,"column":2},"end":{"line":296,"column":3}},"102":{"start":{"line":295,"column":3},"end":{"line":295,"column":60}},"103":{"start":{"line":298,"column":2},"end":{"line":306,"column":3}},"104":{"start":{"line":299,"column":3},"end":{"line":299,"column":89}},"105":{"start":{"line":301,"column":7},"end":{"line":306,"column":3}},"106":{"start":{"line":302,"column":3},"end":{"line":302,"column":66}},"107":{"start":{"line":304,"column":7},"end":{"line":306,"column":3}},"108":{"start":{"line":305,"column":3},"end":{"line":305,"column":66}},"109":{"start":{"line":309,"column":2},"end":{"line":328,"column":3}},"110":{"start":{"line":310,"column":20},"end":{"line":310,"column":46}},"111":{"start":{"line":311,"column":3},"end":{"line":313,"column":4}},"112":{"start":{"line":312,"column":4},"end":{"line":312,"column":78}},"113":{"start":{"line":315,"column":3},"end":{"line":315,"column":45}},"114":{"start":{"line":319,"column":31},"end":{"line":319,"column":87}},"115":{"start":{"line":320,"column":3},"end":{"line":320,"column":78}},"116":{"start":{"line":320,"column":64},"end":{"line":320,"column":74}},"117":{"start":{"line":321,"column":20},"end":{"line":321,"column":46}},"118":{"start":{"line":323,"column":3},"end":{"line":325,"column":4}},"119":{"start":{"line":324,"column":4},"end":{"line":324,"column":78}},"120":{"start":{"line":327,"column":3},"end":{"line":327,"column":45}},"121":{"start":{"line":331,"column":2},"end":{"line":331,"column":110}},"122":{"start":{"line":336,"column":103},"end":{"line":336,"column":111}},"123":{"start":{"line":337,"column":24},"end":{"line":337,"column":83}},"124":{"start":{"line":338,"column":16},"end":{"line":338,"column":18}},"125":{"start":{"line":339,"column":24},"end":{"line":339,"column":74}},"126":{"start":{"line":342,"column":1},"end":{"line":392,"column":2}},"127":{"start":{"line":343,"column":2},"end":{"line":346,"column":5}},"128":{"start":{"line":350,"column":2},"end":{"line":351,"column":72}},"129":{"start":{"line":351,"column":3},"end":{"line":351,"column":72}},"130":{"start":{"line":354,"column":2},"end":{"line":355,"column":83}},"131":{"start":{"line":355,"column":3},"end":{"line":355,"column":83}},"132":{"start":{"line":358,"column":2},"end":{"line":359,"column":84}},"133":{"start":{"line":359,"column":3},"end":{"line":359,"column":84}},"134":{"start":{"line":362,"column":2},"end":{"line":363,"column":78}},"135":{"start":{"line":363,"column":3},"end":{"line":363,"column":78}},"136":{"start":{"line":366,"column":2},"end":{"line":367,"column":61}},"137":{"start":{"line":367,"column":3},"end":{"line":367,"column":61}},"138":{"start":{"line":369,"column":2},"end":{"line":391,"column":3}},"139":{"start":{"line":371,"column":20},"end":{"line":371,"column":170}},"140":{"start":{"line":372,"column":23},"end":{"line":372,"column":56}},"141":{"start":{"line":373,"column":16},"end":{"line":373,"column":109}},"142":{"start":{"line":374,"column":3},"end":{"line":374,"column":72}},"143":{"start":{"line":376,"column":3},"end":{"line":385,"column":6}},"144":{"start":{"line":378,"column":4},"end":{"line":384,"column":7}},"145":{"start":{"line":386,"column":3},"end":{"line":386,"column":69}},"146":{"start":{"line":390,"column":3},"end":{"line":390,"column":112}},"147":{"start":{"line":435,"column":24},"end":{"line":435,"column":83}},"148":{"start":{"line":436,"column":20},"end":{"line":436,"column":33}},"149":{"start":{"line":437,"column":18},"end":{"line":437,"column":53}},"150":{"start":{"line":439,"column":20},"end":{"line":439,"column":41}},"151":{"start":{"line":442,"column":1},"end":{"line":470,"column":2}},"152":{"start":{"line":443,"column":2},"end":{"line":446,"column":5}},"153":{"start":{"line":450,"column":2},"end":{"line":469,"column":3}},"154":{"start":{"line":452,"column":3},"end":{"line":454,"column":4}},"155":{"start":{"line":453,"column":4},"end":{"line":453,"column":91}},"156":{"start":{"line":456,"column":3},"end":{"line":456,"column":103}},"157":{"start":{"line":456,"column":62},"end":{"line":456,"column":101}},"158":{"start":{"line":458,"column":3},"end":{"line":458,"column":146}},"159":{"start":{"line":460,"column":16},"end":{"line":460,"column":52}},"160":{"start":{"line":461,"column":3},"end":{"line":461,"column":111}},"161":{"start":{"line":461,"column":70},"end":{"line":461,"column":109}},"162":{"start":{"line":462,"column":3},"end":{"line":462,"column":15}},"163":{"start":{"line":464,"column":3},"end":{"line":464,"column":67}},"164":{"start":{"line":468,"column":3},"end":{"line":468,"column":111}},"165":{"start":{"line":474,"column":1},"end":{"line":519,"column":2}},"166":{"start":{"line":475,"column":17},"end":{"line":475,"column":27}},"167":{"start":{"line":476,"column":18},"end":{"line":476,"column":26}},"168":{"start":{"line":477,"column":25},"end":{"line":477,"column":84}},"169":{"start":{"line":480,"column":2},"end":{"line":516,"column":3}},"170":{"start":{"line":481,"column":3},"end":{"line":484,"column":6}},"171":{"start":{"line":488,"column":18},"end":{"line":488,"column":45}},"172":{"start":{"line":490,"column":3},"end":{"line":492,"column":4}},"173":{"start":{"line":491,"column":4},"end":{"line":491,"column":69}},"174":{"start":{"line":495,"column":3},"end":{"line":513,"column":4}},"175":{"start":{"line":497,"column":4},"end":{"line":497,"column":76}},"176":{"start":{"line":498,"column":24},"end":{"line":498,"column":57}},"177":{"start":{"line":500,"column":4},"end":{"line":509,"column":7}},"178":{"start":{"line":502,"column":5},"end":{"line":508,"column":8}},"179":{"start":{"line":512,"column":4},"end":{"line":512,"column":87}},"180":{"start":{"line":515,"column":3},"end":{"line":515,"column":45}},"181":{"start":{"line":518,"column":2},"end":{"line":518,"column":110}},"182":{"start":{"line":528,"column":1},"end":{"line":581,"column":2}},"183":{"start":{"line":529,"column":17},"end":{"line":529,"column":27}},"184":{"start":{"line":530,"column":25},"end":{"line":530,"column":84}},"185":{"start":{"line":533,"column":2},"end":{"line":578,"column":3}},"186":{"start":{"line":534,"column":3},"end":{"line":537,"column":6}},"187":{"start":{"line":542,"column":18},"end":{"line":542,"column":45}},"188":{"start":{"line":544,"column":3},"end":{"line":546,"column":4}},"189":{"start":{"line":545,"column":4},"end":{"line":545,"column":69}},"190":{"start":{"line":549,"column":3},"end":{"line":576,"column":4}},"191":{"start":{"line":551,"column":24},"end":{"line":551,"column":57}},"192":{"start":{"line":552,"column":4},"end":{"line":561,"column":7}},"193":{"start":{"line":554,"column":5},"end":{"line":560,"column":8}},"194":{"start":{"line":564,"column":4},"end":{"line":564,"column":41}},"195":{"start":{"line":566,"column":4},"end":{"line":566,"column":51}},"196":{"start":{"line":568,"column":4},"end":{"line":568,"column":53}},"197":{"start":{"line":570,"column":17},"end":{"line":570,"column":62}},"198":{"start":{"line":572,"column":4},"end":{"line":572,"column":53}},"199":{"start":{"line":575,"column":4},"end":{"line":575,"column":86}},"200":{"start":{"line":577,"column":3},"end":{"line":577,"column":79}},"201":{"start":{"line":580,"column":2},"end":{"line":580,"column":113}}},"fnMap":{"0":{"name":"getProposte","decl":{"start":{"line":20,"column":15},"end":{"line":20,"column":26}},"loc":{"start":{"line":20,"column":37},"end":{"line":69,"column":1}},"line":20},"1":{"name":"(anonymous_1)","decl":{"start":{"line":60,"column":91},"end":{"line":60,"column":92}},"loc":{"start":{"line":60,"column":96},"end":{"line":60,"column":106}},"line":60},"2":{"name":"getProposteNA","decl":{"start":{"line":95,"column":15},"end":{"line":95,"column":28}},"loc":{"start":{"line":95,"column":39},"end":{"line":107,"column":1}},"line":95},"3":{"name":"(anonymous_3)","decl":{"start":{"line":98,"column":90},"end":{"line":98,"column":91}},"loc":{"start":{"line":98,"column":95},"end":{"line":98,"column":105}},"line":98},"4":{"name":"getMieProposte","decl":{"start":{"line":114,"column":15},"end":{"line":114,"column":29}},"loc":{"start":{"line":114,"column":40},"end":{"line":127,"column":1}},"line":114},"5":{"name":"getProposteIscritto","decl":{"start":{"line":134,"column":15},"end":{"line":134,"column":34}},"loc":{"start":{"line":134,"column":45},"end":{"line":147,"column":1}},"line":134},"6":{"name":"getPropostaById","decl":{"start":{"line":170,"column":15},"end":{"line":170,"column":30}},"loc":{"start":{"line":170,"column":41},"end":{"line":238,"column":1}},"line":170},"7":{"name":"(anonymous_7)","decl":{"start":{"line":200,"column":81},"end":{"line":200,"column":82}},"loc":{"start":{"line":200,"column":97},"end":{"line":200,"column":128}},"line":200},"8":{"name":"ricercaProposte","decl":{"start":{"line":282,"column":15},"end":{"line":282,"column":30}},"loc":{"start":{"line":282,"column":41},"end":{"line":333,"column":1}},"line":282},"9":{"name":"(anonymous_9)","decl":{"start":{"line":320,"column":59},"end":{"line":320,"column":60}},"loc":{"start":{"line":320,"column":64},"end":{"line":320,"column":74}},"line":320},"10":{"name":"postProposta","decl":{"start":{"line":335,"column":15},"end":{"line":335,"column":27}},"loc":{"start":{"line":335,"column":38},"end":{"line":393,"column":1}},"line":335},"11":{"name":"(anonymous_11)","decl":{"start":{"line":376,"column":36},"end":{"line":376,"column":37}},"loc":{"start":{"line":376,"column":54},"end":{"line":385,"column":4}},"line":376},"12":{"name":"annullaPartecipazioneById","decl":{"start":{"line":434,"column":15},"end":{"line":434,"column":40}},"loc":{"start":{"line":434,"column":51},"end":{"line":471,"column":1}},"line":434},"13":{"name":"(anonymous_13)","decl":{"start":{"line":456,"column":38},"end":{"line":456,"column":39}},"loc":{"start":{"line":456,"column":62},"end":{"line":456,"column":101}},"line":456},"14":{"name":"(anonymous_14)","decl":{"start":{"line":461,"column":46},"end":{"line":461,"column":47}},"loc":{"start":{"line":461,"column":70},"end":{"line":461,"column":109}},"line":461},"15":{"name":"modifyPropostaById","decl":{"start":{"line":473,"column":15},"end":{"line":473,"column":33}},"loc":{"start":{"line":473,"column":44},"end":{"line":520,"column":1}},"line":473},"16":{"name":"(anonymous_16)","decl":{"start":{"line":500,"column":34},"end":{"line":500,"column":35}},"loc":{"start":{"line":500,"column":56},"end":{"line":509,"column":5}},"line":500},"17":{"name":"deletePropostaById","decl":{"start":{"line":527,"column":15},"end":{"line":527,"column":33}},"loc":{"start":{"line":527,"column":44},"end":{"line":582,"column":1}},"line":527},"18":{"name":"(anonymous_18)","decl":{"start":{"line":552,"column":34},"end":{"line":552,"column":35}},"loc":{"start":{"line":552,"column":56},"end":{"line":561,"column":5}},"line":552}},"branchMap":{"0":{"loc":{"start":{"line":22,"column":25},"end":{"line":22,"column":84}},"type":"cond-expr","locations":[{"start":{"line":22,"column":45},"end":{"line":22,"column":77}},{"start":{"line":22,"column":80},"end":{"line":22,"column":84}}],"line":22},"1":{"loc":{"start":{"line":29,"column":2},"end":{"line":65,"column":3}},"type":"if","locations":[{"start":{"line":29,"column":2},"end":{"line":65,"column":3}},{"start":{"line":58,"column":7},"end":{"line":65,"column":3}}],"line":29},"2":{"loc":{"start":{"line":30,"column":3},"end":{"line":33,"column":4}},"type":"if","locations":[{"start":{"line":30,"column":3},"end":{"line":33,"column":4}},{"start":{},"end":{}}],"line":30},"3":{"loc":{"start":{"line":34,"column":3},"end":{"line":37,"column":4}},"type":"if","locations":[{"start":{"line":34,"column":3},"end":{"line":37,"column":4}},{"start":{},"end":{}}],"line":34},"4":{"loc":{"start":{"line":38,"column":3},"end":{"line":47,"column":4}},"type":"if","locations":[{"start":{"line":38,"column":3},"end":{"line":47,"column":4}},{"start":{},"end":{}}],"line":38},"5":{"loc":{"start":{"line":51,"column":3},"end":{"line":53,"column":4}},"type":"if","locations":[{"start":{"line":51,"column":3},"end":{"line":53,"column":4}},{"start":{},"end":{}}],"line":51},"6":{"loc":{"start":{"line":61,"column":3},"end":{"line":63,"column":4}},"type":"if","locations":[{"start":{"line":61,"column":3},"end":{"line":63,"column":4}},{"start":{},"end":{}}],"line":61},"7":{"loc":{"start":{"line":99,"column":2},"end":{"line":101,"column":3}},"type":"if","locations":[{"start":{"line":99,"column":2},"end":{"line":101,"column":3}},{"start":{},"end":{}}],"line":99},"8":{"loc":{"start":{"line":119,"column":2},"end":{"line":121,"column":3}},"type":"if","locations":[{"start":{"line":119,"column":2},"end":{"line":121,"column":3}},{"start":{},"end":{}}],"line":119},"9":{"loc":{"start":{"line":139,"column":2},"end":{"line":141,"column":3}},"type":"if","locations":[{"start":{"line":139,"column":2},"end":{"line":141,"column":3}},{"start":{},"end":{}}],"line":139},"10":{"loc":{"start":{"line":176,"column":31},"end":{"line":176,"column":90}},"type":"cond-expr","locations":[{"start":{"line":176,"column":51},"end":{"line":176,"column":83}},{"start":{"line":176,"column":86},"end":{"line":176,"column":90}}],"line":176},"11":{"loc":{"start":{"line":178,"column":8},"end":{"line":181,"column":9}},"type":"if","locations":[{"start":{"line":178,"column":8},"end":{"line":181,"column":9}},{"start":{},"end":{}}],"line":178},"12":{"loc":{"start":{"line":184,"column":8},"end":{"line":233,"column":9}},"type":"if","locations":[{"start":{"line":184,"column":8},"end":{"line":233,"column":9}},{"start":{"line":223,"column":13},"end":{"line":233,"column":9}}],"line":184},"13":{"loc":{"start":{"line":186,"column":12},"end":{"line":220,"column":13}},"type":"if","locations":[{"start":{"line":186,"column":12},"end":{"line":220,"column":13}},{"start":{"line":217,"column":19},"end":{"line":220,"column":13}}],"line":186},"14":{"loc":{"start":{"line":191,"column":16},"end":{"line":213,"column":17}},"type":"if","locations":[{"start":{"line":191,"column":16},"end":{"line":213,"column":17}},{"start":{"line":199,"column":23},"end":{"line":213,"column":17}}],"line":191},"15":{"loc":{"start":{"line":194,"column":24},"end":{"line":196,"column":25}},"type":"if","locations":[{"start":{"line":194,"column":24},"end":{"line":196,"column":25}},{"start":{},"end":{}}],"line":194},"16":{"loc":{"start":{"line":203,"column":24},"end":{"line":205,"column":25}},"type":"if","locations":[{"start":{"line":203,"column":24},"end":{"line":205,"column":25}},{"start":{},"end":{}}],"line":203},"17":{"loc":{"start":{"line":209,"column":20},"end":{"line":211,"column":21}},"type":"if","locations":[{"start":{"line":209,"column":20},"end":{"line":211,"column":21}},{"start":{},"end":{}}],"line":209},"18":{"loc":{"start":{"line":226,"column":12},"end":{"line":232,"column":13}},"type":"if","locations":[{"start":{"line":226,"column":12},"end":{"line":232,"column":13}},{"start":{"line":229,"column":19},"end":{"line":232,"column":13}}],"line":226},"19":{"loc":{"start":{"line":284,"column":25},"end":{"line":284,"column":84}},"type":"cond-expr","locations":[{"start":{"line":284,"column":45},"end":{"line":284,"column":77}},{"start":{"line":284,"column":80},"end":{"line":284,"column":84}}],"line":284},"20":{"loc":{"start":{"line":290,"column":2},"end":{"line":292,"column":3}},"type":"if","locations":[{"start":{"line":290,"column":2},"end":{"line":292,"column":3}},{"start":{},"end":{}}],"line":290},"21":{"loc":{"start":{"line":294,"column":2},"end":{"line":296,"column":3}},"type":"if","locations":[{"start":{"line":294,"column":2},"end":{"line":296,"column":3}},{"start":{},"end":{}}],"line":294},"22":{"loc":{"start":{"line":298,"column":2},"end":{"line":306,"column":3}},"type":"if","locations":[{"start":{"line":298,"column":2},"end":{"line":306,"column":3}},{"start":{"line":301,"column":7},"end":{"line":306,"column":3}}],"line":298},"23":{"loc":{"start":{"line":298,"column":6},"end":{"line":298,"column":40}},"type":"binary-expr","locations":[{"start":{"line":298,"column":6},"end":{"line":298,"column":21}},{"start":{"line":298,"column":25},"end":{"line":298,"column":40}}],"line":298},"24":{"loc":{"start":{"line":301,"column":7},"end":{"line":306,"column":3}},"type":"if","locations":[{"start":{"line":301,"column":7},"end":{"line":306,"column":3}},{"start":{"line":304,"column":7},"end":{"line":306,"column":3}}],"line":301},"25":{"loc":{"start":{"line":304,"column":7},"end":{"line":306,"column":3}},"type":"if","locations":[{"start":{"line":304,"column":7},"end":{"line":306,"column":3}},{"start":{},"end":{}}],"line":304},"26":{"loc":{"start":{"line":309,"column":2},"end":{"line":328,"column":3}},"type":"if","locations":[{"start":{"line":309,"column":2},"end":{"line":328,"column":3}},{"start":{"line":318,"column":7},"end":{"line":328,"column":3}}],"line":309},"27":{"loc":{"start":{"line":311,"column":3},"end":{"line":313,"column":4}},"type":"if","locations":[{"start":{"line":311,"column":3},"end":{"line":313,"column":4}},{"start":{},"end":{}}],"line":311},"28":{"loc":{"start":{"line":323,"column":3},"end":{"line":325,"column":4}},"type":"if","locations":[{"start":{"line":323,"column":3},"end":{"line":325,"column":4}},{"start":{},"end":{}}],"line":323},"29":{"loc":{"start":{"line":337,"column":24},"end":{"line":337,"column":83}},"type":"cond-expr","locations":[{"start":{"line":337,"column":44},"end":{"line":337,"column":76}},{"start":{"line":337,"column":79},"end":{"line":337,"column":83}}],"line":337},"30":{"loc":{"start":{"line":342,"column":1},"end":{"line":392,"column":2}},"type":"if","locations":[{"start":{"line":342,"column":1},"end":{"line":392,"column":2}},{"start":{"line":348,"column":6},"end":{"line":392,"column":2}}],"line":342},"31":{"loc":{"start":{"line":350,"column":2},"end":{"line":351,"column":72}},"type":"if","locations":[{"start":{"line":350,"column":2},"end":{"line":351,"column":72}},{"start":{},"end":{}}],"line":350},"32":{"loc":{"start":{"line":354,"column":2},"end":{"line":355,"column":83}},"type":"if","locations":[{"start":{"line":354,"column":2},"end":{"line":355,"column":83}},{"start":{},"end":{}}],"line":354},"33":{"loc":{"start":{"line":358,"column":2},"end":{"line":359,"column":84}},"type":"if","locations":[{"start":{"line":358,"column":2},"end":{"line":359,"column":84}},{"start":{},"end":{}}],"line":358},"34":{"loc":{"start":{"line":362,"column":2},"end":{"line":363,"column":78}},"type":"if","locations":[{"start":{"line":362,"column":2},"end":{"line":363,"column":78}},{"start":{},"end":{}}],"line":362},"35":{"loc":{"start":{"line":366,"column":2},"end":{"line":367,"column":61}},"type":"if","locations":[{"start":{"line":366,"column":2},"end":{"line":367,"column":61}},{"start":{},"end":{}}],"line":366},"36":{"loc":{"start":{"line":435,"column":24},"end":{"line":435,"column":83}},"type":"cond-expr","locations":[{"start":{"line":435,"column":44},"end":{"line":435,"column":76}},{"start":{"line":435,"column":79},"end":{"line":435,"column":83}}],"line":435},"37":{"loc":{"start":{"line":442,"column":1},"end":{"line":470,"column":2}},"type":"if","locations":[{"start":{"line":442,"column":1},"end":{"line":470,"column":2}},{"start":{"line":449,"column":6},"end":{"line":470,"column":2}}],"line":442},"38":{"loc":{"start":{"line":452,"column":3},"end":{"line":454,"column":4}},"type":"if","locations":[{"start":{"line":452,"column":3},"end":{"line":454,"column":4}},{"start":{},"end":{}}],"line":452},"39":{"loc":{"start":{"line":477,"column":25},"end":{"line":477,"column":84}},"type":"cond-expr","locations":[{"start":{"line":477,"column":45},"end":{"line":477,"column":77}},{"start":{"line":477,"column":80},"end":{"line":477,"column":84}}],"line":477},"40":{"loc":{"start":{"line":480,"column":2},"end":{"line":516,"column":3}},"type":"if","locations":[{"start":{"line":480,"column":2},"end":{"line":516,"column":3}},{"start":{"line":486,"column":7},"end":{"line":516,"column":3}}],"line":480},"41":{"loc":{"start":{"line":490,"column":3},"end":{"line":492,"column":4}},"type":"if","locations":[{"start":{"line":490,"column":3},"end":{"line":492,"column":4}},{"start":{},"end":{}}],"line":490},"42":{"loc":{"start":{"line":495,"column":3},"end":{"line":513,"column":4}},"type":"if","locations":[{"start":{"line":495,"column":3},"end":{"line":513,"column":4}},{"start":{"line":511,"column":8},"end":{"line":513,"column":4}}],"line":495},"43":{"loc":{"start":{"line":530,"column":25},"end":{"line":530,"column":84}},"type":"cond-expr","locations":[{"start":{"line":530,"column":45},"end":{"line":530,"column":77}},{"start":{"line":530,"column":80},"end":{"line":530,"column":84}}],"line":530},"44":{"loc":{"start":{"line":533,"column":2},"end":{"line":578,"column":3}},"type":"if","locations":[{"start":{"line":533,"column":2},"end":{"line":578,"column":3}},{"start":{"line":540,"column":7},"end":{"line":578,"column":3}}],"line":533},"45":{"loc":{"start":{"line":544,"column":3},"end":{"line":546,"column":4}},"type":"if","locations":[{"start":{"line":544,"column":3},"end":{"line":546,"column":4}},{"start":{},"end":{}}],"line":544},"46":{"loc":{"start":{"line":549,"column":3},"end":{"line":576,"column":4}},"type":"if","locations":[{"start":{"line":549,"column":3},"end":{"line":576,"column":4}},{"start":{"line":574,"column":8},"end":{"line":576,"column":4}}],"line":549}},"s":{"0":1,"1":0,"2":0,"3":0,"4":0,"5":0,"6":0,"7":0,"8":0,"9":0,"10":0,"11":0,"12":0,"13":0,"14":0,"15":0,"16":0,"17":0,"18":0,"19":0,"20":0,"21":0,"22":0,"23":0,"24":0,"25":0,"26":0,"27":0,"28":0,"29":0,"30":0,"31":0,"32":0,"33":0,"34":0,"35":0,"36":0,"37":0,"38":0,"39":0,"40":0,"41":0,"42":0,"43":0,"44":0,"45":0,"46":0,"47":0,"48":0,"49":0,"50":0,"51":0,"52":0,"53":0,"54":0,"55":0,"56":0,"57":0,"58":0,"59":0,"60":0,"61":0,"62":0,"63":0,"64":0,"65":0,"66":0,"67":0,"68":0,"69":0,"70":0,"71":0,"72":0,"73":0,"74":0,"75":0,"76":0,"77":0,"78":0,"79":0,"80":0,"81":0,"82":0,"83":0,"84":0,"85":0,"86":0,"87":0,"88":0,"89":0,"90":0,"91":0,"92":0,"93":0,"94":0,"95":0,"96":0,"97":0,"98":0,"99":0,"100":0,"101":0,"102":0,"103":0,"104":0,"105":0,"106":0,"107":0,"108":0,"109":0,"110":0,"111":0,"112":0,"113":0,"114":0,"115":0,"116":0,"117":0,"118":0,"119":0,"120":0,"121":0,"122":0,"123":0,"124":0,"125":0,"126":0,"127":0,"128":0,"129":0,"130":0,"131":0,"132":0,"133":0,"134":0,"135":0,"136":0,"137":0,"138":0,"139":0,"140":0,"141":0,"142":0,"143":0,"144":0,"145":0,"146":0,"147":0,"148":0,"149":0,"150":0,"151":0,"152":0,"153":0,"154":0,"155":0,"156":0,"157":0,"158":0,"159":0,"160":0,"161":0,"162":0,"163":0,"164":0,"165":0,"166":0,"167":0,"168":0,"169":0,"170":0,"171":0,"172":0,"173":0,"174":0,"175":0,"176":0,"177":0,"178":0,"179":0,"180":0,"181":0,"182":0,"183":0,"184":0,"185":0,"186":0,"187":0,"188":0,"189":0,"190":0,"191":0,"192":0,"193":0,"194":0,"195":0,"196":0,"197":0,"198":0,"199":0,"200":0,"201":0},"f":{"0":0,"1":0,"2":0,"3":0,"4":0,"5":0,"6":0,"7":0,"8":0,"9":0,"10":0,"11":0,"12":0,"13":0,"14":0,"15":0,"16":0,"17":0,"18":0},"b":{"0":[0,0],"1":[0,0],"2":[0,0],"3":[0,0],"4":[0,0],"5":[0,0],"6":[0,0],"7":[0,0],"8":[0,0],"9":[0,0],"10":[0,0],"11":[0,0],"12":[0,0],"13":[0,0],"14":[0,0],"15":[0,0],"16":[0,0],"17":[0,0],"18":[0,0],"19":[0,0],"20":[0,0],"21":[0,0],"22":[0,0],"23":[0,0],"24":[0,0],"25":[0,0],"26":[0,0],"27":[0,0],"28":[0,0],"29":[0,0],"30":[0,0],"31":[0,0],"32":[0,0],"33":[0,0],"34":[0,0],"35":[0,0],"36":[0,0],"37":[0,0],"38":[0,0],"39":[0,0],"40":[0,0],"41":[0,0],"42":[0,0],"43":[0,0],"44":[0,0],"45":[0,0],"46":[0,0]},"inputSourceMap":null,"_coverageSchema":"1a1c01bbd47fc00a2c39e90264f33305004495a9","hash":"bc16278f0047f719b0872790e3788bedce6a503a"}
,"C:\\Users\\rober\\OneDrive\\Desktop\\TrenGo\\TrenGo-IngegneriaDelSoftware\\server\\src\\handlers\\richiesteHandlers.mjs": {"path":"C:\\Users\\rober\\OneDrive\\Desktop\\TrenGo\\TrenGo-IngegneriaDelSoftware\\server\\src\\handlers\\richiesteHandlers.mjs","statementMap":{"0":{"start":{"line":10,"column":22},"end":{"line":10,"column":33}},"1":{"start":{"line":18,"column":4},"end":{"line":67,"column":5}},"2":{"start":{"line":19,"column":8},"end":{"line":19,"column":33}},"3":{"start":{"line":20,"column":27},"end":{"line":20,"column":48}},"4":{"start":{"line":21,"column":25},"end":{"line":21,"column":60}},"5":{"start":{"line":22,"column":31},"end":{"line":22,"column":90}},"6":{"start":{"line":23,"column":26},"end":{"line":23,"column":80}},"7":{"start":{"line":24,"column":36},"end":{"line":24,"column":92}},"8":{"start":{"line":27,"column":45},"end":{"line":27,"column":85}},"9":{"start":{"line":27,"column":74},"end":{"line":27,"column":84}},"10":{"start":{"line":29,"column":38},"end":{"line":29,"column":102}},"11":{"start":{"line":31,"column":8},"end":{"line":64,"column":9}},"12":{"start":{"line":32,"column":12},"end":{"line":39,"column":13}},"13":{"start":{"line":33,"column":16},"end":{"line":33,"column":96}},"14":{"start":{"line":35,"column":16},"end":{"line":38,"column":19}},"15":{"start":{"line":42,"column":13},"end":{"line":64,"column":9}},"16":{"start":{"line":43,"column":12},"end":{"line":45,"column":13}},"17":{"start":{"line":44,"column":16},"end":{"line":44,"column":81}},"18":{"start":{"line":47,"column":12},"end":{"line":49,"column":13}},"19":{"start":{"line":48,"column":16},"end":{"line":48,"column":86}},"20":{"start":{"line":52,"column":12},"end":{"line":63,"column":13}},"21":{"start":{"line":53,"column":16},"end":{"line":53,"column":59}},"22":{"start":{"line":56,"column":34},"end":{"line":56,"column":125}},"23":{"start":{"line":58,"column":16},"end":{"line":60,"column":17}},"24":{"start":{"line":59,"column":20},"end":{"line":59,"column":154}},"25":{"start":{"line":62,"column":16},"end":{"line":62,"column":59}},"26":{"start":{"line":66,"column":8},"end":{"line":66,"column":117}},"27":{"start":{"line":76,"column":4},"end":{"line":110,"column":5}},"28":{"start":{"line":77,"column":19},"end":{"line":77,"column":32}},"29":{"start":{"line":78,"column":27},"end":{"line":78,"column":48}},"30":{"start":{"line":79,"column":25},"end":{"line":79,"column":60}},"31":{"start":{"line":80,"column":31},"end":{"line":80,"column":90}},"32":{"start":{"line":81,"column":26},"end":{"line":81,"column":54}},"33":{"start":{"line":84,"column":8},"end":{"line":107,"column":9}},"34":{"start":{"line":85,"column":12},"end":{"line":88,"column":15}},"35":{"start":{"line":92,"column":12},"end":{"line":94,"column":13}},"36":{"start":{"line":93,"column":16},"end":{"line":93,"column":81}},"37":{"start":{"line":96,"column":12},"end":{"line":98,"column":13}},"38":{"start":{"line":97,"column":16},"end":{"line":97,"column":82}},"39":{"start":{"line":101,"column":12},"end":{"line":106,"column":13}},"40":{"start":{"line":102,"column":16},"end":{"line":102,"column":59}},"41":{"start":{"line":105,"column":16},"end":{"line":105,"column":118}},"42":{"start":{"line":109,"column":8},"end":{"line":109,"column":117}},"43":{"start":{"line":149,"column":4},"end":{"line":193,"column":5}},"44":{"start":{"line":150,"column":27},"end":{"line":150,"column":48}},"45":{"start":{"line":151,"column":40},"end":{"line":151,"column":48}},"46":{"start":{"line":152,"column":31},"end":{"line":152,"column":90}},"47":{"start":{"line":155,"column":8},"end":{"line":189,"column":9}},"48":{"start":{"line":156,"column":12},"end":{"line":159,"column":15}},"49":{"start":{"line":163,"column":29},"end":{"line":163,"column":64}},"50":{"start":{"line":165,"column":12},"end":{"line":167,"column":13}},"51":{"start":{"line":166,"column":16},"end":{"line":166,"column":81}},"52":{"start":{"line":169,"column":35},"end":{"line":169,"column":50}},"53":{"start":{"line":172,"column":12},"end":{"line":187,"column":13}},"54":{"start":{"line":174,"column":16},"end":{"line":174,"column":104}},"55":{"start":{"line":175,"column":36},"end":{"line":175,"column":69}},"56":{"start":{"line":177,"column":16},"end":{"line":183,"column":19}},"57":{"start":{"line":186,"column":16},"end":{"line":186,"column":120}},"58":{"start":{"line":188,"column":12},"end":{"line":188,"column":80}},"59":{"start":{"line":192,"column":8},"end":{"line":192,"column":118}},"60":{"start":{"line":248,"column":4},"end":{"line":312,"column":5}},"61":{"start":{"line":249,"column":19},"end":{"line":249,"column":32}},"62":{"start":{"line":250,"column":27},"end":{"line":250,"column":48}},"63":{"start":{"line":251,"column":25},"end":{"line":251,"column":60}},"64":{"start":{"line":252,"column":31},"end":{"line":252,"column":90}},"65":{"start":{"line":253,"column":22},"end":{"line":253,"column":30}},"66":{"start":{"line":254,"column":24},"end":{"line":254,"column":52}},"67":{"start":{"line":255,"column":19},"end":{"line":255,"column":55}},"68":{"start":{"line":256,"column":23},"end":{"line":256,"column":25}},"69":{"start":{"line":259,"column":8},"end":{"line":309,"column":9}},"70":{"start":{"line":260,"column":12},"end":{"line":263,"column":15}},"71":{"start":{"line":267,"column":12},"end":{"line":269,"column":13}},"72":{"start":{"line":268,"column":16},"end":{"line":268,"column":81}},"73":{"start":{"line":271,"column":12},"end":{"line":273,"column":13}},"74":{"start":{"line":272,"column":16},"end":{"line":272,"column":82}},"75":{"start":{"line":275,"column":12},"end":{"line":276,"column":120}},"76":{"start":{"line":276,"column":16},"end":{"line":276,"column":120}},"77":{"start":{"line":279,"column":12},"end":{"line":280,"column":74}},"78":{"start":{"line":280,"column":16},"end":{"line":280,"column":74}},"79":{"start":{"line":283,"column":12},"end":{"line":308,"column":13}},"80":{"start":{"line":285,"column":16},"end":{"line":285,"column":88}},"81":{"start":{"line":287,"column":16},"end":{"line":293,"column":17}},"82":{"start":{"line":288,"column":20},"end":{"line":288,"column":78}},"83":{"start":{"line":289,"column":20},"end":{"line":289,"column":82}},"84":{"start":{"line":290,"column":20},"end":{"line":290,"column":36}},"85":{"start":{"line":291,"column":20},"end":{"line":291,"column":74}},"86":{"start":{"line":292,"column":20},"end":{"line":292,"column":32}},"87":{"start":{"line":294,"column":36},"end":{"line":294,"column":69}},"88":{"start":{"line":296,"column":16},"end":{"line":302,"column":19}},"89":{"start":{"line":304,"column":16},"end":{"line":304,"column":83}},"90":{"start":{"line":307,"column":16},"end":{"line":307,"column":120}},"91":{"start":{"line":311,"column":8},"end":{"line":311,"column":117}},"92":{"start":{"line":321,"column":4},"end":{"line":354,"column":5}},"93":{"start":{"line":322,"column":23},"end":{"line":322,"column":33}},"94":{"start":{"line":323,"column":31},"end":{"line":323,"column":90}},"95":{"start":{"line":326,"column":8},"end":{"line":351,"column":9}},"96":{"start":{"line":327,"column":12},"end":{"line":330,"column":15}},"97":{"start":{"line":335,"column":28},"end":{"line":335,"column":56}},"98":{"start":{"line":337,"column":12},"end":{"line":339,"column":13}},"99":{"start":{"line":338,"column":16},"end":{"line":338,"column":82}},"100":{"start":{"line":342,"column":12},"end":{"line":349,"column":13}},"101":{"start":{"line":345,"column":16},"end":{"line":345,"column":54}},"102":{"start":{"line":348,"column":16},"end":{"line":348,"column":99}},"103":{"start":{"line":350,"column":12},"end":{"line":350,"column":89}},"104":{"start":{"line":353,"column":8},"end":{"line":353,"column":120}}},"fnMap":{"0":{"name":"getRichieste","decl":{"start":{"line":17,"column":15},"end":{"line":17,"column":27}},"loc":{"start":{"line":17,"column":38},"end":{"line":68,"column":1}},"line":17},"1":{"name":"(anonymous_1)","decl":{"start":{"line":27,"column":69},"end":{"line":27,"column":70}},"loc":{"start":{"line":27,"column":74},"end":{"line":27,"column":84}},"line":27},"2":{"name":"getRichiestaById","decl":{"start":{"line":75,"column":15},"end":{"line":75,"column":31}},"loc":{"start":{"line":75,"column":42},"end":{"line":111,"column":1}},"line":75},"3":{"name":"postRichiesta","decl":{"start":{"line":148,"column":15},"end":{"line":148,"column":28}},"loc":{"start":{"line":148,"column":39},"end":{"line":194,"column":1}},"line":148},"4":{"name":"handleRichiestaById","decl":{"start":{"line":247,"column":15},"end":{"line":247,"column":34}},"loc":{"start":{"line":247,"column":45},"end":{"line":313,"column":1}},"line":247},"5":{"name":"deleteRichiestaById","decl":{"start":{"line":320,"column":15},"end":{"line":320,"column":34}},"loc":{"start":{"line":320,"column":45},"end":{"line":355,"column":1}},"line":320}},"branchMap":{"0":{"loc":{"start":{"line":22,"column":31},"end":{"line":22,"column":90}},"type":"cond-expr","locations":[{"start":{"line":22,"column":51},"end":{"line":22,"column":83}},{"start":{"line":22,"column":86},"end":{"line":22,"column":90}}],"line":22},"1":{"loc":{"start":{"line":31,"column":8},"end":{"line":64,"column":9}},"type":"if","locations":[{"start":{"line":31,"column":8},"end":{"line":64,"column":9}},{"start":{"line":42,"column":13},"end":{"line":64,"column":9}}],"line":31},"2":{"loc":{"start":{"line":32,"column":12},"end":{"line":39,"column":13}},"type":"if","locations":[{"start":{"line":32,"column":12},"end":{"line":39,"column":13}},{"start":{"line":34,"column":19},"end":{"line":39,"column":13}}],"line":32},"3":{"loc":{"start":{"line":42,"column":13},"end":{"line":64,"column":9}},"type":"if","locations":[{"start":{"line":42,"column":13},"end":{"line":64,"column":9}},{"start":{},"end":{}}],"line":42},"4":{"loc":{"start":{"line":43,"column":12},"end":{"line":45,"column":13}},"type":"if","locations":[{"start":{"line":43,"column":12},"end":{"line":45,"column":13}},{"start":{},"end":{}}],"line":43},"5":{"loc":{"start":{"line":47,"column":12},"end":{"line":49,"column":13}},"type":"if","locations":[{"start":{"line":47,"column":12},"end":{"line":49,"column":13}},{"start":{},"end":{}}],"line":47},"6":{"loc":{"start":{"line":52,"column":12},"end":{"line":63,"column":13}},"type":"if","locations":[{"start":{"line":52,"column":12},"end":{"line":63,"column":13}},{"start":{"line":55,"column":17},"end":{"line":63,"column":13}}],"line":52},"7":{"loc":{"start":{"line":58,"column":16},"end":{"line":60,"column":17}},"type":"if","locations":[{"start":{"line":58,"column":16},"end":{"line":60,"column":17}},{"start":{},"end":{}}],"line":58},"8":{"loc":{"start":{"line":80,"column":31},"end":{"line":80,"column":90}},"type":"cond-expr","locations":[{"start":{"line":80,"column":51},"end":{"line":80,"column":83}},{"start":{"line":80,"column":86},"end":{"line":80,"column":90}}],"line":80},"9":{"loc":{"start":{"line":84,"column":8},"end":{"line":107,"column":9}},"type":"if","locations":[{"start":{"line":84,"column":8},"end":{"line":107,"column":9}},{"start":{"line":91,"column":13},"end":{"line":107,"column":9}}],"line":84},"10":{"loc":{"start":{"line":92,"column":12},"end":{"line":94,"column":13}},"type":"if","locations":[{"start":{"line":92,"column":12},"end":{"line":94,"column":13}},{"start":{},"end":{}}],"line":92},"11":{"loc":{"start":{"line":96,"column":12},"end":{"line":98,"column":13}},"type":"if","locations":[{"start":{"line":96,"column":12},"end":{"line":98,"column":13}},{"start":{},"end":{}}],"line":96},"12":{"loc":{"start":{"line":101,"column":12},"end":{"line":106,"column":13}},"type":"if","locations":[{"start":{"line":101,"column":12},"end":{"line":106,"column":13}},{"start":{"line":104,"column":17},"end":{"line":106,"column":13}}],"line":101},"13":{"loc":{"start":{"line":101,"column":16},"end":{"line":101,"column":132}},"type":"binary-expr","locations":[{"start":{"line":101,"column":16},"end":{"line":101,"column":70}},{"start":{"line":101,"column":74},"end":{"line":101,"column":132}}],"line":101},"14":{"loc":{"start":{"line":152,"column":31},"end":{"line":152,"column":90}},"type":"cond-expr","locations":[{"start":{"line":152,"column":51},"end":{"line":152,"column":83}},{"start":{"line":152,"column":86},"end":{"line":152,"column":90}}],"line":152},"15":{"loc":{"start":{"line":155,"column":8},"end":{"line":189,"column":9}},"type":"if","locations":[{"start":{"line":155,"column":8},"end":{"line":189,"column":9}},{"start":{"line":162,"column":13},"end":{"line":189,"column":9}}],"line":155},"16":{"loc":{"start":{"line":165,"column":12},"end":{"line":167,"column":13}},"type":"if","locations":[{"start":{"line":165,"column":12},"end":{"line":167,"column":13}},{"start":{},"end":{}}],"line":165},"17":{"loc":{"start":{"line":172,"column":12},"end":{"line":187,"column":13}},"type":"if","locations":[{"start":{"line":172,"column":12},"end":{"line":187,"column":13}},{"start":{"line":185,"column":17},"end":{"line":187,"column":13}}],"line":172},"18":{"loc":{"start":{"line":252,"column":31},"end":{"line":252,"column":90}},"type":"cond-expr","locations":[{"start":{"line":252,"column":51},"end":{"line":252,"column":83}},{"start":{"line":252,"column":86},"end":{"line":252,"column":90}}],"line":252},"19":{"loc":{"start":{"line":259,"column":8},"end":{"line":309,"column":9}},"type":"if","locations":[{"start":{"line":259,"column":8},"end":{"line":309,"column":9}},{"start":{"line":266,"column":13},"end":{"line":309,"column":9}}],"line":259},"20":{"loc":{"start":{"line":267,"column":12},"end":{"line":269,"column":13}},"type":"if","locations":[{"start":{"line":267,"column":12},"end":{"line":269,"column":13}},{"start":{},"end":{}}],"line":267},"21":{"loc":{"start":{"line":271,"column":12},"end":{"line":273,"column":13}},"type":"if","locations":[{"start":{"line":271,"column":12},"end":{"line":273,"column":13}},{"start":{},"end":{}}],"line":271},"22":{"loc":{"start":{"line":275,"column":12},"end":{"line":276,"column":120}},"type":"if","locations":[{"start":{"line":275,"column":12},"end":{"line":2
[...]
,"C:\\Users\\rober\\OneDrive\\Desktop\\TrenGo\\TrenGo-IngegneriaDelSoftware\\server\\src\\routes\\notificheRoutes.mjs": {"path":"C:\\Users\\rober\\OneDrive\\Desktop\\TrenGo\\TrenGo-IngegneriaDelSoftware\\server\\src\\routes\\notificheRoutes.mjs","statementMap":{"0":{"start":{"line":5,"column":15},"end":{"line":5,"column":23}},"1":{"start":{"line":8,"column":0},"end":{"line":8,"column":42}},"2":{"start":{"line":11,"column":0},"end":{"line":11,"column":40}},"3":{"start":{"line":14,"column":0},"end":{"line":14,"column":43}},"4":{"start":{"line":17,"column":0},"end":{"line":17,"column":51}},"5":{"start":{"line":20,"column":0},"end":{"line":20,"column":65}},"6":{"start":{"line":23,"column":0},"end":{"line":23,"column":65}},"7":{"start":{"line":26,"column":0},"end":{"line":26,"column":71}}},"fnMap":{},"branchMap":{},"s":{"0":1,"1":1,"2":1,"3":1,"4":1,"5":1,"6":1,"7":1},"f":{},"b":{},"inputSourceMap":null,"_coverageSchema":"1a1c01bbd47fc00a2c39e90264f33305004495a9","hash":"d51f5cc643c24cd721bbbe8f5dd924db1033f4d8"}
,"C:\\Users\\rober\\OneDrive\\Desktop\\TrenGo\\TrenGo-IngegneriaDelSoftware\\server\\src\\routes\\proposteRoutes.mjs": {"path":"C:\\Users\\rober\\OneDrive\\Desktop\\TrenGo\\TrenGo-IngegneriaDelSoftware\\server\\src\\routes\\proposteRoutes.mjs","statementMap":{"0":{"start":{"line":5,"column":15},"end":{"line":5,"column":23}},"1":{"start":{"line":8,"column":0},"end":{"line":8,"column":42}},"2":{"start":{"line":11,"column":0},"end":{"line":11,"column":42}},"3":{"start":{"line":14,"column":0},"end":{"line":14,"column":37}},"4":{"start":{"line":17,"column":0},"end":{"line":17,"column":44}},"5":{"start":{"line":20,"column":0},"end":{"line":20,"column":54}},"6":{"start":{"line":23,"column":0},"end":{"line":23,"column":49}},"7":{"start":{"line":26,"column":0},"end":{"line":26,"column":45}},"8":{"start":{"line":29,"column":0},"end":{"line":29,"column":39}},"9":{"start":{"line":32,"column":0},"end":{"line":32,"column":77}},"10":{"start":{"line":35,"column":0},"end":{"line":35,"column":48}},"11":{"start":{"line":38,"column":0},"end":{"line":38,"column":51}}},"fnMap":{},"branchMap":{},"s":{"0":1,"1":1,"2":1,"3":1,"4":1,"5":1,"6":1,"7":1,"8":1,"9":1,"10":1,"11":1},"f":{},"b":{},"inputSourceMap":null,"_coverageSchema":"1a1c01bbd47fc00a2c39e90264f33305004495a9","hash":"f6d43842d4778dee57d2a8c9e3c534b3461e3dc7"}
,"C:\\Users\\rober\\OneDrive\\Desktop\\TrenGo\\TrenGo-IngegneriaDelSoftware\\server\\src\\routes\\richiesteRoutes.mjs": {"path":"C:\\Users\\rober\\OneDrive\\Desktop\\TrenGo\\TrenGo-IngegneriaDelSoftware\\server\\src\\routes\\richiesteRoutes.mjs","statementMap":{"0":{"start":{"line":5,"column":15},"end":{"line":5,"column":23}},"1":{"start":{"line":8,"column":0},"end":{"line":8,"column":42}},"2":{"start":{"line":11,"column":0},"end":{"line":11,"column":60}},"3":{"start":{"line":14,"column":0},"end":{"line":14,"column":68}},"4":{"start":{"line":17,"column":0},"end":{"line":17,"column":62}},"5":{"start":{"line":21,"column":0},"end":{"line":21,"column":71}},"6":{"start":{"line":24,"column":0},"end":{"line":24,"column":74}}},"fnMap":{},"branchMap":{},"s":{"0":1,"1":1,"2":1,"3":1,"4":1,"5":1,"6":1},"f":{},"b":{},"inputSourceMap":null,"_coverageSchema":"1a1c01bbd47fc00a2c39e90264f33305004495a9","hash":"079bec0241ce0d91b12823f37a193a13624bf3be"}
,"C:\\Users\\rober\\OneDrive\\Desktop\\TrenGo\\TrenGo-IngegneriaDelSoftware\\server\\src\\routes\\routes.mjs": {"path":"C:\\Users\\rober\\OneDrive\\Desktop\\TrenGo\\TrenGo-IngegneriaDelSoftware\\server\\src\\routes\\routes.mjs","statementMap":{"0":{"start":{"line":12,"column":15},"end":{"line":12,"column":23}},"1":{"start":{"line":15,"column":0},"end":{"line":15,"column":36}},"2":{"start":{"line":16,"column":0},"end":{"line":16,"column":40}},"3":{"start":{"line":17,"column":0},"end":{"line":17,"column":41}},"4":{"start":{"line":18,"column":0},"end":{"line":18,"column":42}},"5":{"start":{"line":19,"column":0},"end":{"line":19,"column":35}},"6":{"start":{"line":20,"column":0},"end":{"line":20,"column":46}},"7":{"start":{"line":21,"column":0},"end":{"line":21,"column":52}},"8":{"start":{"line":22,"column":0},"end":{"line":22,"column":32}}},"fnMap":{},"branchMap":{},"s":{"0":1,"1":1,"2":1,"3":1,"4":1,"5":1,"6":1,"7":1,"8":1},"f":{},"b":{},"inputSourceMap":null,"_coverageSchema":"1a1c01bbd47fc00a2c39e90264f33305004495a9","hash":"f28a0781c70f3aa3cb565d467757d84ea51b790c"}
,"C:\\Users\\rober\\OneDrive\\Desktop\\TrenGo\\TrenGo-IngegneriaDelSoftware\\server\\src\\routes\\utentiRoutes.mjs": {"path":"C:\\Users\\rober\\OneDrive\\Desktop\\TrenGo\\TrenGo-IngegneriaDelSoftware\\server\\src\\routes\\utentiRoutes.mjs","statementMap":{"0":{"start":{"line":5,"column":15},"end":{"line":5,"column":23}},"1":{"start":{"line":8,"column":0},"end":{"line":8,"column":46}},"2":{"start":{"line":11,"column":0},"end":{"line":11,"column":44}},"3":{"start":{"line":14,"column":0},"end":{"line":14,"column":47}},"4":{"start":{"line":17,"column":0},"end":{"line":17,"column":48}},"5":{"start":{"line":20,"column":0},"end":{"line":20,"column":68}},"6":{"start":{"line":23,"column":0},"end":{"line":23,"column":63}},"7":{"start":{"line":30,"column":0},"end":{"line":30,"column":70}},"8":{"start":{"line":33,"column":0},"end":{"line":33,"column":73}},"9":{"start":{"line":36,"column":0},"end":{"line":36,"column":91}}},"fnMap":{},"branchMap":{},"s":{"0":1,"1":1,"2":1,"3":1,"4":1,"5":1,"6":1,"7":1,"8":1,"9":1},"f":{},"b":{},"inputSourceMap":null,"_coverageSchema":"1a1c01bbd47fc00a2c39e90264f33305004495a9","hash":"8257de8d694ed7518cebb95ff0afd04f4511ac6f"}
,"C:\\Users\\rober\\OneDrive\\Desktop\\TrenGo\\TrenGo-IngegneriaDelSoftware\\server\\src\\routes\\valutazioniRoutes.mjs": {"path":"C:\\Users\\rober\\OneDrive\\Desktop\\TrenGo\\TrenGo-IngegneriaDelSoftware\\server\\src\\routes\\valutazioniRoutes.mjs","statementMap":{"0":{"start":{"line":5,"column":15},"end":{"line":5,"column":23}},"1":{"start":{"line":8,"column":0},"end":{"line":8,"column":42}},"2":{"start":{"line":11,"column":0},"end":{"line":11,"column":69}},"3":{"start":{"line":14,"column":0},"end":{"line":14,"column":77}}},"fnMap":{},"branchMap":{},"s":{"0":1,"1":1,"2":1,"3":1},"f":{},"b":{},"inputSourceMap":null,"_coverageSchema":"1a1c01bbd47fc00a2c39e90264f33305004495a9","hash":"c8b1feb5454a4a7de184b89f43ca87a0847ec59c"}
,"C:\\Users\\rober\\OneDrive\\Desktop\\TrenGo\\TrenGo-IngegneriaDelSoftware\\server\\src\\services\\emailService.mjs": {"path":"C:\\Users\\rober\\OneDrive\\Desktop\\TrenGo\\TrenGo-IngegneriaDelSoftware\\server\\src\\services\\emailService.mjs","statementMap":{"0":{"start":{"line":12,"column":27},"end":{"line":12,"column":55}},"1":{"start":{"line":13,"column":4},"end":{"line":13,"column":37}},"2":{"start":{"line":15,"column":22},"end":{"line":47,"column":5}},"3":{"start":{"line":48,"column":4},"end":{"line":53,"column":5}},"4":{"start":{"line":49,"column":8},"end":{"line":49,"column":37}},"5":{"start":{"line":50,"column":8},"end":{"line":50,"column":79}},"6":{"start":{"line":52,"column":8},"end":{"line":52,"column":113}}},"fnMap":{"0":{"name":"sendResetPasswordMail","decl":{"start":{"line":9,"column":15},"end":{"line":9,"column":36}},"loc":{"start":{"line":9,"column":61},"end":{"line":54,"column":1}},"line":9}},"branchMap":{},"s":{"0":0,"1":0,"2":0,"3":0,"4":0,"5":0,"6":0},"f":{"0":0},"b":{},"inputSourceMap":null,"_coverageSchema":"1a1c01bbd47fc00a2c39e90264f33305004495a9","hash":"dbbfaa0c2f2f693b9117d3dd8cee50792b745c58"}
,"C:\\Users\\rober\\OneDrive\\Desktop\\TrenGo\\TrenGo-IngegneriaDelSoftware\\server\\src\\services\\googleAuth.mjs": {"path":"C:\\Users\\rober\\OneDrive\\Desktop\\TrenGo\\TrenGo-IngegneriaDelSoftware\\server\\src\\services\\googleAuth.mjs","statementMap":{"0":{"start":{"line":5,"column":0},"end":{"line":5,"column":16}},"1":{"start":{"line":7,"column":0},"end":{"line":22,"column":4}},"2":{"start":{"line":14,"column":4},"end":{"line":21,"column":5}},"3":{"start":{"line":16,"column":22},"end":{"line":16,"column":48}},"4":{"start":{"line":17,"column":8},"end":{"line":17,"column":27}},"5":{"start":{"line":18,"column":8},"end":{"line":18,"column":33}},"6":{"start":{"line":20,"column":8},"end":{"line":20,"column":25}},"7":{"start":{"line":24,"column":0},"end":{"line":26,"column":3}},"8":{"start":{"line":25,"column":4},"end":{"line":25,"column":21}},"9":{"start":{"line":28,"column":0},"end":{"line":30,"column":3}},"10":{"start":{"line":29,"column":4},"end":{"line":29,"column":21}}},"fnMap":{"0":{"name":"(anonymous_0)","decl":{"start":{"line":13,"column":0},"end":{"line":13,"column":1}},"loc":{"start":{"line":13,"column":67},"end":{"line":22,"column":1}},"line":13},"1":{"name":"(anonymous_1)","decl":{"start":{"line":24,"column":23},"end":{"line":24,"column":24}},"loc":{"start":{"line":24,"column":45},"end":{"line":26,"column":1}},"line":24},"2":{"name":"(anonymous_2)","decl":{"start":{"line":28,"column":25},"end":{"line":28,"column":26}},"loc":{"start":{"line":28,"column":47},"end":{"line":30,"column":1}},"line":28}},"branchMap":{},"s":{"0":1,"1":1,"2":0,"3":0,"4":0,"5":0,"6":0,"7":1,"8":0,"9":1,"10":0},"f":{"0":0,"1":0,"2":0},"b":{},"inputSourceMap":null,"_coverageSchema":"1a1c01bbd47fc00a2c39e90264f33305004495a9","hash":"876602e97c1bc94f25d6869d44ed6cc6b2de9b24"}
,"C:\\Users\\rober\\OneDrive\\Desktop\\TrenGo\\TrenGo-IngegneriaDelSoftware\\server\\src\\utils\\passwordGenerator.mjs": {"path":"C:\\Users\\rober\\OneDrive\\Desktop\\TrenGo\\TrenGo-IngegneriaDelSoftware\\server\\src\\utils\\passwordGenerator.mjs","statementMap":{"0":{"start":{"line":3,"column":29},"end":{"line":3,"column":57}},"1":{"start":{"line":4,"column":29},"end":{"line":4,"column":57}},"2":{"start":{"line":5,"column":18},"end":{"line":5,"column":30}},"3":{"start":{"line":6,"column":30},"end":{"line":6,"column":64}},"4":{"start":{"line":7,"column":28},"end":{"line":7,"column":91}},"5":{"start":{"line":10,"column":36},"end":{"line":12,"column":5}},"6":{"start":{"line":11,"column":8},"end":{"line":11,"column":71}},"7":{"start":{"line":15,"column":21},"end":{"line":20,"column":5}},"8":{"start":{"line":23,"column":32},"end":{"line":23,"column":34}},"9":{"start":{"line":24,"column":4},"end":{"line":26,"column":5}},"10":{"start":{"line":24,"column":17},"end":{"line":24,"column":32}},"11":{"start":{"line":25,"column":8},"end":{"line":25,"column":64}},"12":{"start":{"line":29,"column":4},"end":{"line":32,"column":5}},"13":{"start":{"line":29,"column":17},"end":{"line":29,"column":36}},"14":{"start":{"line":30,"column":18},"end":{"line":30,"column":53}},"15":{"start":{"line":31,"column":8},"end":{"line":31,"column":64}},"16":{"start":{"line":35,"column":4},"end":{"line":35,"column":29}}},"fnMap":{"0":{"name":"generateRandomPassword","decl":{"start":{"line":1,"column":9},"end":{"line":1,"column":31}},"loc":{"start":{"line":1,"column":34},"end":{"line":36,"column":1}},"line":1},"1":{"name":"(anonymous_1)","decl":{"start":{"line":10,"column":36},"end":{"line":10,"column":37}},"loc":{"start":{"line":10,"column":51},"end":{"line":12,"column":5}},"line":10}},"branchMap":{},"s":{"0":0,"1":0,"2":0,"3":0,"4":0,"5":0,"6":0,"7":0,"8":0,"9":0,"10":0,"11":0,"12":0,"13":0,"14":0,"15":0,"16":0},"f":{"0":0,"1":0},"b":{},"inputSourceMap":null,"_coverageSchema":"1a1c01bbd47fc00a2c39e90264f33305004495a9","hash":"b820ed91c10d82630ce911b90905d145626f1428"}
,"C:\\Users\\rober\\OneDrive\\Desktop\\TrenGo\\TrenGo-IngegneriaDelSoftware\\server\\src\\validators\\chatsValidators.mjs": {"path":"C:\\Users\\rober\\OneDrive\\Desktop\\TrenGo\\TrenGo-IngegneriaDelSoftware\\server\\src\\validators\\chatsValidators.mjs","statementMap":{"0":{"start":{"line":9,"column":4},"end":{"line":12,"column":2}},"1":{"start":{"line":11,"column":2},"end":{"line":11,"column":15}},"2":{"start":{"line":14,"column":1},"end":{"line":14,"column":13}}},"fnMap":{"0":{"name":"validateContenuto","decl":{"start":{"line":7,"column":9},"end":{"line":7,"column":26}},"loc":{"start":{"line":7,"column":38},"end":{"line":15,"column":1}},"line":7}},"branchMap":{"0":{"loc":{"start":{"line":9,"column":4},"end":{"line":12,"column":2}},"type":"if","locations":[{"start":{"line":9,"column":4},"end":{"line":12,"column":2}},{"start":{},"end":{}}],"line":9}},"s":{"0":0,"1":0,"2":0},"f":{"0":0},"b":{"0":[0,0]},"inputSourceMap":null,"_coverageSchema":"1a1c01bbd47fc00a2c39e90264f33305004495a9","hash":"806a04b206fc8772024b2c239fbaff84b40ee064"}
,"C:\\Users\\rober\\OneDrive\\Desktop\\TrenGo\\TrenGo-IngegneriaDelSoftware\\server\\src\\validators\\notificheValidators.mjs": {"path":"C:\\Users\\rober\\OneDrive\\Desktop\\TrenGo\\TrenGo-IngegneriaDelSoftware\\server\\src\\validators\\notificheValidators.mjs","statementMap":{"0":{"start":{"line":10,"column":4},"end":{"line":10,"column":43}}},"fnMap":{"0":{"name":"tipoInEnum","decl":{"start":{"line":9,"column":9},"end":{"line":9,"column":19}},"loc":{"start":{"line":9,"column":26},"end":{"line":11,"column":1}},"line":9}},"branchMap":{},"s":{"0":0},"f":{"0":0},"b":{},"inputSourceMap":null,"_coverageSchema":"1a1c01bbd47fc00a2c39e90264f33305004495a9","hash":"a616de40c18e702ceb14d08e67d1b3219262e66a"}
,"C:\\Users\\rober\\OneDrive\\Desktop\\TrenGo\\TrenGo-IngegneriaDelSoftware\\server\\src\\validators\\proposteValidators.mjs": {"path":"C:\\Users\\rober\\OneDrive\\Desktop\\TrenGo\\TrenGo-IngegneriaDelSoftware\\server\\src\\validators\\proposteValidators.mjs","statementMap":{"0":{"start":{"line":11,"column":1},"end":{"line":13,"column":2}},"1":{"start":{"line":12,"column":2},"end":{"line":12,"column":26}},"2":{"start":{"line":15,"column":1},"end":{"line":15,"column":72}},"3":{"start":{"line":15,"column":37},"end":{"line":15,"column":70}},"4":{"start":{"line":26,"column":1},"end":{"line":26,"column":40}},"5":{"start":{"line":37,"column":1},"end":{"line":40,"column":2}},"6":{"start":{"line":39,"column":2},"end":{"line":39,"column":14}},"7":{"start":{"line":42,"column":1},"end":{"line":42,"column":12}},"8":{"start":{"line":53,"column":1},"end":{"line":53,"column":46}}},"fnMap":{"0":{"name":"categorieInEnum","decl":{"start":{"line":9,"column":9},"end":{"line":9,"column":24}},"loc":{"start":{"line":9,"column":36},"end":{"line":16,"column":1}},"line":9},"1":{"name":"(anonymous_1)","decl":{"start":{"line":15,"column":24},"end":{"line":15,"column":25}},"loc":{"start":{"line":15,"column":37},"end":{"line":15,"column":70}},"line":15},"2":{"name":"validateTitolo","decl":{"start":{"line":24,"column":9},"end":{"line":24,"column":23}},"loc":{"start":{"line":24,"column":32},"end":{"line":27,"column":1}},"line":24},"3":{"name":"validateCoordinate","decl":{"start":{"line":35,"column":9},"end":{"line":35,"column":27}},"loc":{"start":{"line":35,"column":40},"end":{"line":43,"column":1}},"line":35},"4":{"name":"validateDescrizione","decl":{"start":{"line":51,"column":9},"end":{"line":51,"column":28}},"loc":{"start":{"line":51,"column":42},"end":{"line":54,"column":1}},"line":51}},"branchMap":{"0":{"loc":{"start":{"line":11,"column":1},"end":{"line":13,"column":2}},"type":"if","locations":[{"start":{"line":11,"column":1},"end":{"line":13,"column":2}},{"start":{},"end":{}}],"line":11},"1":{"loc":{"start":{"line":37,"column":1},"end":{"line":40,"column":2}},"type":"if","locations":[{"start":{"line":37,"column":1},"end":{"line":40,"column":2}},{"start":{},"end":{}}],"line":37},"2":{"loc":{"start":{"line":37,"column":4},"end":{"line":37,"column":80}},"type":"binary-expr","locations":[{"start":{"line":37,"column":4},"end":{"line":37,"column":22}},{"start":{"line":37,"column":24},"end":{"line":37,"column":41}},{"start":{"line":37,"column":43},"end":{"line":37,"column":61}},{"start":{"line":37,"column":63},"end":{"line":37,"column":80}}],"line":37}},"s":{"0":0,"1":0,"2":0,"3":0,"4":0,"5":0,"6":0,"7":0,"8":0},"f":{"0":0,"1":0,"2":0,"3":0,"4":0},"b":{"0":[0,0],"1":[0,0],"2":[0,0,0,0]},"inputSourceMap":null,"_coverageSchema":"1a1c01bbd47fc00a2c39e90264f33305004495a9","hash":"b87293dbd6fb455eb5807fc07c2003c96e096016"}
,"C:\\Users\\rober\\OneDrive\\Desktop\\TrenGo\\TrenGo-IngegneriaDelSoftware\\server\\src\\validators\\richiesteValidators.mjs": {"path":"C:\\Users\\rober\\OneDrive\\Desktop\\TrenGo\\TrenGo-IngegneriaDelSoftware\\server\\src\\validators\\richiesteValidators.mjs","statementMap":{"0":{"start":{"line":12,"column":4},"end":{"line":12,"column":49}}},"fnMap":{"0":{"name":"validateStato","decl":{"start":{"line":10,"column":9},"end":{"line":10,"column":22}},"loc":{"start":{"line":10,"column":30},"end":{"line":13,"column":1}},"line":10}},"branchMap":{},"s":{"0":0},"f":{"0":0},"b":{},"inputSourceMap":null,"_coverageSchema":"1a1c01bbd47fc00a2c39e90264f33305004495a9","hash":"d6e83832a0ff2e867a2b4b43ba543610ce2b1ea1"}
,"C:\\Users\\rober\\OneDrive\\Desktop\\TrenGo\\TrenGo-IngegneriaDelSoftware\\server\\src\\validators\\utentiValidators.mjs": {"path":"C:\\Users\\rober\\OneDrive\\Desktop\\TrenGo\\TrenGo-IngegneriaDelSoftware\\server\\src\\validators\\utentiValidators.mjs","statementMap":{"0":{"start":{"line":12,"column":4},"end":{"line":12,"column":34}},"1":{"start":{"line":14,"column":4},"end":{"line":14,"column":49}},"2":{"start":{"line":25,"column":4},"end":{"line":25,"column":52}},"3":{"start":{"line":35,"column":4},"end":{"line":35,"column":107}},"4":{"start":{"line":44,"column":4},"end":{"line":44,"column":34}},"5":{"start":{"line":46,"column":19},"end":{"line":46,"column":51}},"6":{"start":{"line":47,"column":4},"end":{"line":47,"column":20}},"7":{"start":{"line":56,"column":4},"end":{"line":56,"column":31}},"8":{"start":{"line":58,"column":19},"end":{"line":58,"column":48}},"9":{"start":{"line":59,"column":4},"end":{"line":59,"column":20}},"10":{"start":{"line":70,"column":4},"end":{"line":79,"column":5}},"11":{"start":{"line":72,"column":23},"end":{"line":72,"column":55}},"12":{"start":{"line":74,"column":8},"end":{"line":74,"column":63}},"13":{"start":{"line":77,"column":8},"end":{"line":77,"column":50}},"14":{"start":{"line":78,"column":8},"end":{"line":78,"column":21}},"15":{"start":{"line":88,"column":4},"end":{"line":95,"column":5}},"16":{"start":{"line":90,"column":23},"end":{"line":90,"column":62}},"17":{"start":{"line":91,"column":8},"end":{"line":91,"column":22}},"18":{"start":{"line":93,"column":8},"end":{"line":93,"column":85}},"19":{"start":{"line":94,"column":8},"end":{"line":94,"column":20}},"20":{"start":{"line":99,"column":18},"end":{"line":107,"column":1}}},"fnMap":{"0":{"name":"isUsernameValid","decl":{"start":{"line":11,"column":9},"end":{"line":11,"column":24}},"loc":{"start":{"line":11,"column":35},"end":{"line":15,"column":1}},"line":11},"1":{"name":"isEmailValid","decl":{"start":{"line":22,"column":9},"end":{"line":22,"column":21}},"loc":{"start":{"line":22,"column":29},"end":{"line":26,"column":1}},"line":22},"2":{"name":"isPasswordValid","decl":{"start":{"line":33,"column":9},"end":{"line":33,"column":24}},"loc":{"start":{"line":33,"column":35},"end":{"line":36,"column":1}},"line":33},"3":{"name":"isUsernameTaken","decl":{"start":{"line":43,"column":15},"end":{"line":43,"column":30}},"loc":{"start":{"line":43,"column":41},"end":{"line":48,"column":1}},"line":43},"4":{"name":"isEmailTaken","decl":{"start":{"line":55,"column":15},"end":{"line":55,"column":27}},"loc":{"start":{"line":55,"column":35},"end":{"line":60,"column":1}},"line":55},"5":{"name":"verifyPasswordByUsername","decl":{"start":{"line":69,"column":15},"end":{"line":69,"column":39}},"loc":{"start":{"line":69,"column":60},"end":{"line":80,"column":1}},"line":69},"6":{"name":"getUtente","decl":{"start":{"line":87,"column":15},"end":{"line":87,"column":24}},"loc":{"start":{"line":87,"column":35},"end":{"line":96,"column":1}},"line":87}},"branchMap":{},"s":{"0":0,"1":0,"2":0,"3":0,"4":0,"5":0,"6":0,"7":0,"8":0,"9":0,"10":0,"11":0,"12":0,"13":0,"14":0,"15":0,"16":0,"17":0,"18":0,"19":0,"20":1},"f":{"0":0,"1":0,"2":0,"3":0,"4":0,"5":0,"6":0},"b":{},"inputSourceMap":null,"_coverageSchema":"1a1c01bbd47fc00a2c39e90264f33305004495a9","hash":"755b2fcfbb87d8080396c1f2f9cf923ff6d96fd6"}
}
