TN:
SF:app.mjs
FNF:0
FNH:0
DA:10,1
DA:12,1
DA:15,1
DA:16,1
DA:17,1
DA:19,1
DA:20,1
DA:21,1
DA:24,1
DA:29,1
LF:10
LH:10
BRF:0
BRH:0
end_of_record
TN:
SF:src\handlers\chatHandlers.mjs
FN:16,getChatsByUsername
FN:39,getChatById
FN:69,getMessaggi
FN:105,getMessaggioById
FN:140,postMessaggio
FN:172,(anonymous_5)
FNF:6
FNH:0
FNDA:0,getChatsByUsername
FNDA:0,getChatById
FNDA:0,getMessaggi
FNDA:0,getMessaggioById
FNDA:0,postMessaggio
FNDA:0,(anonymous_5)
DA:9,1
DA:17,0
DA:18,0
DA:20,0
DA:23,0
DA:24,0
DA:27,0
DA:30,0
DA:40,0
DA:41,0
DA:42,0
DA:44,0
DA:47,0
DA:48,0
DA:52,0
DA:54,0
DA:57,0
DA:60,0
DA:70,0
DA:71,0
DA:72,0
DA:74,0
DA:76,0
DA:79,0
DA:80,0
DA:84,0
DA:86,0
DA:89,0
DA:90,0
DA:93,0
DA:96,0
DA:106,0
DA:107,0
DA:108,0
DA:110,0
DA:111,0
DA:114,0
DA:115,0
DA:119,0
DA:120,0
DA:124,0
DA:125,0
DA:128,0
DA:131,0
DA:141,0
DA:142,0
DA:143,0
DA:144,0
DA:146,0
DA:149,0
DA:150,0
DA:154,0
DA:155,0
DA:158,0
DA:160,0
DA:163,0
DA:164,0
DA:165,0
DA:167,0
DA:168,0
DA:170,0
DA:172,0
DA:174,0
DA:176,0
DA:186,0
DA:189,0
LF:66
LH:1
BRDA:23,0,0,0
BRDA:23,0,1,0
BRDA:47,1,0,0
BRDA:47,1,1,0
BRDA:52,2,0,0
BRDA:52,2,1,0
BRDA:79,3,0,0
BRDA:79,3,1,0
BRDA:84,4,0,0
BRDA:84,4,1,0
BRDA:114,5,0,0
BRDA:114,5,1,0
BRDA:119,6,0,0
BRDA:119,6,1,0
BRDA:124,7,0,0
BRDA:124,7,1,0
BRDA:149,8,0,0
BRDA:149,8,1,0
BRDA:154,9,0,0
BRDA:154,9,1,0
BRDA:158,10,0,0
BRDA:158,10,1,0
BRDA:174,11,0,0
BRDA:174,11,1,0
BRF:24
BRH:0
end_of_record
TN:
SF:src\handlers\followHandlers.mjs
FN:11,follow
FN:65,unfollow
FN:92,(anonymous_2)
FN:94,(anonymous_3)
FNF:4
FNH:0
FNDA:0,follow
FNDA:0,unfollow
FNDA:0,(anonymous_2)
FNDA:0,(anonymous_3)
DA:4,1
DA:12,0
DA:13,0
DA:14,0
DA:17,0
DA:18,0
DA:26,0
DA:27,0
DA:28,0
DA:32,0
DA:33,0
DA:34,0
DA:38,0
DA:39,0
DA:40,0
DA:43,0
DA:44,0
DA:52,0
DA:56,0
DA:66,0
DA:67,0
DA:68,0
DA:71,0
DA:72,0
DA:80,0
DA:81,0
DA:82,0
DA:86,0
DA:87,0
DA:88,0
DA:92,0
DA:93,0
DA:94,0
DA:95,0
DA:98,0
DA:102,0
LF:36
LH:1
BRDA:14,0,0,0
BRDA:14,0,1,0
BRDA:17,1,0,0
BRDA:17,1,1,0
BRDA:27,2,0,0
BRDA:27,2,1,0
BRDA:33,3,0,0
BRDA:33,3,1,0
BRDA:68,4,0,0
BRDA:68,4,1,0
BRDA:71,5,0,0
BRDA:71,5,1,0
BRDA:81,6,0,0
BRDA:81,6,1,0
BRDA:87,7,0,0
BRDA:87,7,1,0
BRF:16
BRH:0
end_of_record
TN:
SF:src\handlers\googleAuthHandlers.mjs
FN:10,googleAuthentication
FN:15,googleCallback
FN:16,(anonymous_2)
FNF:3
FNH:0
FNDA:0,googleAuthentication
FNDA:0,googleCallback
FNDA:0,(anonymous_2)
DA:4,1
DA:6,1
DA:7,1
DA:11,0
DA:16,0
DA:17,0
DA:18,0
DA:20,0
LF:8
LH:3
BRDA:17,0,0,0
BRDA:17,0,1,0
BRDA:18,1,0,0
BRDA:18,1,1,0
BRF:4
BRH:0
end_of_record
TN:
SF:src\handlers\notificheHandlers.mjs
FN:11,postNotifica
FN:81,setAsReadById
FN:123,deleteNotificaById
FN:166,getNotificheByUsername
FN:215,setAllASReadByUsername
FN:264,deleteNotificheByUsername
FNF:6
FNH:0
FNDA:0,postNotifica
FNDA:0,setAsReadById
FNDA:0,deleteNotificaById
FNDA:0,getNotificheByUsername
FNDA:0,setAllASReadByUsername
FNDA:0,deleteNotificheByUsername
DA:12,0
DA:13,0
DA:14,0
DA:15,0
DA:18,0
DA:19,0
DA:26,0
DA:27,0
DA:28,0
DA:29,0
DA:34,0
DA:35,0
DA:39,0
DA:40,0
DA:44,0
DA:45,0
DA:48,0
DA:49,0
DA:52,0
DA:53,0
DA:54,0
DA:58,0
DA:61,0
DA:62,0
DA:66,0
DA:68,0
DA:72,0
DA:82,0
DA:83,0
DA:84,0
DA:87,0
DA:88,0
DA:96,0
DA:99,0
DA:100,0
DA:104,0
DA:105,0
DA:107,0
DA:110,0
DA:114,0
DA:124,0
DA:125,0
DA:126,0
DA:129,0
DA:130,0
DA:138,0
DA:141,0
DA:142,0
DA:146,0
DA:148,0
DA:149,0
DA:153,0
DA:157,0
DA:167,0
DA:168,0
DA:169,0
DA:170,0
DA:173,0
DA:174,0
DA:182,0
DA:183,0
DA:184,0
DA:188,0
DA:189,0
DA:193,0
DA:194,0
DA:195,0
DA:199,0
DA:202,0
DA:206,0
DA:216,0
DA:217,0
DA:218,0
DA:219,0
DA:222,0
DA:223,0
DA:231,0
DA:232,0
DA:233,0
DA:237,0
DA:238,0
DA:242,0
DA:243,0
DA:244,0
DA:248,0
DA:251,0
DA:255,0
DA:265,0
DA:266,0
DA:267,0
DA:268,0
DA:271,0
DA:272,0
DA:280,0
DA:281,0
DA:282,0
DA:286,0
DA:287,0
DA:291,0
DA:292,0
DA:293,0
DA:297,0
DA:300,0
DA:304,0
LF:104
LH:0
BRDA:14,0,0,0
BRDA:14,0,1,0
BRDA:18,1,0,0
BRDA:18,1,1,0
BRDA:26,2,0,0
BRDA:26,2,1,0
BRDA:28,3,0,0
BRDA:28,3,1,0
BRDA:34,4,0,0
BRDA:34,4,1,0
BRDA:39,5,0,0
BRDA:39,5,1,0
BRDA:44,6,0,0
BRDA:44,6,1,0
BRDA:48,7,0,0
BRDA:48,7,1,0
BRDA:53,8,0,0
BRDA:53,8,1,0
BRDA:61,9,0,0
BRDA:61,9,1,0
BRDA:84,10,0,0
BRDA:84,10,1,0
BRDA:87,11,0,0
BRDA:87,11,1,0
BRDA:99,12,0,0
BRDA:99,12,1,0
BRDA:107,13,0,0
BRDA:107,13,1,0
BRDA:126,14,0,0
BRDA:126,14,1,0
BRDA:129,15,0,0
BRDA:129,15,1,0
BRDA:141,16,0,0
BRDA:141,16,1,0
BRDA:148,17,0,0
BRDA:148,17,1,0
BRDA:170,18,0,0
BRDA:170,18,1,0
BRDA:173,19,0,0
BRDA:173,19,1,0
BRDA:183,20,0,0
BRDA:183,20,1,0
BRDA:188,21,0,0
BRDA:188,21,1,0
BRDA:194,22,0,0
BRDA:194,22,1,0
BRDA:219,23,0,0
BRDA:219,23,1,0
BRDA:222,24,0,0
BRDA:222,24,1,0
BRDA:232,25,0,0
BRDA:232,25,1,0
BRDA:237,26,0,0
BRDA:237,26,1,0
BRDA:243,27,0,0
BRDA:243,27,1,0
BRDA:268,28,0,0
BRDA:268,28,1,0
BRDA:271,29,0,0
BRDA:271,29,1,0
BRDA:281,30,0,0
BRDA:281,30,1,0
BRDA:286,31,0,0
BRDA:286,31,1,0
BRDA:292,32,0,0
BRDA:292,32,1,0
BRF:66
BRH:0
end_of_record
TN:
SF:src\handlers\proposteHandlers.mjs
FN:20,getProposte
FN:60,(anonymous_1)
FN:95,getProposteNA
FN:98,(anonymous_3)
FN:114,getMieProposte
FN:134,getProposteIscritto
FN:170,getPropostaById
FN:200,(anonymous_7)
FN:282,ricercaProposte
FN:320,(anonymous_9)
FN:335,postProposta
FN:376,(anonymous_11)
FN:434,annullaPartecipazioneById
FN:456,(anonymous_13)
FN:461,(anonymous_14)
FN:473,modifyPropostaById
FN:500,(anonymous_16)
FN:527,deletePropostaById
FN:552,(anonymous_18)
FNF:19
FNH:0
FNDA:0,getProposte
FNDA:0,(anonymous_1)
FNDA:0,getProposteNA
FNDA:0,(anonymous_3)
FNDA:0,getMieProposte
FNDA:0,getProposteIscritto
FNDA:0,getPropostaById
FNDA:0,(anonymous_7)
FNDA:0,ricercaProposte
FNDA:0,(anonymous_9)
FNDA:0,postProposta
FNDA:0,(anonymous_11)
FNDA:0,annullaPartecipazioneById
FNDA:0,(anonymous_13)
FNDA:0,(anonymous_14)
FNDA:0,modifyPropostaById
FNDA:0,(anonymous_16)
FNDA:0,deletePropostaById
FNDA:0,(anonymous_18)
DA:13,1
DA:21,0
DA:22,0
DA:23,0
DA:26,0
DA:29,0
DA:30,0
DA:32,0
DA:34,0
DA:36,0
DA:38,0
DA:39,0
DA:40,0
DA:43,0
DA:49,0
DA:51,0
DA:52,0
DA:55,0
DA:59,0
DA:60,0
DA:61,0
DA:62,0
DA:64,0
DA:67,0
DA:96,0
DA:97,0
DA:98,0
DA:99,0
DA:100,0
DA:102,0
DA:105,0
DA:115,0
DA:116,0
DA:117,0
DA:119,0
DA:120,0
DA:122,0
DA:125,0
DA:135,0
DA:136,0
DA:137,0
DA:139,0
DA:140,0
DA:142,0
DA:145,0
DA:171,0
DA:172,0
DA:173,0
DA:174,0
DA:175,0
DA:176,0
DA:178,0
DA:179,0
DA:180,0
DA:184,0
DA:185,0
DA:186,0
DA:187,0
DA:188,0
DA:189,0
DA:191,0
DA:192,0
DA:193,0
DA:194,0
DA:195,0
DA:197,0
DA:200,0
DA:201,0
DA:202,0
DA:203,0
DA:204,0
DA:206,0
DA:208,0
DA:209,0
DA:210,0
DA:212,0
DA:214,0
DA:215,0
DA:216,0
DA:218,0
DA:219,0
DA:224,0
DA:225,0
DA:226,0
DA:227,0
DA:228,0
DA:230,0
DA:231,0
DA:235,0
DA:236,0
DA:283,0
DA:284,0
DA:285,0
DA:288,0
DA:290,0
DA:291,0
DA:294,0
DA:295,0
DA:298,0
DA:299,0
DA:301,0
DA:302,0
DA:304,0
DA:305,0
DA:309,0
DA:310,0
DA:311,0
DA:312,0
DA:315,0
DA:319,0
DA:320,0
DA:321,0
DA:323,0
DA:324,0
DA:327,0
DA:331,0
DA:336,0
DA:337,0
DA:338,0
DA:339,0
DA:342,0
DA:343,0
DA:350,0
DA:351,0
DA:354,0
DA:355,0
DA:358,0
DA:359,0
DA:362,0
DA:363,0
DA:366,0
DA:367,0
DA:369,0
DA:371,0
DA:372,0
DA:373,0
DA:374,0
DA:376,0
DA:378,0
DA:386,0
DA:390,0
DA:435,0
DA:436,0
DA:437,0
DA:439,0
DA:442,0
DA:443,0
DA:450,0
DA:452,0
DA:453,0
DA:456,0
DA:458,0
DA:460,0
DA:461,0
DA:462,0
DA:464,0
DA:468,0
DA:474,0
DA:475,0
DA:476,0
DA:477,0
DA:480,0
DA:481,0
DA:488,0
DA:490,0
DA:491,0
DA:495,0
DA:497,0
DA:498,0
DA:500,0
DA:502,0
DA:512,0
DA:515,0
DA:518,0
DA:528,0
DA:529,0
DA:530,0
DA:533,0
DA:534,0
DA:542,0
DA:544,0
DA:545,0
DA:549,0
DA:551,0
DA:552,0
DA:554,0
DA:564,0
DA:566,0
DA:568,0
DA:570,0
DA:572,0
DA:575,0
DA:577,0
DA:580,0
LF:194
LH:1
BRDA:22,0,0,0
BRDA:22,0,1,0
BRDA:29,1,0,0
BRDA:29,1,1,0
BRDA:30,2,0,0
BRDA:30,2,1,0
BRDA:34,3,0,0
BRDA:34,3,1,0
BRDA:38,4,0,0
BRDA:38,4,1,0
BRDA:51,5,0,0
BRDA:51,5,1,0
BRDA:61,6,0,0
BRDA:61,6,1,0
BRDA:99,7,0,0
BRDA:99,7,1,0
BRDA:119,8,0,0
BRDA:119,8,1,0
BRDA:139,9,0,0
BRDA:139,9,1,0
BRDA:176,10,0,0
BRDA:176,10,1,0
BRDA:178,11,0,0
BRDA:178,11,1,0
BRDA:184,12,0,0
BRDA:184,12,1,0
BRDA:186,13,0,0
BRDA:186,13,1,0
BRDA:191,14,0,0
BRDA:191,14,1,0
BRDA:194,15,0,0
BRDA:194,15,1,0
BRDA:203,16,0,0
BRDA:203,16,1,0
BRDA:209,17,0,0
BRDA:209,17,1,0
BRDA:226,18,0,0
BRDA:226,18,1,0
BRDA:284,19,0,0
BRDA:284,19,1,0
BRDA:290,20,0,0
BRDA:290,20,1,0
BRDA:294,21,0,0
BRDA:294,21,1,0
BRDA:298,22,0,0
BRDA:298,22,1,0
BRDA:298,23,0,0
BRDA:298,23,1,0
BRDA:301,24,0,0
BRDA:301,24,1,0
BRDA:304,25,0,0
BRDA:304,25,1,0
BRDA:309,26,0,0
BRDA:309,26,1,0
BRDA:311,27,0,0
BRDA:311,27,1,0
BRDA:323,28,0,0
BRDA:323,28,1,0
BRDA:337,29,0,0
BRDA:337,29,1,0
BRDA:342,30,0,0
BRDA:342,30,1,0
BRDA:350,31,0,0
BRDA:350,31,1,0
BRDA:354,32,0,0
BRDA:354,32,1,0
BRDA:358,33,0,0
BRDA:358,33,1,0
BRDA:362,34,0,0
BRDA:362,34,1,0
BRDA:366,35,0,0
BRDA:366,35,1,0
BRDA:435,36,0,0
BRDA:435,36,1,0
BRDA:442,37,0,0
BRDA:442,37,1,0
BRDA:452,38,0,0
BRDA:452,38,1,0
BRDA:477,39,0,0
BRDA:477,39,1,0
BRDA:480,40,0,0
BRDA:480,40,1,0
BRDA:490,41,0,0
BRDA:490,41,1,0
BRDA:495,42,0,0
BRDA:495,42,1,0
BRDA:530,43,0,0
BRDA:530,43,1,0
BRDA:533,44,0,0
BRDA:533,44,1,0
BRDA:544,45,0,0
BRDA:544,45,1,0
BRDA:549,46,0,0
BRDA:549,46,1,0
BRF:94
BRH:0
end_of_record
TN:
SF:src\handlers\richiesteHandlers.mjs
FN:17,getRichieste
FN:27,(anonymous_1)
FN:75,getRichiestaById
FN:148,postRichiesta
FN:247,handleRichiestaById
FN:320,deleteRichiestaById
FNF:6
FNH:0
FNDA:0,getRichieste
FNDA:0,(anonymous_1)
FNDA:0,getRichiestaById
FNDA:0,postRichiesta
FNDA:0,handleRichiestaById
FNDA:0,deleteRichiestaById
DA:10,1
DA:18,0
DA:19,0
DA:20,0
DA:21,0
DA:22,0
DA:23,0
DA:24,0
DA:27,0
DA:29,0
DA:31,0
DA:32,0
DA:33,0
DA:35,0
DA:42,0
DA:43,0
DA:44,0
DA:47,0
DA:48,0
DA:52,0
DA:53,0
DA:56,0
DA:58,0
DA:59,0
DA:62,0
DA:66,0
DA:76,0
DA:77,0
DA:78,0
DA:79,0
DA:80,0
DA:81,0
DA:84,0
DA:85,0
DA:92,0
DA:93,0
DA:96,0
DA:97,0
DA:101,0
DA:102,0
DA:105,0
DA:109,0
DA:149,0
DA:150,0
DA:151,0
DA:152,0
DA:155,0
DA:156,0
DA:163,0
DA:165,0
DA:166,0
DA:169,0
DA:172,0
DA:174,0
DA:175,0
DA:177,0
DA:186,0
DA:188,0
DA:192,0
DA:248,0
DA:249,0
DA:250,0
DA:251,0
DA:252,0
DA:253,0
DA:254,0
DA:255,0
DA:256,0
DA:259,0
DA:260,0
DA:267,0
DA:268,0
DA:271,0
DA:272,0
DA:275,0
DA:276,0
DA:279,0
DA:280,0
DA:283,0
DA:285,0
DA:287,0
DA:288,0
DA:289,0
DA:290,0
DA:291,0
DA:292,0
DA:294,0
DA:296,0
DA:304,0
DA:307,0
DA:311,0
DA:321,0
DA:322,0
DA:323,0
DA:326,0
DA:327,0
DA:335,0
DA:337,0
DA:338,0
DA:342,0
DA:345,0
DA:348,0
DA:350,0
DA:353,0
LF:104
LH:1
BRDA:22,0,0,0
BRDA:22,0,1,0
BRDA:31,1,0,0
BRDA:31,1,1,0
BRDA:32,2,0,0
BRDA:32,2,1,0
BRDA:42,3,0,0
BRDA:42,3,1,0
BRDA:43,4,0,0
BRDA:43,4,1,0
BRDA:47,5,0,0
BRDA:47,5,1,0
BRDA:52,6,0,0
BRDA:52,6,1,0
BRDA:58,7,0,0
BRDA:58,7,1,0
BRDA:80,8,0,0
BRDA:80,8,1,0
BRDA:84,9,0,0
BRDA:84,9,1,0
BRDA:92,10,0,0
BRDA:92,10,1,0
BRDA:96,11,0,0
BRDA:96,11,1,0
BRDA:101,12,0,0
BRDA:101,12,1,0
BRDA:101,13,0,0
BRDA:101,13,1,0
BRDA:152,14,0,0
BRDA:152,14,1,0
BRDA:155,15,0,0
BRDA:155,15,1,0
BRDA:165,16,0,0
BRDA:165,16,1,0
BRDA:172,17,0,0
BRDA:172,17,1,0
BRDA:252,18,0,0
BRDA:252,18,1,0
BRDA:259,19,0,0
BRDA:259,19,1,0
BRDA:267,20,0,0
BRDA:267,20,1,0
BRDA:271,21,0,0
BRDA:271,21,1,0
BRDA:275,22,0,0
BRDA:275,22,1,0
BRDA:279,23,0,0
BRDA:279,23,1,0
BRDA:283,24,0,0
BRDA:283,24,1,0
BRDA:287,25,0,0
BRDA:287,25,1,0
BRDA:323,26,0,0
BRDA:323,26,1,0
BRDA:326,27,0,0
BRDA:326,27,1,0
BRDA:337,28,0,0
BRDA:337,28,1,0
BRDA:342,29,0,0
BRDA:342,29,1,0
BRF:60
BRH:0
end_of_record
TN:
SF:src\handlers\utentiHandlers.mjs
FN:15,getUtenteById
FN:58,ricercaUtenti
FN:112,updateUtenteById
FN:152,getUtenteByUsername
FN:158,(anonymous_4)
FN:220,signupUtente
FN:270,loginUtente
FN:323,getInteressi
FN:332,changePasswordRequest
FN:358,changePassword
FN:406,googleLogin
FNF:11
FNH:3
FNDA:4,getUtenteById
FNDA:0,ricercaUtenti
FNDA:0,updateUtenteById
FNDA:0,getUtenteByUsername
FNDA:0,(anonymous_4)
FNDA:7,signupUtente
FNDA:4,loginUtente
FNDA:0,getInteressi
FNDA:0,changePasswordRequest
FNDA:0,changePassword
FNDA:0,googleLogin
DA:16,4
DA:17,4
DA:18,4
DA:19,3
DA:22,3
DA:23,3
DA:29,0
DA:30,0
DA:34,0
DA:35,0
DA:39,0
DA:49,1
DA:59,0
DA:60,0
DA:61,0
DA:64,0
DA:66,0
DA:67,0
DA:70,0
DA:71,0
DA:73,0
DA:74,0
DA:76,0
DA:77,0
DA:81,0
DA:82,0
DA:84,0
DA:85,0
DA:88,0
DA:92,0
DA:93,0
DA:95,0
DA:96,0
DA:99,0
DA:103,0
DA:113,0
DA:114,0
DA:115,0
DA:116,0
DA:119,0
DA:120,0
DA:127,0
DA:128,0
DA:129,0
DA:133,0
DA:135,0
DA:136,0
DA:139,0
DA:143,0
DA:153,0
DA:154,0
DA:155,0
DA:156,0
DA:158,0
DA:160,0
DA:162,0
DA:164,0
DA:165,0
DA:166,0
DA:179,0
DA:187,0
DA:189,0
DA:190,0
DA:194,0
DA:195,0
DA:199,0
DA:211,0
DA:221,7
DA:223,7
DA:224,7
DA:226,7
DA:229,7
DA:230,1
DA:233,7
DA:234,1
DA:237,7
DA:238,1
DA:241,7
DA:242,1
DA:245,7
DA:246,1
DA:249,7
DA:250,5
DA:253,2
DA:254,2
DA:256,2
DA:257,1
DA:261,1
DA:271,4
DA:273,4
DA:276,4
DA:279,3
DA:280,1
DA:284,2
DA:287,2
DA:288,1
DA:292,1
DA:298,1
DA:303,1
DA:306,1
DA:314,1
DA:324,0
DA:325,0
DA:326,0
DA:328,0
DA:333,0
DA:334,0
DA:335,0
DA:337,0
DA:338,0
DA:342,0
DA:343,0
DA:346,0
DA:347,0
DA:350,0
DA:352,0
DA:354,0
DA:359,0
DA:360,0
DA:361,0
DA:363,0
DA:366,0
DA:369,0
DA:370,0
DA:374,0
DA:375,0
DA:378,0
DA:379,0
DA:383,0
DA:384,0
DA:386,0
DA:387,0
DA:391,0
DA:394,0
DA:395,0
DA:398,0
DA:400,0
DA:402,0
DA:407,0
DA:411,0
DA:413,0
DA:414,0
DA:416,0
DA:418,0
DA:419,0
DA:420,0
DA:423,0
DA:431,0
DA:432,0
DA:435,0
DA:439,0
DA:443,0
DA:446,0
DA:449,0
DA:456,0
LF:155
LH:41
BRDA:19,0,0,0
BRDA:19,0,1,3
BRDA:22,1,0,3
BRDA:22,1,1,0
BRDA:29,2,0,0
BRDA:29,2,1,0
BRDA:34,3,0,0
BRDA:34,3,1,0
BRDA:60,4,0,0
BRDA:60,4,1,0
BRDA:66,5,0,0
BRDA:66,5,1,0
BRDA:70,6,0,0
BRDA:70,6,1,0
BRDA:70,7,0,0
BRDA:70,7,1,0
BRDA:73,8,0,0
BRDA:73,8,1,0
BRDA:76,9,0,0
BRDA:76,9,1,0
BRDA:81,10,0,0
BRDA:81,10,1,0
BRDA:84,11,0,0
BRDA:84,11,1,0
BRDA:95,12,0,0
BRDA:95,12,1,0
BRDA:116,13,0,0
BRDA:116,13,1,0
BRDA:119,14,0,0
BRDA:119,14,1,0
BRDA:128,15,0,0
BRDA:128,15,1,0
BRDA:133,16,0,0
BRDA:133,16,1,0
BRDA:155,17,0,0
BRDA:155,17,1,0
BRDA:162,18,0,0
BRDA:162,18,1,0
BRDA:164,19,0,0
BRDA:164,19,1,0
BRDA:189,20,0,0
BRDA:189,20,1,0
BRDA:194,21,0,0
BRDA:194,21,1,0
BRDA:229,22,0,1
BRDA:229,22,1,6
BRDA:233,23,0,1
BRDA:233,23,1,6
BRDA:237,24,0,1
BRDA:237,24,1,6
BRDA:241,25,0,1
BRDA:241,25,1,6
BRDA:245,26,0,1
BRDA:245,26,1,6
BRDA:249,27,0,5
BRDA:249,27,1,2
BRDA:253,28,0,2
BRDA:253,28,1,0
BRDA:279,29,0,1
BRDA:279,29,1,2
BRDA:287,30,0,1
BRDA:287,30,1,1
BRDA:337,31,0,0
BRDA:337,31,1,0
BRDA:369,32,0,0
BRDA:369,32,1,0
BRDA:374,33,0,0
BRDA:374,33,1,0
BRDA:378,34,0,0
BRDA:378,34,1,0
BRDA:384,35,0,0
BRDA:384,35,1,0
BRDA:413,36,0,0
BRDA:413,36,1,0
BRDA:416,37,0,0
BRDA:416,37,1,0
BRF:76
BRH:19
end_of_record
TN:
SF:src\handlers\valutazioniHandlers.mjs
FN:10,valutaPartecipantiByIdProposta
FN:39,(anonymous_1)
FN:79,valutaPartecipanteByUsername
FNF:3
FNH:0
FNDA:0,valutaPartecipantiByIdProposta
FNDA:0,(anonymous_1)
FNDA:0,valutaPartecipanteByUsername
DA:11,0
DA:12,0
DA:13,0
DA:14,0
DA:15,0
DA:18,0
DA:19,0
DA:25,0
DA:26,0
DA:28,0
DA:29,0
DA:30,0
DA:31,0
DA:32,0
DA:33,0
DA:35,0
DA:39,0
DA:40,0
DA:41,0
DA:42,0
DA:44,0
DA:46,0
DA:47,0
DA:48,0
DA:52,0
DA:53,0
DA:55,0
DA:56,0
DA:57,0
DA:63,0
DA:64,0
DA:67,0
DA:70,0
DA:80,0
DA:81,0
DA:82,0
DA:83,0
DA:84,0
DA:85,0
DA:86,0
DA:89,0
DA:90,0
DA:96,0
DA:97,0
DA:100,0
DA:101,0
DA:104,0
DA:105,0
DA:108,0
DA:109,0
DA:110,0
DA:113,0
DA:119,0
DA:120,0
DA:123,0
DA:126,0
LF:56
LH:0
BRDA:14,0,0,0
BRDA:14,0,1,0
BRDA:18,1,0,0
BRDA:18,1,1,0
BRDA:25,2,0,0
BRDA:25,2,1,0
BRDA:29,3,0,0
BRDA:29,3,1,0
BRDA:32,4,0,0
BRDA:32,4,1,0
BRDA:41,5,0,0
BRDA:41,5,1,0
BRDA:47,6,0,0
BRDA:47,6,1,0
BRDA:52,7,0,0
BRDA:52,7,1,0
BRDA:85,8,0,0
BRDA:85,8,1,0
BRDA:89,9,0,0
BRDA:89,9,1,0
BRDA:96,10,0,0
BRDA:96,10,1,0
BRDA:100,11,0,0
BRDA:100,11,1,0
BRDA:104,12,0,0
BRDA:104,12,1,0
BRDA:109,13,0,0
BRDA:109,13,1,0
BRF:28
BRH:0
end_of_record
TN:
SF:src\middlewares\tokenChecker.mjs
FN:5,tokenChecker
FN:17,(anonymous_1)
FNF:2
FNH:2
FNDA:5,tokenChecker
FNDA:1,(anonymous_1)
DA:6,5
DA:8,5
DA:10,5
DA:12,4
DA:13,4
DA:17,1
DA:18,1
DA:21,1
DA:27,0
DA:28,0
DA:33,1
LF:11
LH:9
BRDA:10,0,0,4
BRDA:10,0,1,1
BRDA:18,1,0,1
BRDA:18,1,1,0
BRF:4
BRH:3
end_of_record
TN:
SF:src\models\chatModel.mjs
FNF:0
FNH:0
DA:4,1
DA:33,1
LF:2
LH:2
BRF:0
BRH:0
end_of_record
TN:
SF:src\models\enums.mjs
FNF:0
FNH:0
DA:1,1
DA:13,1
DA:18,1
LF:3
LH:3
BRF:0
BRH:0
end_of_record
TN:
SF:src\models\messaggioModel.mjs
FNF:0
FNH:0
DA:4,1
DA:32,1
LF:2
LH:2
BRF:0
BRH:0
end_of_record
TN:
SF:src\models\notificaModel.mjs
FN:12,(anonymous_0)
FN:17,(anonymous_1)
FN:24,(anonymous_2)
FN:28,(anonymous_3)
FNF:4
FNH:0
FNDA:0,(anonymous_0)
FNDA:0,(anonymous_1)
FNDA:0,(anonymous_2)
FNDA:0,(anonymous_3)
DA:6,1
DA:13,0
DA:14,0
DA:15,0
DA:17,0
DA:25,0
DA:26,0
DA:28,0
DA:57,1
LF:9
LH:2
BRDA:13,0,0,0
BRDA:13,0,1,0
BRF:2
BRH:0
end_of_record
TN:
SF:src\models\propostaModel.mjs
FN:58,(anonymous_0)
FN:61,(anonymous_1)
FNF:2
FNH:0
FNDA:0,(anonymous_0)
FNDA:0,(anonymous_1)
DA:6,1
DA:59,0
DA:61,0
DA:93,1
LF:4
LH:2
BRF:0
BRH:0
end_of_record
TN:
SF:src\models\richiestaModel.mjs
FNF:0
FNH:0
DA:5,1
DA:33,1
LF:2
LH:2
BRF:0
BRH:0
end_of_record
TN:
SF:src\models\tokenModel.mjs
FN:17,(anonymous_0)
FNF:1
FNH:0
FNDA:0,(anonymous_0)
DA:4,1
DA:19,0
DA:27,1
LF:3
LH:2
BRF:0
BRH:0
end_of_record
TN:
SF:src\models\utenteModel.mjs
FN:43,(anonymous_0)
FN:46,(anonymous_1)
FN:55,(anonymous_2)
FN:58,(anonymous_3)
FN:96,(anonymous_4)
FNF:5
FNH:0
FNDA:0,(anonymous_0)
FNDA:0,(anonymous_1)
FNDA:0,(anonymous_2)
FNDA:0,(anonymous_3)
FNDA:0,(anonymous_4)
DA:7,1
DA:44,0
DA:46,0
DA:56,0
DA:58,0
DA:96,1
DA:98,0
DA:99,0
DA:102,0
DA:104,0
DA:107,0
DA:110,0
DA:113,0
DA:116,0
DA:121,1
LF:15
LH:3
BRDA:98,0,0,0
BRDA:98,0,1,0
BRF:2
BRH:0
end_of_record
TN:
SF:src\models\valutazioneModel.mjs
FNF:0
FNH:0
DA:4,1
DA:34,1
DA:36,1
LF:3
LH:3
BRF:0
BRH:0
end_of_record
TN:
SF:src\routes\chatRoutes.mjs
FNF:0
FNH:0
DA:5,1
DA:8,1
DA:11,1
DA:14,1
DA:17,1
DA:20,1
DA:23,1
LF:7
LH:7
BRF:0
BRH:0
end_of_record
TN:
SF:src\routes\followRoutes.mjs
FNF:0
FNH:0
DA:5,1
DA:8,1
DA:11,1
DA:14,1
LF:4
LH:4
BRF:0
BRH:0
end_of_record
TN:
SF:src\routes\googleAuthRoutes.mjs
FNF:0
FNH:0
DA:4,1
DA:6,1
DA:9,1
LF:3
LH:3
BRF:0
BRH:0
end_of_record
TN:
SF:src\routes\notificheRoutes.mjs
FNF:0
FNH:0
DA:5,1
DA:8,1
DA:11,1
DA:14,1
DA:17,1
DA:20,1
DA:23,1
DA:26,1
LF:8
LH:8
BRF:0
BRH:0
end_of_record
TN:
SF:src\routes\proposteRoutes.mjs
FNF:0
FNH:0
DA:5,1
DA:8,1
DA:11,1
DA:14,1
DA:17,1
DA:20,1
DA:23,1
DA:26,1
DA:29,1
DA:32,1
DA:35,1
DA:38,1
LF:12
LH:12
BRF:0
BRH:0
end_of_record
TN:
SF:src\routes\richiesteRoutes.mjs
FNF:0
FNH:0
DA:5,1
DA:8,1
DA:11,1
DA:14,1
DA:17,1
DA:21,1
DA:24,1
LF:7
LH:7
BRF:0
BRH:0
end_of_record
TN:
SF:src\routes\routes.mjs
FNF:0
FNH:0
DA:12,1
DA:15,1
DA:16,1
DA:17,1
DA:18,1
DA:19,1
DA:20,1
DA:21,1
DA:22,1
LF:9
LH:9
BRF:0
BRH:0
end_of_record
TN:
SF:src\routes\utentiRoutes.mjs
FNF:0
FNH:0
DA:5,1
DA:8,1
DA:11,1
DA:14,1
DA:17,1
DA:20,1
DA:23,1
DA:30,1
DA:33,1
DA:36,1
LF:10
LH:10
BRF:0
BRH:0
end_of_record
TN:
SF:src\routes\valutazioniRoutes.mjs
FNF:0
FNH:0
DA:5,1
DA:8,1
DA:11,1
DA:14,1
LF:4
LH:4
BRF:0
BRH:0
end_of_record
TN:
SF:src\services\emailService.mjs
FN:9,sendResetPasswordMail
FNF:1
FNH:0
FNDA:0,sendResetPasswordMail
DA:12,0
DA:13,0
DA:15,0
DA:48,0
DA:49,0
DA:50,0
DA:52,0
LF:7
LH:0
BRF:0
BRH:0
end_of_record
TN:
SF:src\services\googleAuth.mjs
FN:13,(anonymous_0)
FN:24,(anonymous_1)
FN:28,(anonymous_2)
FNF:3
FNH:0
FNDA:0,(anonymous_0)
FNDA:0,(anonymous_1)
FNDA:0,(anonymous_2)
DA:5,1
DA:7,1
DA:14,0
DA:16,0
DA:17,0
DA:18,0
DA:20,0
DA:24,1
DA:25,0
DA:28,1
DA:29,0
LF:11
LH:4
BRF:0
BRH:0
end_of_record
TN:
SF:src\utils\passwordGenerator.mjs
FN:1,generateRandomPassword
FN:10,(anonymous_1)
FNF:2
FNH:0
FNDA:0,generateRandomPassword
FNDA:0,(anonymous_1)
DA:3,0
DA:4,0
DA:5,0
DA:6,0
DA:7,0
DA:10,0
DA:11,0
DA:15,0
DA:23,0
DA:24,0
DA:25,0
DA:29,0
DA:30,0
DA:31,0
DA:35,0
LF:15
LH:0
BRF:0
BRH:0
end_of_record
TN:
SF:src\validators\chatsValidators.mjs
FN:7,validateContenuto
FNF:1
FNH:0
FNDA:0,validateContenuto
DA:9,0
DA:11,0
DA:14,0
LF:3
LH:0
BRDA:9,0,0,0
BRDA:9,0,1,0
BRF:2
BRH:0
end_of_record
TN:
SF:src\validators\notificheValidators.mjs
FN:9,tipoInEnum
FNF:1
FNH:0
FNDA:0,tipoInEnum
DA:10,0
LF:1
LH:0
BRF:0
BRH:0
end_of_record
TN:
SF:src\validators\proposteValidators.mjs
FN:9,categorieInEnum
FN:15,(anonymous_1)
FN:24,validateTitolo
FN:35,validateCoordinate
FN:51,validateDescrizione
FNF:5
FNH:0
FNDA:0,categorieInEnum
FNDA:0,(anonymous_1)
FNDA:0,validateTitolo
FNDA:0,validateCoordinate
FNDA:0,validateDescrizione
DA:11,0
DA:12,0
DA:15,0
DA:26,0
DA:37,0
DA:39,0
DA:42,0
DA:53,0
LF:8
LH:0
BRDA:11,0,0,0
BRDA:11,0,1,0
BRDA:37,1,0,0
BRDA:37,1,1,0
BRDA:37,2,0,0
BRDA:37,2,1,0
BRDA:37,2,2,0
BRDA:37,2,3,0
BRF:8
BRH:0
end_of_record
TN:
SF:src\validators\richiesteValidators.mjs
FN:10,validateStato
FNF:1
FNH:0
FNDA:0,validateStato
DA:12,0
LF:1
LH:0
BRF:0
BRH:0
end_of_record
TN:
SF:src\validators\utentiValidators.mjs
FN:11,isUsernameValid
FN:22,isEmailValid
FN:33,isPasswordValid
FN:43,isUsernameTaken
FN:55,isEmailTaken
FN:69,verifyPasswordByUsername
FN:87,getUtente
FNF:7
FNH:0
FNDA:0,isUsernameValid
FNDA:0,isEmailValid
FNDA:0,isPasswordValid
FNDA:0,isUsernameTaken
FNDA:0,isEmailTaken
FNDA:0,verifyPasswordByUsername
FNDA:0,getUtente
DA:12,0
DA:14,0
DA:25,0
DA:35,0
DA:44,0
DA:46,0
DA:47,0
DA:56,0
DA:58,0
DA:59,0
DA:70,0
DA:72,0
DA:74,0
DA:77,0
DA:78,0
DA:88,0
DA:90,0
DA:91,0
DA:93,0
DA:94,0
DA:99,1
LF:21
LH:1
BRF:0
BRH:0
end_of_record
